<?xml version="1.0" encoding="UTF-8"?>
<coverage generated="1584059304459" clover="3.2.0">
  <project timestamp="1584059304459" name="All files">
    <metrics statements="1951" coveredstatements="1380" conditionals="932" coveredconditionals="561" methods="327" coveredmethods="205" elements="3210" coveredelements="2146" complexity="0" loc="1951" ncloc="1951" packages="14" files="30" classes="30"/>
    <package name="components.example.helloWorld">
      <metrics statements="8" coveredstatements="8" conditionals="8" coveredconditionals="7" methods="4" coveredmethods="4"/>
      <file name="HelloWorld.jsx" path="/Users/andrew/Workspace/webapp/src/components/example/helloWorld/HelloWorld.jsx">
        <metrics statements="8" coveredstatements="8" conditionals="8" coveredconditionals="7" methods="4" coveredmethods="4"/>
        <line num="16" count="6" type="stmt"/>
        <line num="18" count="6" type="stmt"/>
        <line num="22" count="6" type="stmt"/>
        <line num="33" count="5" type="stmt"/>
        <line num="35" count="5" type="cond" truecount="1" falsecount="1"/>
        <line num="41" count="13" type="stmt"/>
        <line num="55" count="1" type="stmt"/>
        <line num="64" count="1" type="stmt"/>
      </file>
    </package>
    <package name="deprecated.modules.pda.machine">
      <metrics statements="343" coveredstatements="151" conditionals="222" coveredconditionals="80" methods="74" coveredmethods="28"/>
      <file name="PDA.js" path="/Users/andrew/Workspace/webapp/src/deprecated/modules/pda/machine/PDA.js">
        <metrics statements="343" coveredstatements="151" conditionals="222" coveredconditionals="80" methods="74" coveredmethods="28"/>
        <line num="4" count="2" type="stmt"/>
        <line num="5" count="2" type="stmt"/>
        <line num="6" count="2" type="stmt"/>
        <line num="7" count="2" type="stmt"/>
        <line num="9" count="2" type="stmt"/>
        <line num="15" count="77" type="stmt"/>
        <line num="17" count="77" type="stmt"/>
        <line num="18" count="77" type="cond" truecount="2" falsecount="2"/>
        <line num="23" count="0" type="stmt"/>
        <line num="24" count="0" type="stmt"/>
        <line num="25" count="0" type="stmt"/>
        <line num="26" count="0" type="stmt"/>
        <line num="27" count="0" type="stmt"/>
        <line num="30" count="0" type="stmt"/>
        <line num="32" count="8509" type="stmt"/>
        <line num="33" count="0" type="stmt"/>
        <line num="37" count="0" type="stmt"/>
        <line num="45" count="100" type="stmt"/>
        <line num="46" count="100" type="stmt"/>
        <line num="47" count="100" type="stmt"/>
        <line num="52" count="0" type="stmt"/>
        <line num="53" count="0" type="stmt"/>
        <line num="54" count="0" type="stmt"/>
        <line num="56" count="0" type="stmt"/>
        <line num="64" count="0" type="stmt"/>
        <line num="65" count="12085" type="stmt"/>
        <line num="69" count="121" type="stmt"/>
        <line num="70" count="121" type="stmt"/>
        <line num="75" count="21" type="stmt"/>
        <line num="77" count="31" type="cond" truecount="2" falsecount="0"/>
        <line num="79" count="3" type="cond" truecount="3" falsecount="1"/>
        <line num="81" count="0" type="cond" truecount="0" falsecount="4"/>
        <line num="83" count="0" type="stmt"/>
        <line num="88" count="21" type="stmt"/>
        <line num="93" count="8976" type="stmt"/>
        <line num="95" count="12876" type="cond" truecount="2" falsecount="0"/>
        <line num="97" count="1882" type="cond" truecount="4" falsecount="0"/>
        <line num="99" count="529" type="stmt"/>
        <line num="103" count="8976" type="stmt"/>
        <line num="106" count="5279" type="stmt"/>
        <line num="110" count="0" type="stmt"/>
        <line num="111" count="0" type="stmt"/>
        <line num="113" count="0" type="stmt"/>
        <line num="115" count="0" type="stmt"/>
        <line num="123" count="121" type="stmt"/>
        <line num="124" count="121" type="stmt"/>
        <line num="125" count="121" type="stmt"/>
        <line num="128" count="20504" type="stmt"/>
        <line num="129" count="9961" type="stmt"/>
        <line num="130" count="8126" type="stmt"/>
        <line num="134" count="121" type="stmt"/>
        <line num="143" count="14" type="stmt"/>
        <line num="145" count="14" type="stmt"/>
        <line num="146" count="14" type="stmt"/>
        <line num="148" count="14" type="stmt"/>
        <line num="149" count="14" type="stmt"/>
        <line num="150" count="14" type="stmt"/>
        <line num="151" count="14" type="stmt"/>
        <line num="152" count="14" type="stmt"/>
        <line num="154" count="14" type="stmt"/>
        <line num="168" count="0" type="cond" truecount="0" falsecount="2"/>
        <line num="171" count="0" type="stmt"/>
        <line num="174" count="0" type="stmt"/>
        <line num="176" count="0" type="stmt"/>
        <line num="177" count="0" type="stmt"/>
        <line num="180" count="0" type="cond" truecount="0" falsecount="2"/>
        <line num="182" count="0" type="stmt"/>
        <line num="185" count="0" type="cond" truecount="0" falsecount="2"/>
        <line num="187" count="0" type="stmt"/>
        <line num="191" count="0" type="stmt"/>
        <line num="193" count="0" type="stmt"/>
        <line num="196" count="0" type="stmt"/>
        <line num="198" count="0" type="stmt"/>
        <line num="201" count="0" type="stmt"/>
        <line num="203" count="0" type="stmt"/>
        <line num="204" count="0" type="stmt"/>
        <line num="205" count="0" type="stmt"/>
        <line num="206" count="0" type="stmt"/>
        <line num="209" count="0" type="stmt"/>
        <line num="211" count="0" type="stmt"/>
        <line num="214" count="0" type="stmt"/>
        <line num="216" count="0" type="stmt"/>
        <line num="220" count="0" type="stmt"/>
        <line num="223" count="0" type="stmt"/>
        <line num="229" count="0" type="stmt"/>
        <line num="230" count="0" type="stmt"/>
        <line num="231" count="0" type="stmt"/>
        <line num="232" count="0" type="stmt"/>
        <line num="233" count="0" type="stmt"/>
        <line num="234" count="0" type="stmt"/>
        <line num="235" count="0" type="stmt"/>
        <line num="236" count="0" type="stmt"/>
        <line num="238" count="0" type="stmt"/>
        <line num="244" count="0" type="stmt"/>
        <line num="245" count="0" type="stmt"/>
        <line num="247" count="0" type="stmt"/>
        <line num="248" count="0" type="stmt"/>
        <line num="252" count="77" type="stmt"/>
        <line num="257" count="77" type="stmt"/>
        <line num="258" count="77" type="cond" truecount="1" falsecount="1"/>
        <line num="260" count="77" type="cond" truecount="2" falsecount="0"/>
        <line num="262" count="77" type="stmt"/>
        <line num="263" count="77" type="stmt"/>
        <line num="268" count="0" type="stmt"/>
        <line num="269" count="0" type="cond" truecount="0" falsecount="2"/>
        <line num="270" count="0" type="stmt"/>
        <line num="273" count="0" type="cond" truecount="0" falsecount="2"/>
        <line num="275" count="0" type="cond" truecount="0" falsecount="2"/>
        <line num="278" count="0" type="stmt"/>
        <line num="283" count="0" type="stmt"/>
        <line num="287" count="0" type="stmt"/>
        <line num="292" count="0" type="stmt"/>
        <line num="294" count="0" type="cond" truecount="0" falsecount="2"/>
        <line num="296" count="0" type="stmt"/>
        <line num="299" count="0" type="stmt"/>
        <line num="304" count="0" type="stmt"/>
        <line num="306" count="0" type="cond" truecount="0" falsecount="2"/>
        <line num="308" count="0" type="stmt"/>
        <line num="311" count="0" type="stmt"/>
        <line num="316" count="0" type="stmt"/>
        <line num="319" count="242" type="stmt"/>
        <line num="321" count="0" type="stmt"/>
        <line num="323" count="0" type="stmt"/>
        <line num="327" count="121" type="cond" truecount="1" falsecount="1"/>
        <line num="328" count="121" type="cond" truecount="1" falsecount="1"/>
        <line num="329" count="121" type="cond" truecount="1" falsecount="1"/>
        <line num="330" count="121" type="cond" truecount="1" falsecount="1"/>
        <line num="331" count="121" type="cond" truecount="1" falsecount="1"/>
        <line num="333" count="121" type="stmt"/>
        <line num="334" count="121" type="cond" truecount="2" falsecount="0"/>
        <line num="336" count="21" type="stmt"/>
        <line num="337" count="21" type="cond" truecount="1" falsecount="1"/>
        <line num="339" count="21" type="stmt"/>
        <line num="344" count="0" type="stmt"/>
        <line num="349" count="100" type="stmt"/>
        <line num="350" count="100" type="stmt"/>
        <line num="351" count="100" type="stmt"/>
        <line num="355" count="121" type="stmt"/>
        <line num="356" count="121" type="stmt"/>
        <line num="357" count="121" type="stmt"/>
        <line num="358" count="121" type="stmt"/>
        <line num="364" count="0" type="stmt"/>
        <line num="365" count="0" type="cond" truecount="0" falsecount="2"/>
        <line num="367" count="0" type="stmt"/>
        <line num="368" count="0" type="stmt"/>
        <line num="371" count="0" type="cond" truecount="0" falsecount="2"/>
        <line num="373" count="0" type="stmt"/>
        <line num="374" count="0" type="cond" truecount="0" falsecount="2"/>
        <line num="377" count="0" type="stmt"/>
        <line num="379" count="0" type="stmt"/>
        <line num="380" count="0" type="cond" truecount="0" falsecount="2"/>
        <line num="381" count="0" type="stmt"/>
        <line num="385" count="0" type="stmt"/>
        <line num="392" count="0" type="stmt"/>
        <line num="394" count="0" type="stmt"/>
        <line num="398" count="0" type="stmt"/>
        <line num="399" count="0" type="stmt"/>
        <line num="405" count="0" type="stmt"/>
        <line num="406" count="0" type="cond" truecount="0" falsecount="2"/>
        <line num="408" count="0" type="cond" truecount="0" falsecount="2"/>
        <line num="411" count="0" type="stmt"/>
        <line num="416" count="0" type="stmt"/>
        <line num="417" count="0" type="cond" truecount="0" falsecount="2"/>
        <line num="418" count="0" type="stmt"/>
        <line num="421" count="0" type="stmt"/>
        <line num="426" count="121" type="cond" truecount="2" falsecount="0"/>
        <line num="428" count="53" type="cond" truecount="2" falsecount="0"/>
        <line num="429" count="53" type="stmt"/>
        <line num="435" count="242" type="cond" truecount="2" falsecount="0"/>
        <line num="437" count="107" type="cond" truecount="2" falsecount="0"/>
        <line num="438" count="107" type="stmt"/>
        <line num="443" count="0" type="cond" truecount="0" falsecount="2"/>
        <line num="446" count="0" type="cond" truecount="0" falsecount="2"/>
        <line num="448" count="0" type="stmt"/>
        <line num="450" count="0" type="cond" truecount="0" falsecount="2"/>
        <line num="452" count="0" type="cond" truecount="0" falsecount="2"/>
        <line num="455" count="0" type="stmt"/>
        <line num="460" count="0" type="stmt"/>
        <line num="466" count="0" type="stmt"/>
        <line num="472" count="0" type="cond" truecount="0" falsecount="2"/>
        <line num="475" count="0" type="cond" truecount="0" falsecount="2"/>
        <line num="477" count="0" type="stmt"/>
        <line num="479" count="0" type="cond" truecount="0" falsecount="2"/>
        <line num="481" count="0" type="cond" truecount="0" falsecount="2"/>
        <line num="484" count="0" type="stmt"/>
        <line num="489" count="0" type="stmt"/>
        <line num="495" count="0" type="stmt"/>
        <line num="501" count="0" type="cond" truecount="0" falsecount="2"/>
        <line num="502" count="0" type="cond" truecount="0" falsecount="2"/>
        <line num="503" count="0" type="cond" truecount="0" falsecount="2"/>
        <line num="505" count="0" type="stmt"/>
        <line num="510" count="0" type="stmt"/>
        <line num="515" count="0" type="cond" truecount="0" falsecount="2"/>
        <line num="517" count="0" type="cond" truecount="0" falsecount="2"/>
        <line num="519" count="0" type="cond" truecount="0" falsecount="2"/>
        <line num="521" count="0" type="stmt"/>
        <line num="524" count="0" type="cond" truecount="0" falsecount="2"/>
        <line num="529" count="0" type="cond" truecount="0" falsecount="2"/>
        <line num="531" count="0" type="stmt"/>
        <line num="534" count="0" type="cond" truecount="0" falsecount="4"/>
        <line num="541" count="0" type="stmt"/>
        <line num="546" count="0" type="stmt"/>
        <line num="551" count="0" type="stmt"/>
        <line num="556" count="0" type="cond" truecount="0" falsecount="2"/>
        <line num="561" count="0" type="stmt"/>
        <line num="566" count="0" type="stmt"/>
        <line num="573" count="0" type="cond" truecount="0" falsecount="2"/>
        <line num="574" count="0" type="cond" truecount="0" falsecount="2"/>
        <line num="575" count="0" type="cond" truecount="0" falsecount="2"/>
        <line num="577" count="0" type="stmt"/>
        <line num="582" count="0" type="stmt"/>
        <line num="587" count="0" type="cond" truecount="0" falsecount="2"/>
        <line num="589" count="0" type="cond" truecount="0" falsecount="2"/>
        <line num="591" count="0" type="cond" truecount="0" falsecount="2"/>
        <line num="593" count="0" type="stmt"/>
        <line num="596" count="0" type="cond" truecount="0" falsecount="2"/>
        <line num="601" count="0" type="cond" truecount="0" falsecount="2"/>
        <line num="603" count="0" type="stmt"/>
        <line num="606" count="0" type="cond" truecount="0" falsecount="4"/>
        <line num="613" count="0" type="stmt"/>
        <line num="618" count="0" type="stmt"/>
        <line num="623" count="0" type="stmt"/>
        <line num="628" count="0" type="cond" truecount="0" falsecount="2"/>
        <line num="633" count="0" type="stmt"/>
        <line num="638" count="0" type="stmt"/>
        <line num="645" count="14" type="stmt"/>
        <line num="646" count="14" type="cond" truecount="1" falsecount="1"/>
        <line num="649" count="0" type="stmt"/>
        <line num="651" count="14" type="stmt"/>
        <line num="653" count="0" type="stmt"/>
        <line num="654" count="110" type="stmt"/>
        <line num="659" count="16" type="cond" truecount="1" falsecount="1"/>
        <line num="662" count="16" type="cond" truecount="1" falsecount="1"/>
        <line num="664" count="0" type="stmt"/>
        <line num="667" count="16" type="stmt"/>
        <line num="673" count="0" type="cond" truecount="0" falsecount="2"/>
        <line num="675" count="0" type="stmt"/>
        <line num="678" count="299" type="stmt"/>
        <line num="679" count="0" type="stmt"/>
        <line num="683" count="0" type="cond" truecount="0" falsecount="2"/>
        <line num="684" count="0" type="cond" truecount="0" falsecount="2"/>
        <line num="685" count="0" type="cond" truecount="0" falsecount="2"/>
        <line num="687" count="0" type="cond" truecount="0" falsecount="2"/>
        <line num="689" count="0" type="stmt"/>
        <line num="690" count="0" type="stmt"/>
        <line num="692" count="0" type="cond" truecount="0" falsecount="2"/>
        <line num="694" count="0" type="stmt"/>
        <line num="695" count="0" type="stmt"/>
        <line num="697" count="0" type="stmt"/>
        <line num="698" count="0" type="stmt"/>
        <line num="699" count="0" type="stmt"/>
        <line num="700" count="0" type="stmt"/>
        <line num="702" count="0" type="stmt"/>
        <line num="703" count="0" type="stmt"/>
        <line num="704" count="0" type="stmt"/>
        <line num="706" count="0" type="cond" truecount="0" falsecount="2"/>
        <line num="707" count="0" type="cond" truecount="0" falsecount="2"/>
        <line num="709" count="0" type="stmt"/>
        <line num="713" count="0" type="stmt"/>
        <line num="718" count="1826" type="cond" truecount="1" falsecount="1"/>
        <line num="719" count="1826" type="cond" truecount="1" falsecount="1"/>
        <line num="721" count="1826" type="cond" truecount="1" falsecount="1"/>
        <line num="723" count="1826" type="stmt"/>
        <line num="724" count="1826" type="stmt"/>
        <line num="726" count="19602" type="cond" truecount="2" falsecount="0"/>
        <line num="728" count="4488" type="stmt"/>
        <line num="729" count="4488" type="stmt"/>
        <line num="731" count="4488" type="stmt"/>
        <line num="732" count="4488" type="stmt"/>
        <line num="733" count="4488" type="stmt"/>
        <line num="734" count="4488" type="stmt"/>
        <line num="736" count="529" type="stmt"/>
        <line num="737" count="529" type="stmt"/>
        <line num="738" count="529" type="stmt"/>
        <line num="740" count="529" type="cond" truecount="2" falsecount="0"/>
        <line num="742" count="262" type="cond" truecount="2" falsecount="0"/>
        <line num="744" count="4" type="stmt"/>
        <line num="748" count="258" type="stmt"/>
        <line num="752" count="525" type="cond" truecount="2" falsecount="0"/>
        <line num="754" count="525" type="stmt"/>
        <line num="755" count="525" type="stmt"/>
        <line num="758" count="1431" type="stmt"/>
        <line num="759" count="1431" type="stmt"/>
        <line num="761" count="3138" type="cond" truecount="2" falsecount="0"/>
        <line num="763" count="568" type="cond" truecount="2" falsecount="0"/>
        <line num="765" count="50" type="stmt"/>
        <line num="766" count="50" type="stmt"/>
        <line num="770" count="1431" type="cond" truecount="2" falsecount="0"/>
        <line num="776" count="1826" type="stmt"/>
        <line num="781" count="635" type="cond" truecount="1" falsecount="1"/>
        <line num="783" count="635" type="stmt"/>
        <line num="784" count="635" type="stmt"/>
        <line num="786" count="2133" type="stmt"/>
        <line num="787" count="2133" type="stmt"/>
        <line num="788" count="2133" type="stmt"/>
        <line num="789" count="2133" type="stmt"/>
        <line num="790" count="2133" type="stmt"/>
        <line num="792" count="7597" type="stmt"/>
        <line num="793" count="7597" type="stmt"/>
        <line num="794" count="7597" type="stmt"/>
        <line num="796" count="7597" type="cond" truecount="5" falsecount="0"/>
        <line num="800" count="1556" type="stmt"/>
        <line num="801" count="1556" type="stmt"/>
        <line num="802" count="1556" type="cond" truecount="2" falsecount="0"/>
        <line num="803" count="1556" type="cond" truecount="2" falsecount="0"/>
        <line num="806" count="1556" type="stmt"/>
        <line num="807" count="1556" type="stmt"/>
        <line num="809" count="7224" type="cond" truecount="2" falsecount="0"/>
        <line num="811" count="1239" type="cond" truecount="2" falsecount="0"/>
        <line num="813" count="58" type="stmt"/>
        <line num="814" count="58" type="stmt"/>
        <line num="818" count="1556" type="cond" truecount="2" falsecount="0"/>
        <line num="822" count="635" type="stmt"/>
        <line num="827" count="2133" type="cond" truecount="1" falsecount="1"/>
        <line num="828" count="2133" type="cond" truecount="1" falsecount="1"/>
        <line num="830" count="2133" type="stmt"/>
        <line num="831" count="2133" type="stmt"/>
        <line num="833" count="22686" type="cond" truecount="2" falsecount="0"/>
        <line num="835" count="5279" type="stmt"/>
        <line num="836" count="5279" type="stmt"/>
        <line num="837" count="5279" type="stmt"/>
        <line num="839" count="7597" type="stmt"/>
        <line num="850" count="2133" type="stmt"/>
        <line num="855" count="0" type="stmt"/>
        <line num="856" count="0" type="stmt"/>
        <line num="858" count="0" type="stmt"/>
        <line num="860" count="0" type="stmt"/>
        <line num="861" count="0" type="stmt"/>
        <line num="863" count="0" type="stmt"/>
        <line num="865" count="0" type="stmt"/>
        <line num="866" count="0" type="stmt"/>
        <line num="868" count="0" type="stmt"/>
        <line num="870" count="0" type="stmt"/>
        <line num="871" count="0" type="cond" truecount="0" falsecount="2"/>
        <line num="872" count="0" type="stmt"/>
        <line num="878" count="1807" type="stmt"/>
        <line num="879" count="1807" type="stmt"/>
        <line num="881" count="5105" type="stmt"/>
        <line num="883" count="1807" type="stmt"/>
        <line num="885" count="5070" type="stmt"/>
        <line num="886" count="5070" type="cond" truecount="2" falsecount="0"/>
        <line num="887" count="3902" type="stmt"/>
        <line num="889" count="639" type="stmt"/>
      </file>
      <file name="PDAUtils.js" path="/Users/andrew/Workspace/webapp/src/deprecated/modules/pda/machine/PDAUtils.js">
        <metrics statements="0" coveredstatements="0" conditionals="0" coveredconditionals="0" methods="0" coveredmethods="0"/>
      </file>
    </package>
    <package name="deprecated.modules.pda.machine.util">
      <metrics statements="37" coveredstatements="36" conditionals="14" coveredconditionals="12" methods="2" coveredmethods="2"/>
      <file name="SolvePDA.js" path="/Users/andrew/Workspace/webapp/src/deprecated/modules/pda/machine/util/SolvePDA.js">
        <metrics statements="37" coveredstatements="36" conditionals="14" coveredconditionals="12" methods="2" coveredmethods="2"/>
        <line num="1" count="2" type="stmt"/>
        <line num="5" count="110" type="cond" truecount="1" falsecount="1"/>
        <line num="8" count="110" type="stmt"/>
        <line num="9" count="110" type="stmt"/>
        <line num="12" count="110" type="stmt"/>
        <line num="14" count="110" type="stmt"/>
        <line num="16" count="110" type="stmt"/>
        <line num="18" count="702" type="stmt"/>
        <line num="22" count="110" type="stmt"/>
        <line num="25" count="110" type="stmt"/>
        <line num="26" count="110" type="stmt"/>
        <line num="28" count="420" type="stmt"/>
        <line num="29" count="420" type="cond" truecount="2" falsecount="0"/>
        <line num="31" count="53" type="stmt"/>
        <line num="35" count="367" type="stmt"/>
        <line num="36" count="367" type="cond" truecount="1" falsecount="1"/>
        <line num="38" count="0" type="stmt"/>
        <line num="42" count="57" type="stmt"/>
        <line num="51" count="420" type="stmt"/>
        <line num="52" count="420" type="stmt"/>
        <line num="53" count="420" type="stmt"/>
        <line num="54" count="420" type="stmt"/>
        <line num="56" count="420" type="cond" truecount="2" falsecount="0"/>
        <line num="58" count="338" type="stmt"/>
        <line num="61" count="420" type="stmt"/>
        <line num="63" count="2125" type="stmt"/>
        <line num="64" count="2125" type="stmt"/>
        <line num="65" count="2125" type="cond" truecount="2" falsecount="0"/>
        <line num="67" count="2125" type="cond" truecount="2" falsecount="0"/>
        <line num="70" count="1826" type="stmt"/>
        <line num="71" count="1826" type="stmt"/>
        <line num="73" count="1381" type="stmt"/>
        <line num="78" count="299" type="cond" truecount="2" falsecount="0"/>
        <line num="82" count="2072" type="stmt"/>
        <line num="84" count="367" type="stmt"/>
        <line num="85" count="367" type="stmt"/>
        <line num="86" count="367" type="stmt"/>
      </file>
    </package>
    <package name="deprecated.modules.re.loaders">
      <metrics statements="129" coveredstatements="94" conditionals="51" coveredconditionals="30" methods="12" coveredmethods="8"/>
      <file name="REParser.js" path="/Users/andrew/Workspace/webapp/src/deprecated/modules/re/loaders/REParser.js">
        <metrics statements="129" coveredstatements="94" conditionals="51" coveredconditionals="30" methods="12" coveredmethods="8"/>
        <line num="18" count="1" type="stmt"/>
        <line num="19" count="1" type="stmt"/>
        <line num="22" count="1" type="stmt"/>
        <line num="24" count="1" type="stmt"/>
        <line num="36" count="19" type="stmt"/>
        <line num="37" count="19" type="stmt"/>
        <line num="38" count="19" type="stmt"/>
        <line num="39" count="19" type="stmt"/>
        <line num="40" count="19" type="stmt"/>
        <line num="41" count="19" type="stmt"/>
        <line num="46" count="19" type="stmt"/>
        <line num="47" count="19" type="stmt"/>
        <line num="48" count="19" type="stmt"/>
        <line num="49" count="19" type="cond" truecount="1" falsecount="1"/>
        <line num="51" count="0" type="stmt"/>
        <line num="52" count="0" type="stmt"/>
        <line num="54" count="19" type="cond" truecount="1" falsecount="1"/>
        <line num="56" count="19" type="stmt"/>
        <line num="57" count="19" type="stmt"/>
        <line num="58" count="19" type="stmt"/>
        <line num="59" count="19" type="stmt"/>
        <line num="61" count="19" type="stmt"/>
        <line num="63" count="96" type="stmt"/>
        <line num="64" count="96" type="stmt"/>
        <line num="65" count="96" type="cond" truecount="6" falsecount="2"/>
        <line num="68" count="10" type="stmt"/>
        <line num="69" count="10" type="stmt"/>
        <line num="70" count="10" type="stmt"/>
        <line num="72" count="10" type="stmt"/>
        <line num="73" count="10" type="stmt"/>
        <line num="74" count="10" type="stmt"/>
        <line num="76" count="11" type="stmt"/>
        <line num="77" count="11" type="stmt"/>
        <line num="79" count="0" type="stmt"/>
        <line num="80" count="0" type="stmt"/>
        <line num="82" count="12" type="stmt"/>
        <line num="83" count="12" type="stmt"/>
        <line num="85" count="11" type="stmt"/>
        <line num="86" count="11" type="stmt"/>
        <line num="89" count="0" type="stmt"/>
        <line num="93" count="42" type="stmt"/>
        <line num="95" count="42" type="cond" truecount="4" falsecount="1"/>
        <line num="97" count="42" type="stmt"/>
        <line num="107" count="34" type="stmt"/>
        <line num="108" count="34" type="stmt"/>
        <line num="109" count="34" type="stmt"/>
        <line num="110" count="34" type="cond" truecount="2" falsecount="0"/>
        <line num="112" count="17" type="stmt"/>
        <line num="114" count="34" type="stmt"/>
        <line num="116" count="34" type="cond" truecount="2" falsecount="0"/>
        <line num="118" count="17" type="stmt"/>
        <line num="124" count="10" type="cond" truecount="2" falsecount="0"/>
        <line num="126" count="9" type="stmt"/>
        <line num="127" count="9" type="stmt"/>
        <line num="128" count="9" type="stmt"/>
        <line num="132" count="1" type="stmt"/>
        <line num="133" count="1" type="stmt"/>
        <line num="134" count="1" type="stmt"/>
        <line num="135" count="1" type="stmt"/>
        <line num="137" count="10" type="stmt"/>
        <line num="142" count="11" type="stmt"/>
        <line num="143" count="11" type="stmt"/>
        <line num="144" count="11" type="stmt"/>
        <line num="145" count="11" type="stmt"/>
        <line num="146" count="11" type="stmt"/>
        <line num="151" count="23" type="cond" truecount="2" falsecount="0"/>
        <line num="153" count="8" type="stmt"/>
        <line num="154" count="8" type="stmt"/>
        <line num="155" count="8" type="stmt"/>
        <line num="156" count="8" type="stmt"/>
        <line num="163" count="15" type="stmt"/>
        <line num="164" count="15" type="stmt"/>
        <line num="165" count="15" type="stmt"/>
        <line num="166" count="15" type="cond" truecount="2" falsecount="0"/>
        <line num="169" count="8" type="cond" truecount="2" falsecount="0"/>
        <line num="170" count="8" type="stmt"/>
        <line num="172" count="7" type="cond" truecount="2" falsecount="0"/>
        <line num="173" count="7" type="stmt"/>
        <line num="175" count="15" type="cond" truecount="2" falsecount="0"/>
        <line num="177" count="4" type="stmt"/>
        <line num="178" count="4" type="stmt"/>
        <line num="179" count="4" type="stmt"/>
        <line num="180" count="4" type="stmt"/>
        <line num="181" count="4" type="stmt"/>
        <line num="185" count="11" type="stmt"/>
        <line num="186" count="11" type="stmt"/>
        <line num="187" count="11" type="stmt"/>
        <line num="188" count="11" type="stmt"/>
        <line num="191" count="23" type="stmt"/>
        <line num="196" count="42" type="cond" truecount="2" falsecount="0"/>
        <line num="198" count="10" type="stmt"/>
        <line num="199" count="10" type="stmt"/>
        <line num="200" count="10" type="stmt"/>
        <line num="204" count="32" type="stmt"/>
        <line num="205" count="32" type="stmt"/>
        <line num="206" count="32" type="stmt"/>
        <line num="207" count="32" type="stmt"/>
        <line num="209" count="42" type="stmt"/>
        <line num="225" count="0" type="cond" truecount="0" falsecount="2"/>
        <line num="227" count="0" type="stmt"/>
        <line num="229" count="0" type="cond" truecount="0" falsecount="4"/>
        <line num="231" count="0" type="stmt"/>
        <line num="232" count="0" type="stmt"/>
        <line num="235" count="0" type="cond" truecount="0" falsecount="2"/>
        <line num="237" count="0" type="stmt"/>
        <line num="241" count="0" type="stmt"/>
        <line num="242" count="0" type="stmt"/>
        <line num="247" count="0" type="stmt"/>
        <line num="270" count="0" type="stmt"/>
        <line num="271" count="0" type="stmt"/>
        <line num="272" count="0" type="stmt"/>
        <line num="274" count="0" type="cond" truecount="0" falsecount="4"/>
        <line num="276" count="0" type="stmt"/>
        <line num="277" count="0" type="stmt"/>
        <line num="278" count="0" type="stmt"/>
        <line num="281" count="0" type="cond" truecount="0" falsecount="4"/>
        <line num="283" count="0" type="stmt"/>
        <line num="284" count="0" type="stmt"/>
        <line num="285" count="0" type="stmt"/>
        <line num="290" count="0" type="stmt"/>
        <line num="300" count="0" type="stmt"/>
        <line num="301" count="0" type="stmt"/>
        <line num="303" count="0" type="stmt"/>
        <line num="305" count="0" type="stmt"/>
        <line num="314" count="0" type="stmt"/>
        <line num="315" count="0" type="stmt"/>
        <line num="317" count="0" type="stmt"/>
        <line num="319" count="0" type="stmt"/>
        <line num="324" count="1" type="stmt"/>
      </file>
    </package>
    <package name="deprecated.modules.re.machine">
      <metrics statements="74" coveredstatements="47" conditionals="51" coveredconditionals="35" methods="16" coveredmethods="8"/>
      <file name="RE.js" path="/Users/andrew/Workspace/webapp/src/deprecated/modules/re/machine/RE.js">
        <metrics statements="74" coveredstatements="47" conditionals="51" coveredconditionals="35" methods="16" coveredmethods="8"/>
        <line num="3" count="4" type="stmt"/>
        <line num="4" count="4" type="stmt"/>
        <line num="5" count="4" type="stmt"/>
        <line num="6" count="4" type="stmt"/>
        <line num="7" count="4" type="stmt"/>
        <line num="8" count="4" type="stmt"/>
        <line num="9" count="4" type="stmt"/>
        <line num="15" count="19" type="stmt"/>
        <line num="16" count="19" type="stmt"/>
        <line num="17" count="19" type="stmt"/>
        <line num="30" count="0" type="cond" truecount="0" falsecount="2"/>
        <line num="33" count="0" type="stmt"/>
        <line num="35" count="0" type="stmt"/>
        <line num="38" count="0" type="stmt"/>
        <line num="40" count="0" type="stmt"/>
        <line num="44" count="0" type="stmt"/>
        <line num="47" count="0" type="stmt"/>
        <line num="53" count="0" type="stmt"/>
        <line num="54" count="0" type="stmt"/>
        <line num="55" count="0" type="stmt"/>
        <line num="61" count="0" type="stmt"/>
        <line num="63" count="0" type="stmt"/>
        <line num="65" count="0" type="cond" truecount="0" falsecount="2"/>
        <line num="67" count="0" type="stmt"/>
        <line num="72" count="0" type="stmt"/>
        <line num="75" count="0" type="stmt"/>
        <line num="79" count="0" type="stmt"/>
        <line num="83" count="0" type="stmt"/>
        <line num="88" count="42" type="stmt"/>
        <line num="92" count="0" type="stmt"/>
        <line num="96" count="0" type="stmt"/>
        <line num="100" count="19" type="stmt"/>
        <line num="105" count="19" type="stmt"/>
        <line num="106" count="19" type="stmt"/>
        <line num="107" count="19" type="stmt"/>
        <line num="109" count="96" type="cond" truecount="2" falsecount="0"/>
        <line num="110" count="10" type="stmt"/>
        <line num="111" count="86" type="cond" truecount="2" falsecount="0"/>
        <line num="112" count="10" type="stmt"/>
        <line num="113" count="96" type="cond" truecount="1" falsecount="1"/>
        <line num="114" count="0" type="stmt"/>
        <line num="116" count="19" type="stmt"/>
        <line num="121" count="19" type="stmt"/>
        <line num="122" count="19" type="cond" truecount="3" falsecount="1"/>
        <line num="124" count="19" type="cond" truecount="1" falsecount="1"/>
        <line num="125" count="0" type="stmt"/>
        <line num="126" count="19" type="cond" truecount="0" falsecount="5"/>
        <line num="134" count="0" type="stmt"/>
        <line num="136" count="19" type="stmt"/>
        <line num="138" count="77" type="stmt"/>
        <line num="139" count="77" type="stmt"/>
        <line num="140" count="77" type="cond" truecount="5" falsecount="0"/>
        <line num="145" count="23" type="cond" truecount="1" falsecount="1"/>
        <line num="146" count="0" type="stmt"/>
        <line num="152" count="44" type="cond" truecount="4" falsecount="1"/>
        <line num="153" count="0" type="stmt"/>
        <line num="155" count="44" type="cond" truecount="4" falsecount="1"/>
        <line num="156" count="0" type="stmt"/>
        <line num="157" count="44" type="stmt"/>
        <line num="160" count="19" type="stmt"/>
        <line num="165" count="19" type="stmt"/>
        <line num="166" count="19" type="stmt"/>
        <line num="167" count="19" type="stmt"/>
        <line num="169" count="84" type="stmt"/>
        <line num="170" count="84" type="stmt"/>
        <line num="171" count="84" type="cond" truecount="2" falsecount="0"/>
        <line num="173" count="65" type="stmt"/>
        <line num="174" count="65" type="cond" truecount="10" falsecount="0"/>
        <line num="177" count="12" type="stmt"/>
        <line num="181" count="19" type="stmt"/>
        <line num="187" count="57" type="stmt"/>
        <line num="188" count="57" type="stmt"/>
        <line num="193" count="114" type="stmt"/>
        <line num="198" count="0" type="stmt"/>
      </file>
      <file name="REUtils.js" path="/Users/andrew/Workspace/webapp/src/deprecated/modules/re/machine/REUtils.js">
        <metrics statements="0" coveredstatements="0" conditionals="0" coveredconditionals="0" methods="0" coveredmethods="0"/>
      </file>
    </package>
    <package name="deprecated.modules.re.machine.util">
      <metrics statements="147" coveredstatements="127" conditionals="57" coveredconditionals="42" methods="9" coveredmethods="6"/>
      <file name="ConvertRE.js" path="/Users/andrew/Workspace/webapp/src/deprecated/modules/re/machine/util/ConvertRE.js">
        <metrics statements="147" coveredstatements="127" conditionals="57" coveredconditionals="42" methods="9" coveredmethods="6"/>
        <line num="21" count="19" type="stmt"/>
        <line num="22" count="19" type="stmt"/>
        <line num="23" count="19" type="stmt"/>
        <line num="30" count="86" type="cond" truecount="2" falsecount="0"/>
        <line num="32" count="42" type="cond" truecount="1" falsecount="2"/>
        <line num="35" count="0" type="stmt"/>
        <line num="37" count="0" type="stmt"/>
        <line num="39" count="42" type="stmt"/>
        <line num="42" count="44" type="cond" truecount="4" falsecount="2"/>
        <line num="45" count="11" type="stmt"/>
        <line num="47" count="0" type="stmt"/>
        <line num="49" count="12" type="stmt"/>
        <line num="51" count="11" type="stmt"/>
        <line num="53" count="10" type="stmt"/>
        <line num="55" count="0" type="stmt"/>
        <line num="62" count="0" type="stmt"/>
        <line num="63" count="0" type="stmt"/>
        <line num="64" count="0" type="stmt"/>
        <line num="65" count="0" type="stmt"/>
        <line num="72" count="0" type="stmt"/>
        <line num="73" count="0" type="stmt"/>
        <line num="75" count="0" type="cond" truecount="0" falsecount="2"/>
        <line num="77" count="0" type="stmt"/>
        <line num="80" count="0" type="stmt"/>
        <line num="82" count="0" type="stmt"/>
        <line num="85" count="0" type="stmt"/>
        <line num="87" count="0" type="stmt"/>
        <line num="88" count="0" type="stmt"/>
        <line num="90" count="0" type="stmt"/>
        <line num="98" count="42" type="cond" truecount="1" falsecount="1"/>
        <line num="100" count="0" type="stmt"/>
        <line num="102" count="42" type="stmt"/>
        <line num="103" count="42" type="stmt"/>
        <line num="104" count="42" type="stmt"/>
        <line num="105" count="42" type="stmt"/>
        <line num="106" count="42" type="stmt"/>
        <line num="107" count="42" type="stmt"/>
        <line num="108" count="42" type="stmt"/>
        <line num="113" count="12" type="stmt"/>
        <line num="114" count="12" type="stmt"/>
        <line num="116" count="12" type="stmt"/>
        <line num="117" count="12" type="stmt"/>
        <line num="119" count="12" type="stmt"/>
        <line num="121" count="34" type="stmt"/>
        <line num="122" count="34" type="stmt"/>
        <line num="123" count="34" type="cond" truecount="2" falsecount="0"/>
        <line num="127" count="12" type="stmt"/>
        <line num="128" count="12" type="stmt"/>
        <line num="129" count="12" type="stmt"/>
        <line num="130" count="12" type="stmt"/>
        <line num="132" count="28" type="stmt"/>
        <line num="133" count="28" type="stmt"/>
        <line num="134" count="28" type="cond" truecount="2" falsecount="0"/>
        <line num="136" count="28" type="cond" truecount="2" falsecount="0"/>
        <line num="138" count="12" type="stmt"/>
        <line num="142" count="12" type="stmt"/>
        <line num="143" count="12" type="stmt"/>
        <line num="145" count="25" type="stmt"/>
        <line num="146" count="25" type="stmt"/>
        <line num="147" count="25" type="cond" truecount="3" falsecount="1"/>
        <line num="148" count="25" type="stmt"/>
        <line num="150" count="25" type="stmt"/>
        <line num="154" count="12" type="stmt"/>
        <line num="156" count="12" type="stmt"/>
        <line num="157" count="12" type="stmt"/>
        <line num="160" count="12" type="stmt"/>
        <line num="161" count="12" type="stmt"/>
        <line num="163" count="20" type="stmt"/>
        <line num="164" count="20" type="stmt"/>
        <line num="165" count="20" type="cond" truecount="3" falsecount="1"/>
        <line num="166" count="20" type="stmt"/>
        <line num="168" count="20" type="stmt"/>
        <line num="172" count="12" type="stmt"/>
        <line num="173" count="12" type="cond" truecount="1" falsecount="1"/>
        <line num="174" count="12" type="stmt"/>
        <line num="179" count="11" type="stmt"/>
        <line num="180" count="11" type="stmt"/>
        <line num="182" count="11" type="stmt"/>
        <line num="184" count="11" type="stmt"/>
        <line num="185" count="11" type="stmt"/>
        <line num="186" count="11" type="stmt"/>
        <line num="187" count="11" type="stmt"/>
        <line num="189" count="58" type="stmt"/>
        <line num="190" count="58" type="stmt"/>
        <line num="192" count="58" type="cond" truecount="2" falsecount="0"/>
        <line num="193" count="58" type="stmt"/>
        <line num="195" count="11" type="stmt"/>
        <line num="197" count="11" type="stmt"/>
        <line num="199" count="11" type="stmt"/>
        <line num="200" count="11" type="stmt"/>
        <line num="202" count="56" type="stmt"/>
        <line num="203" count="56" type="stmt"/>
        <line num="204" count="56" type="cond" truecount="3" falsecount="1"/>
        <line num="205" count="56" type="stmt"/>
        <line num="207" count="56" type="stmt"/>
        <line num="211" count="11" type="stmt"/>
        <line num="212" count="11" type="stmt"/>
        <line num="213" count="11" type="stmt"/>
        <line num="215" count="11" type="stmt"/>
        <line num="216" count="11" type="stmt"/>
        <line num="217" count="11" type="stmt"/>
        <line num="222" count="0" type="stmt"/>
        <line num="227" count="11" type="stmt"/>
        <line num="228" count="11" type="stmt"/>
        <line num="230" count="11" type="stmt"/>
        <line num="232" count="11" type="stmt"/>
        <line num="233" count="11" type="stmt"/>
        <line num="234" count="11" type="stmt"/>
        <line num="235" count="11" type="stmt"/>
        <line num="237" count="30" type="stmt"/>
        <line num="238" count="30" type="stmt"/>
        <line num="239" count="30" type="cond" truecount="2" falsecount="0"/>
        <line num="241" count="30" type="cond" truecount="2" falsecount="0"/>
        <line num="243" count="11" type="stmt"/>
        <line num="247" count="11" type="stmt"/>
        <line num="248" count="11" type="stmt"/>
        <line num="249" count="11" type="stmt"/>
        <line num="250" count="11" type="stmt"/>
        <line num="252" count="42" type="stmt"/>
        <line num="253" count="42" type="stmt"/>
        <line num="254" count="42" type="cond" truecount="2" falsecount="0"/>
        <line num="256" count="42" type="cond" truecount="2" falsecount="0"/>
        <line num="258" count="11" type="stmt"/>
        <line num="262" count="11" type="stmt"/>
        <line num="265" count="11" type="stmt"/>
        <line num="266" count="11" type="stmt"/>
        <line num="267" count="11" type="stmt"/>
        <line num="269" count="20" type="stmt"/>
        <line num="270" count="20" type="stmt"/>
        <line num="271" count="20" type="cond" truecount="3" falsecount="1"/>
        <line num="272" count="20" type="stmt"/>
        <line num="274" count="20" type="stmt"/>
        <line num="277" count="11" type="cond" truecount="1" falsecount="1"/>
        <line num="279" count="11" type="stmt"/>
        <line num="283" count="11" type="stmt"/>
        <line num="284" count="11" type="stmt"/>
        <line num="285" count="11" type="stmt"/>
        <line num="287" count="38" type="stmt"/>
        <line num="288" count="38" type="stmt"/>
        <line num="289" count="38" type="cond" truecount="3" falsecount="1"/>
        <line num="290" count="38" type="stmt"/>
        <line num="292" count="38" type="stmt"/>
        <line num="295" count="11" type="cond" truecount="1" falsecount="1"/>
        <line num="297" count="11" type="stmt"/>
        <line num="300" count="11" type="stmt"/>
        <line num="301" count="11" type="stmt"/>
        <line num="302" count="11" type="stmt"/>
      </file>
    </package>
    <package name="experimental.modules.cfg.machine">
      <metrics statements="142" coveredstatements="109" conditionals="53" coveredconditionals="45" methods="46" coveredmethods="35"/>
      <file name="CFG.js" path="/Users/andrew/Workspace/webapp/src/experimental/modules/cfg/machine/CFG.js">
        <metrics statements="142" coveredstatements="109" conditionals="53" coveredconditionals="45" methods="46" coveredmethods="35"/>
        <line num="5" count="3" type="stmt"/>
        <line num="22" count="1405" type="stmt"/>
        <line num="23" count="1405" type="stmt"/>
        <line num="34" count="66" type="stmt"/>
        <line num="35" count="66" type="stmt"/>
        <line num="40" count="0" type="stmt"/>
        <line num="44" count="1371" type="stmt"/>
        <line num="49" count="0" type="stmt"/>
        <line num="53" count="1312" type="stmt"/>
        <line num="63" count="8" type="stmt"/>
        <line num="64" count="8" type="stmt"/>
        <line num="65" count="8" type="stmt"/>
        <line num="67" count="15" type="stmt"/>
        <line num="69" count="8" type="stmt"/>
        <line num="76" count="1231" type="stmt"/>
        <line num="81" count="0" type="stmt"/>
        <line num="93" count="236" type="cond" truecount="2" falsecount="0"/>
        <line num="105" count="124" type="stmt"/>
        <line num="119" count="80" type="stmt"/>
        <line num="120" count="80" type="stmt"/>
        <line num="121" count="80" type="stmt"/>
        <line num="124" count="46" type="cond" truecount="2" falsecount="0"/>
        <line num="126" count="16" type="stmt"/>
        <line num="127" count="16" type="stmt"/>
        <line num="131" count="30" type="cond" truecount="2" falsecount="0"/>
        <line num="133" count="26" type="stmt"/>
        <line num="137" count="30" type="stmt"/>
        <line num="139" count="80" type="stmt"/>
        <line num="159" count="38" type="stmt"/>
        <line num="160" count="38" type="stmt"/>
        <line num="161" count="38" type="stmt"/>
        <line num="162" count="38" type="stmt"/>
        <line num="163" count="38" type="stmt"/>
        <line num="175" count="12" type="stmt"/>
        <line num="176" count="12" type="stmt"/>
        <line num="177" count="12" type="stmt"/>
        <line num="178" count="12" type="stmt"/>
        <line num="180" count="66" type="stmt"/>
        <line num="181" count="66" type="stmt"/>
        <line num="182" count="66" type="stmt"/>
        <line num="184" count="12" type="stmt"/>
        <line num="185" count="12" type="stmt"/>
        <line num="186" count="12" type="stmt"/>
        <line num="188" count="1" type="stmt"/>
        <line num="197" count="0" type="stmt"/>
        <line num="198" count="0" type="stmt"/>
        <line num="199" count="0" type="stmt"/>
        <line num="200" count="0" type="stmt"/>
        <line num="201" count="0" type="stmt"/>
        <line num="212" count="84" type="cond" truecount="1" falsecount="1"/>
        <line num="214" count="0" type="stmt"/>
        <line num="218" count="84" type="stmt"/>
        <line num="220" count="1050" type="stmt"/>
        <line num="222" count="84" type="stmt"/>
        <line num="223" count="84" type="stmt"/>
        <line num="224" count="84" type="stmt"/>
        <line num="226" count="1027" type="stmt"/>
        <line num="228" count="1027" type="cond" truecount="2" falsecount="0"/>
        <line num="230" count="2" type="stmt"/>
        <line num="232" count="1027" type="stmt"/>
        <line num="236" count="84" type="stmt"/>
        <line num="238" count="1027" type="stmt"/>
        <line num="240" count="84" type="stmt"/>
        <line num="255" count="4" type="stmt"/>
        <line num="257" count="4" type="stmt"/>
        <line num="259" count="8" type="cond" truecount="1" falsecount="1"/>
        <line num="261" count="0" type="stmt"/>
        <line num="265" count="4" type="cond" truecount="1" falsecount="1"/>
        <line num="267" count="0" type="stmt"/>
        <line num="271" count="4" type="stmt"/>
        <line num="272" count="4" type="stmt"/>
        <line num="274" count="8" type="cond" truecount="2" falsecount="0"/>
        <line num="276" count="5" type="stmt"/>
        <line num="279" count="4" type="cond" truecount="1" falsecount="1"/>
        <line num="281" count="0" type="stmt"/>
        <line num="284" count="4" type="cond" truecount="1" falsecount="1"/>
        <line num="286" count="0" type="stmt"/>
        <line num="290" count="7" type="stmt"/>
        <line num="291" count="4" type="cond" truecount="1" falsecount="1"/>
        <line num="293" count="0" type="stmt"/>
        <line num="297" count="4" type="stmt"/>
        <line num="307" count="4" type="stmt"/>
        <line num="317" count="0" type="stmt"/>
        <line num="328" count="8" type="cond" truecount="2" falsecount="0"/>
        <line num="331" count="8" type="stmt"/>
        <line num="332" count="8" type="stmt"/>
        <line num="334" count="39" type="cond" truecount="4" falsecount="0"/>
        <line num="336" count="26" type="cond" truecount="3" falsecount="0"/>
        <line num="339" count="8" type="cond" truecount="2" falsecount="0"/>
        <line num="350" count="4" type="stmt"/>
        <line num="351" count="4" type="stmt"/>
        <line num="353" count="8" type="stmt"/>
        <line num="355" count="4" type="cond" truecount="1" falsecount="1"/>
        <line num="357" count="4" type="stmt"/>
        <line num="359" count="4" type="stmt"/>
        <line num="377" count="34" type="stmt"/>
        <line num="378" count="34" type="stmt"/>
        <line num="381" count="34" type="stmt"/>
        <line num="383" count="61" type="cond" truecount="5" falsecount="0"/>
        <line num="385" count="15" type="stmt"/>
        <line num="388" count="34" type="stmt"/>
        <line num="399" count="23" type="stmt"/>
        <line num="401" count="221" type="stmt"/>
        <line num="413" count="21" type="stmt"/>
        <line num="415" count="124" type="cond" truecount="2" falsecount="0"/>
        <line num="417" count="14" type="stmt"/>
        <line num="420" count="7" type="stmt"/>
        <line num="431" count="10" type="stmt"/>
        <line num="433" count="100" type="cond" truecount="2" falsecount="0"/>
        <line num="435" count="8" type="stmt"/>
        <line num="438" count="2" type="stmt"/>
        <line num="450" count="5" type="stmt"/>
        <line num="452" count="10" type="cond" truecount="2" falsecount="0"/>
        <line num="454" count="4" type="stmt"/>
        <line num="457" count="1" type="stmt"/>
        <line num="467" count="92" type="stmt"/>
        <line num="475" count="0" type="stmt"/>
        <line num="484" count="34" type="stmt"/>
        <line num="494" count="0" type="stmt"/>
        <line num="505" count="639" type="stmt"/>
        <line num="515" count="190" type="stmt"/>
        <line num="523" count="0" type="stmt"/>
        <line num="533" count="15" type="stmt"/>
        <line num="543" count="0" type="stmt"/>
        <line num="554" count="13" type="stmt"/>
        <line num="564" count="44" type="stmt"/>
        <line num="572" count="0" type="stmt"/>
        <line num="582" count="2" type="stmt"/>
        <line num="592" count="77" type="stmt"/>
        <line num="601" count="0" type="stmt"/>
        <line num="602" count="0" type="stmt"/>
        <line num="604" count="0" type="stmt"/>
        <line num="606" count="0" type="stmt"/>
        <line num="607" count="0" type="stmt"/>
        <line num="609" count="0" type="stmt"/>
        <line num="611" count="0" type="stmt"/>
        <line num="612" count="0" type="stmt"/>
        <line num="614" count="0" type="stmt"/>
        <line num="616" count="0" type="stmt"/>
        <line num="617" count="0" type="stmt"/>
        <line num="618" count="0" type="stmt"/>
        <line num="619" count="0" type="stmt"/>
      </file>
    </package>
    <package name="experimental.modules.cfg.machine.util">
      <metrics statements="262" coveredstatements="207" conditionals="75" coveredconditionals="61" methods="24" coveredmethods="19"/>
      <file name="ConvertCFG.js" path="/Users/andrew/Workspace/webapp/src/experimental/modules/cfg/machine/util/ConvertCFG.js">
        <metrics statements="37" coveredstatements="37" conditionals="6" coveredconditionals="5" methods="2" coveredmethods="2"/>
        <line num="16" count="4" type="cond" truecount="1" falsecount="1"/>
        <line num="19" count="4" type="stmt"/>
        <line num="21" count="4" type="stmt"/>
        <line num="22" count="4" type="stmt"/>
        <line num="23" count="4" type="stmt"/>
        <line num="24" count="4" type="stmt"/>
        <line num="25" count="4" type="stmt"/>
        <line num="26" count="4" type="stmt"/>
        <line num="29" count="4" type="stmt"/>
        <line num="32" count="4" type="stmt"/>
        <line num="36" count="4" type="stmt"/>
        <line num="38" count="15" type="stmt"/>
        <line num="39" count="15" type="stmt"/>
        <line num="42" count="15" type="cond" truecount="2" falsecount="0"/>
        <line num="44" count="6" type="stmt"/>
        <line num="45" count="6" type="stmt"/>
        <line num="46" count="6" type="stmt"/>
        <line num="50" count="9" type="stmt"/>
        <line num="51" count="9" type="stmt"/>
        <line num="52" count="9" type="stmt"/>
        <line num="54" count="9" type="stmt"/>
        <line num="56" count="9" type="stmt"/>
        <line num="58" count="8" type="stmt"/>
        <line num="59" count="8" type="stmt"/>
        <line num="60" count="8" type="stmt"/>
        <line num="61" count="8" type="stmt"/>
        <line num="64" count="9" type="stmt"/>
        <line num="65" count="9" type="stmt"/>
        <line num="70" count="4" type="stmt"/>
        <line num="72" count="8" type="stmt"/>
        <line num="76" count="4" type="stmt"/>
        <line num="78" count="4" type="stmt"/>
        <line num="79" count="4" type="stmt"/>
        <line num="81" count="4" type="stmt"/>
        <line num="86" count="32" type="cond" truecount="2" falsecount="0"/>
        <line num="88" count="6" type="stmt"/>
        <line num="92" count="26" type="stmt"/>
      </file>
      <file name="ConvertCFGtoChomsky.js" path="/Users/andrew/Workspace/webapp/src/experimental/modules/cfg/machine/util/ConvertCFGtoChomsky.js">
        <metrics statements="146" coveredstatements="91" conditionals="38" coveredconditionals="25" methods="16" coveredmethods="11"/>
        <line num="33" count="0" type="stmt"/>
        <line num="34" count="0" type="stmt"/>
        <line num="36" count="0" type="stmt"/>
        <line num="37" count="0" type="stmt"/>
        <line num="38" count="0" type="stmt"/>
        <line num="39" count="0" type="stmt"/>
        <line num="40" count="0" type="stmt"/>
        <line num="63" count="2" type="stmt"/>
        <line num="64" count="2" type="stmt"/>
        <line num="66" count="2" type="stmt"/>
        <line num="67" count="2" type="stmt"/>
        <line num="68" count="2" type="stmt"/>
        <line num="95" count="7" type="stmt"/>
        <line num="96" count="7" type="stmt"/>
        <line num="97" count="7" type="stmt"/>
        <line num="99" count="31" type="stmt"/>
        <line num="100" count="31" type="stmt"/>
        <line num="104" count="7" type="stmt"/>
        <line num="105" count="7" type="stmt"/>
        <line num="108" count="14" type="stmt"/>
        <line num="110" count="14" type="cond" truecount="1" falsecount="1"/>
        <line num="112" count="14" type="stmt"/>
        <line num="113" count="14" type="cond" truecount="2" falsecount="0"/>
        <line num="115" count="4" type="stmt"/>
        <line num="116" count="4" type="stmt"/>
        <line num="117" count="4" type="stmt"/>
        <line num="120" count="10" type="stmt"/>
        <line num="122" count="76" type="stmt"/>
        <line num="124" count="76" type="stmt"/>
        <line num="126" count="76" type="stmt"/>
        <line num="128" count="10" type="stmt"/>
        <line num="131" count="10" type="stmt"/>
        <line num="134" count="7" type="stmt"/>
        <line num="135" count="7" type="stmt"/>
        <line num="159" count="81" type="cond" truecount="2" falsecount="0"/>
        <line num="161" count="4" type="cond" truecount="2" falsecount="0"/>
        <line num="163" count="1" type="stmt"/>
        <line num="165" count="3" type="stmt"/>
        <line num="168" count="77" type="stmt"/>
        <line num="169" count="77" type="stmt"/>
        <line num="170" count="77" type="cond" truecount="2" falsecount="0"/>
        <line num="174" count="20" type="stmt"/>
        <line num="178" count="60" type="stmt"/>
        <line num="181" count="60" type="stmt"/>
        <line num="182" count="60" type="stmt"/>
        <line num="184" count="144" type="cond" truecount="2" falsecount="0"/>
        <line num="188" count="90" type="stmt"/>
        <line num="192" count="60" type="stmt"/>
        <line num="195" count="77" type="stmt"/>
        <line num="209" count="14" type="stmt"/>
        <line num="210" count="14" type="stmt"/>
        <line num="212" count="33" type="cond" truecount="4" falsecount="0"/>
        <line num="215" count="10" type="stmt"/>
        <line num="216" count="10" type="stmt"/>
        <line num="220" count="14" type="cond" truecount="2" falsecount="0"/>
        <line num="222" count="10" type="stmt"/>
        <line num="227" count="4" type="stmt"/>
        <line num="229" count="5" type="stmt"/>
        <line num="230" count="5" type="stmt"/>
        <line num="232" count="5" type="cond" truecount="2" falsecount="0"/>
        <line num="234" count="1" type="stmt"/>
        <line num="236" count="5" type="stmt"/>
        <line num="241" count="4" type="stmt"/>
        <line num="242" count="4" type="stmt"/>
        <line num="269" count="2" type="stmt"/>
        <line num="270" count="2" type="stmt"/>
        <line num="272" count="2" type="stmt"/>
        <line num="274" count="25" type="stmt"/>
        <line num="276" count="2" type="stmt"/>
        <line num="278" count="25" type="cond" truecount="1" falsecount="1"/>
        <line num="280" count="25" type="stmt"/>
        <line num="282" count="25" type="stmt"/>
        <line num="285" count="2" type="stmt"/>
        <line num="286" count="2" type="stmt"/>
        <line num="288" count="8" type="stmt"/>
        <line num="290" count="8" type="cond" truecount="1" falsecount="1"/>
        <line num="294" count="8" type="stmt"/>
        <line num="296" count="115" type="stmt"/>
        <line num="300" count="8" type="stmt"/>
        <line num="302" count="32" type="stmt"/>
        <line num="303" count="32" type="cond" truecount="1" falsecount="1"/>
        <line num="305" count="32" type="stmt"/>
        <line num="309" count="8" type="stmt"/>
        <line num="310" count="8" type="stmt"/>
        <line num="312" count="8" type="stmt"/>
        <line num="314" count="2" type="stmt"/>
        <line num="339" count="0" type="stmt"/>
        <line num="340" count="0" type="stmt"/>
        <line num="344" count="0" type="stmt"/>
        <line num="346" count="0" type="stmt"/>
        <line num="347" count="0" type="stmt"/>
        <line num="348" count="0" type="stmt"/>
        <line num="352" count="0" type="stmt"/>
        <line num="358" count="0" type="stmt"/>
        <line num="360" count="0" type="stmt"/>
        <line num="361" count="0" type="stmt"/>
        <line num="362" count="0" type="stmt"/>
        <line num="364" count="0" type="stmt"/>
        <line num="367" count="0" type="stmt"/>
        <line num="384" count="0" type="stmt"/>
        <line num="385" count="0" type="stmt"/>
        <line num="386" count="0" type="stmt"/>
        <line num="387" count="0" type="stmt"/>
        <line num="388" count="0" type="stmt"/>
        <line num="390" count="0" type="cond" truecount="0" falsecount="2"/>
        <line num="392" count="0" type="stmt"/>
        <line num="394" count="0" type="stmt"/>
        <line num="398" count="0" type="stmt"/>
        <line num="401" count="0" type="stmt"/>
        <line num="403" count="0" type="stmt"/>
        <line num="404" count="0" type="stmt"/>
        <line num="406" count="0" type="cond" truecount="0" falsecount="2"/>
        <line num="408" count="0" type="stmt"/>
        <line num="409" count="0" type="stmt"/>
        <line num="410" count="0" type="stmt"/>
        <line num="411" count="0" type="stmt"/>
        <line num="415" count="0" type="stmt"/>
        <line num="417" count="0" type="stmt"/>
        <line num="418" count="0" type="stmt"/>
        <line num="421" count="0" type="stmt"/>
        <line num="422" count="0" type="stmt"/>
        <line num="423" count="0" type="cond" truecount="0" falsecount="2"/>
        <line num="425" count="0" type="stmt"/>
        <line num="426" count="0" type="stmt"/>
        <line num="428" count="0" type="stmt"/>
        <line num="430" count="0" type="cond" truecount="0" falsecount="2"/>
        <line num="432" count="0" type="stmt"/>
        <line num="433" count="0" type="stmt"/>
        <line num="435" count="0" type="stmt"/>
        <line num="439" count="0" type="stmt"/>
        <line num="442" count="0" type="stmt"/>
        <line num="443" count="0" type="stmt"/>
        <line num="446" count="0" type="stmt"/>
        <line num="447" count="0" type="stmt"/>
        <line num="466" count="2" type="stmt"/>
        <line num="467" count="2" type="stmt"/>
        <line num="468" count="2" type="stmt"/>
        <line num="469" count="2" type="stmt"/>
        <line num="470" count="2" type="stmt"/>
        <line num="472" count="12" type="stmt"/>
        <line num="473" count="12" type="stmt"/>
        <line num="474" count="12" type="stmt"/>
        <line num="475" count="12" type="cond" truecount="2" falsecount="0"/>
        <line num="477" count="2" type="stmt"/>
        <line num="478" count="2" type="stmt"/>
        <line num="481" count="2" type="stmt"/>
      </file>
      <file name="SolveChomsky.js" path="/Users/andrew/Workspace/webapp/src/experimental/modules/cfg/machine/util/SolveChomsky.js">
        <metrics statements="79" coveredstatements="79" conditionals="31" coveredconditionals="31" methods="6" coveredmethods="6"/>
        <line num="16" count="43" type="stmt"/>
        <line num="17" count="43" type="stmt"/>
        <line num="18" count="43" type="stmt"/>
        <line num="19" count="43" type="stmt"/>
        <line num="20" count="43" type="stmt"/>
        <line num="23" count="43" type="cond" truecount="4" falsecount="0"/>
        <line num="25" count="10" type="stmt"/>
        <line num="30" count="33" type="stmt"/>
        <line num="32" count="134" type="stmt"/>
        <line num="33" count="134" type="stmt"/>
        <line num="35" count="888" type="stmt"/>
        <line num="36" count="888" type="stmt"/>
        <line num="38" count="6852" type="stmt"/>
        <line num="40" count="888" type="stmt"/>
        <line num="42" count="134" type="stmt"/>
        <line num="49" count="33" type="stmt"/>
        <line num="50" count="33" type="stmt"/>
        <line num="52" count="53" type="stmt"/>
        <line num="53" count="53" type="stmt"/>
        <line num="55" count="53" type="stmt"/>
        <line num="57" count="146" type="stmt"/>
        <line num="58" count="146" type="stmt"/>
        <line num="59" count="146" type="cond" truecount="2" falsecount="0"/>
        <line num="61" count="73" type="stmt"/>
        <line num="63" count="194" type="stmt"/>
        <line num="69" count="33" type="stmt"/>
        <line num="73" count="33" type="stmt"/>
        <line num="75" count="101" type="stmt"/>
        <line num="77" count="377" type="stmt"/>
        <line num="79" count="1261" type="stmt"/>
        <line num="82" count="14939" type="stmt"/>
        <line num="83" count="14939" type="cond" truecount="4" falsecount="0"/>
        <line num="86" count="507" type="stmt"/>
        <line num="95" count="33" type="cond" truecount="2" falsecount="0"/>
        <line num="97" count="15" type="stmt"/>
        <line num="101" count="18" type="stmt"/>
        <line num="116" count="10" type="stmt"/>
        <line num="117" count="10" type="stmt"/>
        <line num="119" count="10" type="stmt"/>
        <line num="121" count="102" type="cond" truecount="4" falsecount="0"/>
        <line num="123" count="8" type="stmt"/>
        <line num="126" count="2" type="stmt"/>
        <line num="140" count="43" type="stmt"/>
        <line num="141" count="43" type="stmt"/>
        <line num="142" count="43" type="stmt"/>
        <line num="144" count="43" type="stmt"/>
        <line num="146" count="43" type="stmt"/>
        <line num="147" count="43" type="stmt"/>
        <line num="149" count="265" type="cond" truecount="4" falsecount="0"/>
        <line num="151" count="222" type="stmt"/>
        <line num="155" count="43" type="stmt"/>
        <line num="168" count="43" type="stmt"/>
        <line num="170" count="43" type="stmt"/>
        <line num="172" count="139" type="stmt"/>
        <line num="173" count="139" type="cond" truecount="2" falsecount="0"/>
        <line num="175" count="81" type="stmt"/>
        <line num="176" count="81" type="stmt"/>
        <line num="177" count="81" type="stmt"/>
        <line num="181" count="58" type="stmt"/>
        <line num="185" count="43" type="stmt"/>
        <line num="203" count="33" type="stmt"/>
        <line num="204" count="33" type="stmt"/>
        <line num="205" count="33" type="stmt"/>
        <line num="207" count="33" type="stmt"/>
        <line num="209" count="391" type="stmt"/>
        <line num="210" count="391" type="stmt"/>
        <line num="213" count="391" type="cond" truecount="4" falsecount="0"/>
        <line num="215" count="92" type="stmt"/>
        <line num="219" count="33" type="stmt"/>
        <line num="236" count="33" type="stmt"/>
        <line num="237" count="33" type="stmt"/>
        <line num="239" count="33" type="stmt"/>
        <line num="241" count="391" type="stmt"/>
        <line num="243" count="391" type="cond" truecount="5" falsecount="0"/>
        <line num="245" count="270" type="stmt"/>
        <line num="246" count="270" type="stmt"/>
        <line num="247" count="270" type="stmt"/>
        <line num="248" count="270" type="stmt"/>
        <line num="252" count="33" type="stmt"/>
      </file>
    </package>
    <package name="experimental.services.expression.model">
      <metrics statements="0" coveredstatements="0" conditionals="0" coveredconditionals="0" methods="0" coveredmethods="0"/>
      <file name="AST.js" path="/Users/andrew/Workspace/webapp/src/experimental/services/expression/model/AST.js">
        <metrics statements="0" coveredstatements="0" conditionals="0" coveredconditionals="0" methods="0" coveredmethods="0"/>
      </file>
    </package>
    <package name="experimental.services.expression.model.elements">
      <metrics statements="31" coveredstatements="20" conditionals="5" coveredconditionals="2" methods="18" coveredmethods="11"/>
      <file name="AbstractNode.js" path="/Users/andrew/Workspace/webapp/src/experimental/services/expression/model/elements/AbstractNode.js">
        <metrics statements="14" coveredstatements="7" conditionals="0" coveredconditionals="0" methods="9" coveredmethods="4"/>
        <line num="9" count="86" type="stmt"/>
        <line num="10" count="86" type="stmt"/>
        <line num="11" count="86" type="stmt"/>
        <line num="14" count="0" type="stmt"/>
        <line num="15" count="0" type="stmt"/>
        <line num="19" count="0" type="stmt"/>
        <line num="20" count="0" type="stmt"/>
        <line num="25" count="161" type="stmt"/>
        <line num="26" count="161" type="stmt"/>
        <line num="31" count="0" type="stmt"/>
        <line num="32" count="0" type="stmt"/>
        <line num="35" count="143" type="stmt"/>
        <line num="36" count="87" type="stmt"/>
        <line num="37" count="0" type="stmt"/>
      </file>
      <file name="BinaryOpNode.js" path="/Users/andrew/Workspace/webapp/src/experimental/services/expression/model/elements/BinaryOpNode.js">
        <metrics statements="1" coveredstatements="1" conditionals="0" coveredconditionals="0" methods="1" coveredmethods="1"/>
        <line num="7" count="23" type="stmt"/>
      </file>
      <file name="OpNode.js" path="/Users/andrew/Workspace/webapp/src/experimental/services/expression/model/elements/OpNode.js">
        <metrics statements="13" coveredstatements="9" conditionals="5" coveredconditionals="2" methods="5" coveredmethods="3"/>
        <line num="10" count="44" type="stmt"/>
        <line num="12" count="44" type="stmt"/>
        <line num="13" count="44" type="stmt"/>
        <line num="18" count="67" type="cond" truecount="1" falsecount="1"/>
        <line num="20" count="67" type="stmt"/>
        <line num="21" count="67" type="stmt"/>
        <line num="25" count="0" type="stmt"/>
        <line num="31" count="17" type="cond" truecount="1" falsecount="1"/>
        <line num="33" count="17" type="stmt"/>
        <line num="34" count="17" type="stmt"/>
        <line num="38" count="0" type="stmt"/>
        <line num="43" count="0" type="stmt"/>
        <line num="46" count="0" type="stmt"/>
      </file>
      <file name="ScopeNode.js" path="/Users/andrew/Workspace/webapp/src/experimental/services/expression/model/elements/ScopeNode.js">
        <metrics statements="1" coveredstatements="1" conditionals="0" coveredconditionals="0" methods="1" coveredmethods="1"/>
        <line num="7" count="10" type="stmt"/>
      </file>
      <file name="TerminalNode.js" path="/Users/andrew/Workspace/webapp/src/experimental/services/expression/model/elements/TerminalNode.js">
        <metrics statements="1" coveredstatements="1" conditionals="0" coveredconditionals="0" methods="1" coveredmethods="1"/>
        <line num="7" count="42" type="stmt"/>
      </file>
      <file name="UnaryOpNode.js" path="/Users/andrew/Workspace/webapp/src/experimental/services/expression/model/elements/UnaryOpNode.js">
        <metrics statements="1" coveredstatements="1" conditionals="0" coveredconditionals="0" methods="1" coveredmethods="1"/>
        <line num="7" count="21" type="stmt"/>
      </file>
    </package>
    <package name="modules.fa.machine">
      <metrics statements="280" coveredstatements="177" conditionals="167" coveredconditionals="81" methods="59" coveredmethods="43"/>
      <file name="FSA.js" path="/Users/andrew/Workspace/webapp/src/modules/fa/machine/FSA.js">
        <metrics statements="280" coveredstatements="177" conditionals="167" coveredconditionals="81" methods="59" coveredmethods="43"/>
        <line num="4" count="20" type="stmt"/>
        <line num="5" count="20" type="stmt"/>
        <line num="7" count="20" type="stmt"/>
        <line num="13" count="858" type="stmt"/>
        <line num="15" count="858" type="stmt"/>
        <line num="16" count="858" type="cond" truecount="2" falsecount="2"/>
        <line num="21" count="102" type="stmt"/>
        <line num="22" count="102" type="stmt"/>
        <line num="23" count="102" type="stmt"/>
        <line num="24" count="102" type="stmt"/>
        <line num="25" count="102" type="stmt"/>
        <line num="28" count="1757" type="stmt"/>
        <line num="30" count="14935" type="stmt"/>
        <line num="31" count="0" type="stmt"/>
        <line num="35" count="0" type="stmt"/>
        <line num="43" count="1180" type="stmt"/>
        <line num="44" count="1180" type="stmt"/>
        <line num="45" count="1180" type="stmt"/>
        <line num="50" count="218" type="stmt"/>
        <line num="51" count="218" type="stmt"/>
        <line num="52" count="218" type="stmt"/>
        <line num="53" count="218" type="stmt"/>
        <line num="54" count="218" type="stmt"/>
        <line num="57" count="377" type="stmt"/>
        <line num="58" count="5325" type="stmt"/>
        <line num="60" count="119" type="stmt"/>
        <line num="61" count="3081" type="stmt"/>
        <line num="62" count="2981" type="stmt"/>
        <line num="66" count="0" type="stmt"/>
        <line num="75" count="192" type="stmt"/>
        <line num="77" count="192" type="stmt"/>
        <line num="79" count="192" type="stmt"/>
        <line num="80" count="192" type="stmt"/>
        <line num="81" count="192" type="stmt"/>
        <line num="82" count="192" type="stmt"/>
        <line num="84" count="192" type="stmt"/>
        <line num="85" count="192" type="stmt"/>
        <line num="98" count="15" type="cond" truecount="2" falsecount="0"/>
        <line num="101" count="14" type="stmt"/>
        <line num="104" count="14" type="stmt"/>
        <line num="106" count="102" type="stmt"/>
        <line num="107" count="102" type="stmt"/>
        <line num="110" count="102" type="cond" truecount="2" falsecount="0"/>
        <line num="112" count="10" type="stmt"/>
        <line num="115" count="102" type="cond" truecount="2" falsecount="0"/>
        <line num="117" count="49" type="stmt"/>
        <line num="121" count="14" type="stmt"/>
        <line num="123" count="17" type="stmt"/>
        <line num="126" count="14" type="stmt"/>
        <line num="128" count="218" type="stmt"/>
        <line num="129" count="218" type="stmt"/>
        <line num="130" count="218" type="stmt"/>
        <line num="131" count="218" type="stmt"/>
        <line num="134" count="14" type="stmt"/>
        <line num="136" count="0" type="stmt"/>
        <line num="140" count="14" type="stmt"/>
        <line num="143" count="14" type="stmt"/>
        <line num="146" count="0" type="stmt"/>
        <line num="152" count="37" type="stmt"/>
        <line num="153" count="37" type="stmt"/>
        <line num="154" count="37" type="stmt"/>
        <line num="155" count="37" type="stmt"/>
        <line num="156" count="37" type="stmt"/>
        <line num="157" count="37" type="stmt"/>
        <line num="159" count="37" type="stmt"/>
        <line num="162" count="9" type="stmt"/>
        <line num="163" count="87" type="stmt"/>
        <line num="168" count="24" type="stmt"/>
        <line num="170" count="24" type="cond" truecount="2" falsecount="0"/>
        <line num="172" count="14" type="stmt"/>
        <line num="173" count="14" type="stmt"/>
        <line num="175" count="25" type="stmt"/>
        <line num="178" count="14" type="stmt"/>
        <line num="181" count="42" type="stmt"/>
        <line num="182" count="42" type="stmt"/>
        <line num="184" count="87" type="stmt"/>
        <line num="188" count="87" type="cond" truecount="1" falsecount="1"/>
        <line num="190" count="87" type="stmt"/>
        <line num="195" count="0" type="stmt"/>
        <line num="196" count="0" type="stmt"/>
        <line num="201" count="42" type="stmt"/>
        <line num="203" count="87" type="cond" truecount="1" falsecount="1"/>
        <line num="206" count="0" type="stmt"/>
        <line num="207" count="0" type="stmt"/>
        <line num="211" count="87" type="stmt"/>
        <line num="216" count="14" type="stmt"/>
        <line num="217" count="14" type="stmt"/>
        <line num="222" count="10" type="stmt"/>
        <line num="223" count="10" type="stmt"/>
        <line num="226" count="23" type="stmt"/>
        <line num="227" count="0" type="stmt"/>
        <line num="231" count="653" type="stmt"/>
        <line num="236" count="756" type="stmt"/>
        <line num="237" count="756" type="cond" truecount="1" falsecount="1"/>
        <line num="239" count="756" type="cond" truecount="2" falsecount="0"/>
        <line num="241" count="756" type="stmt"/>
        <line num="242" count="756" type="stmt"/>
        <line num="247" count="0" type="stmt"/>
        <line num="248" count="0" type="cond" truecount="0" falsecount="2"/>
        <line num="249" count="0" type="stmt"/>
        <line num="252" count="0" type="cond" truecount="0" falsecount="2"/>
        <line num="254" count="0" type="cond" truecount="0" falsecount="2"/>
        <line num="257" count="0" type="stmt"/>
        <line num="262" count="0" type="stmt"/>
        <line num="266" count="0" type="stmt"/>
        <line num="271" count="129" type="stmt"/>
        <line num="273" count="669" type="cond" truecount="2" falsecount="0"/>
        <line num="275" count="129" type="stmt"/>
        <line num="278" count="0" type="stmt"/>
        <line num="283" count="4" type="stmt"/>
        <line num="285" count="6" type="cond" truecount="2" falsecount="0"/>
        <line num="287" count="4" type="stmt"/>
        <line num="290" count="4" type="stmt"/>
        <line num="295" count="2" type="stmt"/>
        <line num="298" count="2164" type="stmt"/>
        <line num="300" count="389" type="stmt"/>
        <line num="302" count="2" type="stmt"/>
        <line num="306" count="1082" type="cond" truecount="1" falsecount="1"/>
        <line num="307" count="1082" type="cond" truecount="1" falsecount="1"/>
        <line num="308" count="1082" type="cond" truecount="1" falsecount="1"/>
        <line num="310" count="1082" type="stmt"/>
        <line num="311" count="1082" type="cond" truecount="2" falsecount="0"/>
        <line num="313" count="120" type="stmt"/>
        <line num="314" count="120" type="cond" truecount="2" falsecount="0"/>
        <line num="316" count="119" type="stmt"/>
        <line num="321" count="1" type="stmt"/>
        <line num="326" count="962" type="stmt"/>
        <line num="330" count="1081" type="stmt"/>
        <line num="331" count="1081" type="stmt"/>
        <line num="336" count="0" type="stmt"/>
        <line num="337" count="0" type="cond" truecount="0" falsecount="2"/>
        <line num="339" count="0" type="stmt"/>
        <line num="340" count="0" type="stmt"/>
        <line num="343" count="0" type="cond" truecount="0" falsecount="2"/>
        <line num="345" count="0" type="stmt"/>
        <line num="346" count="0" type="cond" truecount="0" falsecount="2"/>
        <line num="349" count="0" type="stmt"/>
        <line num="351" count="0" type="stmt"/>
        <line num="352" count="0" type="cond" truecount="0" falsecount="2"/>
        <line num="353" count="0" type="stmt"/>
        <line num="357" count="0" type="stmt"/>
        <line num="364" count="0" type="stmt"/>
        <line num="366" count="0" type="stmt"/>
        <line num="370" count="0" type="stmt"/>
        <line num="371" count="0" type="stmt"/>
        <line num="377" count="9" type="stmt"/>
        <line num="378" count="9" type="cond" truecount="2" falsecount="0"/>
        <line num="380" count="5" type="cond" truecount="1" falsecount="1"/>
        <line num="383" count="5" type="stmt"/>
        <line num="388" count="0" type="stmt"/>
        <line num="389" count="0" type="cond" truecount="0" falsecount="2"/>
        <line num="390" count="0" type="stmt"/>
        <line num="393" count="133" type="stmt"/>
        <line num="398" count="1081" type="cond" truecount="2" falsecount="0"/>
        <line num="400" count="791" type="cond" truecount="2" falsecount="0"/>
        <line num="401" count="791" type="stmt"/>
        <line num="406" count="0" type="cond" truecount="0" falsecount="2"/>
        <line num="409" count="0" type="cond" truecount="0" falsecount="2"/>
        <line num="411" count="0" type="stmt"/>
        <line num="413" count="0" type="cond" truecount="0" falsecount="2"/>
        <line num="415" count="0" type="cond" truecount="0" falsecount="2"/>
        <line num="418" count="0" type="stmt"/>
        <line num="423" count="0" type="stmt"/>
        <line num="429" count="0" type="stmt"/>
        <line num="435" count="0" type="cond" truecount="0" falsecount="2"/>
        <line num="436" count="0" type="cond" truecount="0" falsecount="2"/>
[...]
        <line num="72" count="15" type="cond" truecount="1" falsecount="1"/>
        <line num="74" count="0" type="stmt"/>
        <line num="77" count="15" type="stmt"/>
        <line num="78" count="15" type="stmt"/>
        <line num="81" count="15" type="stmt"/>
        <line num="82" count="15" type="cond" truecount="2" falsecount="0"/>
        <line num="84" count="12" type="stmt"/>
        <line num="85" count="12" type="stmt"/>
        <line num="88" count="12" type="cond" truecount="3" falsecount="1"/>
        <line num="90" count="0" type="stmt"/>
        <line num="95" count="15" type="stmt"/>
        <line num="103" count="9" type="stmt"/>
        <line num="106" count="9" type="stmt"/>
        <line num="107" count="9" type="stmt"/>
        <line num="109" count="21" type="stmt"/>
        <line num="110" count="21" type="cond" truecount="1" falsecount="1"/>
        <line num="112" count="0" type="stmt"/>
        <line num="114" count="21" type="stmt"/>
        <line num="118" count="9" type="stmt"/>
        <line num="119" count="9" type="cond" truecount="1" falsecount="1"/>
        <line num="120" count="9" type="stmt"/>
        <line num="123" count="9" type="stmt"/>
        <line num="125" count="15" type="stmt"/>
        <line num="126" count="15" type="stmt"/>
        <line num="127" count="15" type="stmt"/>
        <line num="129" count="15" type="stmt"/>
        <line num="130" count="15" type="stmt"/>
        <line num="131" count="15" type="cond" truecount="3" falsecount="1"/>
        <line num="133" count="15" type="stmt"/>
        <line num="136" count="9" type="stmt"/>
        <line num="141" count="15" type="stmt"/>
        <line num="142" count="16" type="stmt"/>
        <line num="144" count="15" type="stmt"/>
        <line num="146" count="16" type="cond" truecount="2" falsecount="0"/>
        <line num="148" count="1" type="stmt"/>
        <line num="152" count="15" type="stmt"/>
        <line num="156" count="14" type="stmt"/>
      </file>
      <file name="InvertDFA.js" path="/Users/andrew/Workspace/webapp/src/modules/fa/machine/util/InvertDFA.js">
        <metrics statements="7" coveredstatements="7" conditionals="3" coveredconditionals="3" methods="1" coveredmethods="1"/>
        <line num="5" count="15" type="stmt"/>
        <line num="7" count="15" type="stmt"/>
        <line num="8" count="15" type="stmt"/>
        <line num="10" count="102" type="cond" truecount="2" falsecount="0"/>
        <line num="12" count="49" type="stmt"/>
        <line num="16" count="53" type="stmt"/>
        <line num="20" count="15" type="stmt"/>
      </file>
      <file name="SolveFSA.js" path="/Users/andrew/Workspace/webapp/src/modules/fa/machine/util/SolveFSA.js">
        <metrics statements="43" coveredstatements="42" conditionals="18" coveredconditionals="15" methods="2" coveredmethods="2"/>
        <line num="1" count="19" type="stmt"/>
        <line num="5" count="62" type="cond" truecount="1" falsecount="1"/>
        <line num="7" count="62" type="cond" truecount="2" falsecount="0"/>
        <line num="10" count="32" type="stmt"/>
        <line num="11" count="32" type="stmt"/>
        <line num="14" count="32" type="stmt"/>
        <line num="16" count="228" type="stmt"/>
        <line num="17" count="228" type="cond" truecount="1" falsecount="1"/>
        <line num="19" count="228" type="stmt"/>
        <line num="21" count="32" type="stmt"/>
        <line num="26" count="30" type="stmt"/>
        <line num="27" count="30" type="stmt"/>
        <line num="30" count="30" type="stmt"/>
        <line num="32" count="30" type="stmt"/>
        <line num="34" count="30" type="stmt"/>
        <line num="36" count="43" type="stmt"/>
        <line num="40" count="30" type="stmt"/>
        <line num="43" count="30" type="stmt"/>
        <line num="44" count="30" type="stmt"/>
        <line num="46" count="197" type="stmt"/>
        <line num="47" count="197" type="cond" truecount="2" falsecount="0"/>
        <line num="49" count="23" type="stmt"/>
        <line num="53" count="174" type="stmt"/>
        <line num="54" count="174" type="cond" truecount="1" falsecount="1"/>
        <line num="56" count="0" type="stmt"/>
        <line num="60" count="7" type="stmt"/>
        <line num="70" count="201" type="stmt"/>
        <line num="71" count="201" type="stmt"/>
        <line num="72" count="201" type="stmt"/>
        <line num="74" count="201" type="cond" truecount="2" falsecount="0"/>
        <line num="76" count="171" type="stmt"/>
        <line num="79" count="201" type="stmt"/>
        <line num="81" count="1463" type="stmt"/>
        <line num="82" count="1463" type="cond" truecount="2" falsecount="0"/>
        <line num="84" count="1463" type="cond" truecount="2" falsecount="0"/>
        <line num="87" count="1412" type="stmt"/>
        <line num="88" count="1412" type="stmt"/>
        <line num="90" count="1551" type="stmt"/>
        <line num="95" count="51" type="cond" truecount="2" falsecount="0"/>
        <line num="99" count="1439" type="stmt"/>
        <line num="101" count="177" type="stmt"/>
        <line num="102" count="177" type="stmt"/>
        <line num="103" count="177" type="stmt"/>
      </file>
    </package>
    <package name="modules.tree.machine">
      <metrics statements="225" coveredstatements="176" conditionals="110" coveredconditionals="83" methods="35" coveredmethods="23"/>
      <file name="BST.js" path="/Users/andrew/Workspace/webapp/src/modules/tree/machine/BST.js">
        <metrics statements="161" coveredstatements="128" conditionals="90" coveredconditionals="67" methods="17" coveredmethods="15"/>
        <line num="8" count="47" type="stmt"/>
        <line num="9" count="47" type="stmt"/>
        <line num="10" count="47" type="stmt"/>
        <line num="11" count="47" type="stmt"/>
        <line num="12" count="47" type="stmt"/>
        <line num="13" count="47" type="stmt"/>
        <line num="14" count="47" type="stmt"/>
        <line num="18" count="214" type="cond" truecount="2" falsecount="0"/>
        <line num="21" count="1" type="stmt"/>
        <line num="22" count="1" type="stmt"/>
        <line num="25" count="213" type="cond" truecount="2" falsecount="0"/>
        <line num="27" count="37" type="stmt"/>
        <line num="28" count="37" type="stmt"/>
        <line num="30" count="176" type="stmt"/>
        <line num="33" count="356" type="cond" truecount="1" falsecount="1"/>
        <line num="36" count="0" type="stmt"/>
        <line num="37" count="0" type="stmt"/>
        <line num="40" count="356" type="cond" truecount="2" falsecount="0"/>
        <line num="42" count="205" type="cond" truecount="2" falsecount="0"/>
        <line num="44" count="93" type="stmt"/>
        <line num="45" count="93" type="stmt"/>
        <line num="46" count="93" type="stmt"/>
        <line num="48" count="112" type="stmt"/>
        <line num="52" count="151" type="cond" truecount="2" falsecount="0"/>
        <line num="54" count="83" type="stmt"/>
        <line num="55" count="83" type="stmt"/>
        <line num="56" count="83" type="stmt"/>
        <line num="58" count="68" type="stmt"/>
        <line num="61" count="176" type="stmt"/>
        <line num="62" count="176" type="stmt"/>
        <line num="67" count="218" type="stmt"/>
        <line num="72" count="0" type="cond" truecount="0" falsecount="2"/>
        <line num="75" count="0" type="stmt"/>
        <line num="76" count="0" type="stmt"/>
        <line num="78" count="0" type="stmt"/>
        <line num="81" count="0" type="cond" truecount="0" falsecount="2"/>
        <line num="83" count="0" type="stmt"/>
        <line num="85" count="0" type="cond" truecount="0" falsecount="2"/>
        <line num="87" count="0" type="stmt"/>
        <line num="89" count="0" type="cond" truecount="0" falsecount="2"/>
        <line num="91" count="0" type="stmt"/>
        <line num="93" count="0" type="stmt"/>
        <line num="95" count="0" type="stmt"/>
        <line num="100" count="4" type="cond" truecount="1" falsecount="1"/>
        <line num="103" count="0" type="stmt"/>
        <line num="104" count="0" type="stmt"/>
        <line num="106" count="4" type="stmt"/>
        <line num="107" count="4" type="stmt"/>
        <line num="110" count="10" type="cond" truecount="1" falsecount="1"/>
        <line num="112" count="0" type="stmt"/>
        <line num="115" count="10" type="cond" truecount="2" falsecount="0"/>
        <line num="118" count="5" type="cond" truecount="4" falsecount="0"/>
        <line num="120" count="3" type="cond" truecount="2" falsecount="0"/>
        <line num="122" count="1" type="stmt"/>
        <line num="123" count="1" type="stmt"/>
        <line num="126" count="2" type="cond" truecount="1" falsecount="1"/>
        <line num="128" count="2" type="stmt"/>
        <line num="132" count="0" type="stmt"/>
        <line num="134" count="2" type="stmt"/>
        <line num="138" count="2" type="cond" truecount="4" falsecount="0"/>
        <line num="140" count="1" type="stmt"/>
        <line num="141" count="1" type="stmt"/>
        <line num="142" count="1" type="stmt"/>
        <line num="144" count="1" type="stmt"/>
        <line num="146" count="1" type="stmt"/>
        <line num="152" count="1" type="stmt"/>
        <line num="153" count="1" type="stmt"/>
        <line num="159" count="1" type="cond" truecount="1" falsecount="1"/>
        <line num="161" count="0" type="cond" truecount="0" falsecount="2"/>
        <line num="163" count="0" type="stmt"/>
        <line num="164" count="0" type="stmt"/>
        <line num="168" count="0" type="stmt"/>
        <line num="169" count="0" type="stmt"/>
        <line num="174" count="1" type="cond" truecount="1" falsecount="1"/>
        <line num="176" count="0" type="stmt"/>
        <line num="177" count="0" type="stmt"/>
        <line num="181" count="1" type="stmt"/>
        <line num="182" count="1" type="stmt"/>
        <line num="185" count="1" type="stmt"/>
        <line num="188" count="5" type="cond" truecount="2" falsecount="0"/>
        <line num="190" count="2" type="cond" truecount="1" falsecount="1"/>
        <line num="192" count="2" type="stmt"/>
        <line num="196" count="0" type="stmt"/>
        <line num="201" count="3" type="cond" truecount="1" falsecount="1"/>
        <line num="203" count="3" type="stmt"/>
        <line num="207" count="0" type="stmt"/>
        <line num="212" count="4" type="stmt"/>
        <line num="217" count="7" type="stmt"/>
        <line num="219" count="7" type="stmt"/>
        <line num="223" count="17" type="stmt"/>
        <line num="224" count="17" type="stmt"/>
        <line num="225" count="17" type="cond" truecount="2" falsecount="0"/>
        <line num="227" count="7" type="stmt"/>
        <line num="228" count="7" type="stmt"/>
        <line num="229" count="7" type="cond" truecount="2" falsecount="0"/>
        <line num="231" count="5" type="stmt"/>
        <line num="235" count="2" type="stmt"/>
        <line num="238" count="15" type="cond" truecount="2" falsecount="0"/>
        <line num="240" count="5" type="stmt"/>
        <line num="241" count="5" type="stmt"/>
        <line num="242" count="5" type="cond" truecount="1" falsecount="1"/>
        <line num="244" count="5" type="stmt"/>
        <line num="248" count="0" type="stmt"/>
        <line num="251" count="15" type="stmt"/>
        <line num="253" count="7" type="stmt"/>
        <line num="258" count="7" type="stmt"/>
        <line num="259" count="7" type="stmt"/>
        <line num="263" count="24" type="cond" truecount="1" falsecount="1"/>
        <line num="265" count="0" type="stmt"/>
        <line num="267" count="24" type="cond" truecount="2" falsecount="0"/>
        <line num="269" count="8" type="stmt"/>
        <line num="271" count="24" type="cond" truecount="2" falsecount="0"/>
        <line num="273" count="7" type="stmt"/>
        <line num="275" count="24" type="stmt"/>
        <line num="276" count="24" type="cond" truecount="2" falsecount="0"/>
        <line num="278" count="9" type="stmt"/>
        <line num="281" count="7" type="stmt"/>
        <line num="282" count="7" type="stmt"/>
        <line num="287" count="6" type="stmt"/>
        <line num="288" count="6" type="stmt"/>
        <line num="292" count="22" type="cond" truecount="1" falsecount="1"/>
        <line num="294" count="0" type="stmt"/>
        <line num="296" count="22" type="cond" truecount="2" falsecount="0"/>
        <line num="298" count="7" type="stmt"/>
        <line num="300" count="22" type="stmt"/>
        <line num="301" count="22" type="cond" truecount="2" falsecount="0"/>
        <line num="303" count="8" type="stmt"/>
        <line num="305" count="22" type="cond" truecount="2" falsecount="0"/>
        <line num="307" count="8" type="stmt"/>
        <line num="310" count="6" type="stmt"/>
        <line num="311" count="6" type="stmt"/>
        <line num="316" count="6" type="stmt"/>
        <line num="317" count="6" type="stmt"/>
        <line num="322" count="22" type="cond" truecount="1" falsecount="1"/>
        <line num="324" count="0" type="stmt"/>
        <line num="326" count="22" type="cond" truecount="2" falsecount="0"/>
        <line num="328" count="8" type="stmt"/>
        <line num="330" count="22" type="cond" truecount="2" falsecount="0"/>
        <line num="332" count="8" type="stmt"/>
        <line num="334" count="22" type="cond" truecount="2" falsecount="0"/>
        <line num="336" count="7" type="stmt"/>
        <line num="338" count="22" type="stmt"/>
        <line num="340" count="6" type="stmt"/>
        <line num="341" count="6" type="stmt"/>
        <line num="346" count="6" type="stmt"/>
        <line num="347" count="6" type="stmt"/>
        <line num="349" count="6" type="cond" truecount="1" falsecount="1"/>
        <line num="351" count="0" type="stmt"/>
        <line num="352" count="0" type="stmt"/>
        <line num="355" count="6" type="stmt"/>
        <line num="356" count="6" type="stmt"/>
        <line num="358" count="6" type="stmt"/>
        <line num="360" count="36" type="stmt"/>
        <line num="361" count="36" type="stmt"/>
        <line num="363" count="36" type="cond" truecount="2" falsecount="0"/>
        <line num="365" count="30" type="stmt"/>
        <line num="368" count="36" type="cond" truecount="2" falsecount="0"/>
        <line num="370" count="12" type="stmt"/>
        <line num="373" count="36" type="cond" truecount="2" falsecount="0"/>
        <line num="375" count="18" type="stmt"/>
        <line num="379" count="6" type="stmt"/>
      </file>
      <file name="BSTNode.js" path="/Users/andrew/Workspace/webapp/src/modules/tree/machine/BSTNode.js">
        <metrics statements="49" coveredstatements="43" conditionals="20" coveredconditionals="16" methods="7" coveredmethods="7"/>
        <line num="5" count="238" type="stmt"/>
        <line num="6" count="238" type="stmt"/>
        <line num="7" count="238" type="stmt"/>
        <line num="8" count="238" type="stmt"/>
        <line num="9" count="238" type="stmt"/>
        <line num="15" count="78" type="stmt"/>
        <line num="20" count="10" type="cond" truecount="1" falsecount="1"/>
        <line num="22" count="10" type="stmt"/>
        <line num="25" count="0" type="stmt"/>
        <line num="34" count="13" type="stmt"/>
        <line num="35" count="13" type="stmt"/>
        <line num="37" count="13" type="cond" truecount="2" falsecount="0"/>
        <line num="39" count="5" type="stmt"/>
        <line num="41" count="5" type="stmt"/>
        <line num="43" count="3" type="stmt"/>
        <line num="46" count="5" type="stmt"/>
        <line num="51" count="8" type="cond" truecount="1" falsecount="1"/>
        <line num="53" count="0" type="stmt"/>
        <line num="54" count="0" type="stmt"/>
        <line num="56" count="8" type="stmt"/>
        <line num="57" count="8" type="stmt"/>
        <line num="59" count="13" type="cond" truecount="4" falsecount="0"/>
        <line num="61" count="6" type="stmt"/>
        <line num="63" count="7" type="stmt"/>
        <line num="64" count="7" type="stmt"/>
        <line num="66" count="2" type="stmt"/>
        <line num="67" count="2" type="stmt"/>
        <line num="77" count="13" type="stmt"/>
        <line num="78" count="13" type="stmt"/>
        <line num="80" count="13" type="cond" truecount="2" falsecount="0"/>
        <line num="82" count="6" type="stmt"/>
        <line num="84" count="6" type="stmt"/>
        <line num="86" count="3" type="stmt"/>
        <line num="89" count="6" type="stmt"/>
        <line num="94" count="7" type="cond" truecount="1" falsecount="1"/>
        <line num="96" count="0" type="stmt"/>
        <line num="97" count="0" type="stmt"/>
        <line num="99" count="7" type="stmt"/>
        <line num="100" count="7" type="stmt"/>
        <line num="102" count="14" type="cond" truecount="4" falsecount="0"/>
        <line num="104" count="5" type="stmt"/>
        <line num="106" count="9" type="stmt"/>
        <line num="107" count="9" type="stmt"/>
        <line num="109" count="2" type="stmt"/>
        <line num="110" count="2" type="stmt"/>
        <line num="123" count="2" type="stmt"/>
        <line num="137" count="2" type="cond" truecount="1" falsecount="1"/>
        <line num="139" count="0" type="stmt"/>
        <line num="144" count="2" type="stmt"/>
      </file>
      <file name="Tree.js" path="/Users/andrew/Workspace/webapp/src/modules/tree/machine/Tree.js">
        <metrics statements="15" coveredstatements="5" conditionals="0" coveredconditionals="0" methods="11" coveredmethods="1"/>
        <line num="5" count="47" type="stmt"/>
        <line num="6" count="47" type="stmt"/>
        <line num="7" count="47" type="stmt"/>
        <line num="8" count="47" type="stmt"/>
        <line num="9" count="47" type="stmt"/>
        <line num="13" count="0" type="stmt"/>
        <line num="16" count="0" type="stmt"/>
        <line num="19" count="0" type="stmt"/>
        <line num="22" count="0" type="stmt"/>
        <line num="25" count="0" type="stmt"/>
        <line num="28" count="0" type="stmt"/>
        <line num="31" count="0" type="stmt"/>
        <line num="34" count="0" type="stmt"/>
        <line num="37" count="0" type="stmt"/>
        <line num="40" count="0" type="stmt"/>
      </file>
    </package>
    <package name="util">
      <metrics statements="23" coveredstatements="2" conditionals="8" coveredconditionals="0" methods="9" coveredmethods="2"/>
      <file name="MathHelper.js" path="/Users/andrew/Workspace/webapp/src/util/MathHelper.js">
        <metrics statements="23" coveredstatements="2" conditionals="8" coveredconditionals="0" methods="9" coveredmethods="2"/>
        <line num="16" count="0" type="cond" truecount="0" falsecount="2"/>
        <line num="27" count="7480" type="stmt"/>
        <line num="29" count="935" type="stmt"/>
        <line num="42" count="0" type="stmt"/>
        <line num="53" count="0" type="stmt"/>
        <line num="54" count="0" type="stmt"/>
        <line num="56" count="0" type="stmt"/>
        <line num="58" count="0" type="stmt"/>
        <line num="63" count="0" type="stmt"/>
        <line num="64" count="0" type="stmt"/>
        <line num="65" count="0" type="stmt"/>
        <line num="70" count="0" type="stmt"/>
        <line num="71" count="0" type="stmt"/>
        <line num="72" count="0" type="stmt"/>
        <line num="89" count="0" type="stmt"/>
        <line num="90" count="0" type="stmt"/>
        <line num="91" count="0" type="stmt"/>
        <line num="92" count="0" type="stmt"/>
        <line num="93" count="0" type="stmt"/>
        <line num="94" count="0" type="stmt"/>
        <line num="109" count="0" type="stmt"/>
        <line num="110" count="0" type="stmt"/>
        <line num="111" count="0" type="stmt"/>
      </file>
    </package>
  </project>
</coverage>
