{"/Users/andrew/Workspace/webapp/src/components/example/helloWorld/HelloWorld.jsx": {"path":"/Users/andrew/Workspace/webapp/src/components/example/helloWorld/HelloWorld.jsx","statementMap":{"0":{"start":{"line":16,"column":8},"end":{"line":16,"column":21}},"1":{"start":{"line":18,"column":8},"end":{"line":20,"column":10}},"2":{"start":{"line":22,"column":8},"end":{"line":22,"column":47}},"3":{"start":{"line":33,"column":8},"end":{"line":33,"column":60}},"4":{"start":{"line":33,"column":31},"end":{"line":33,"column":57}},"5":{"start":{"line":35,"column":8},"end":{"line":35,"column":54}},"6":{"start":{"line":35,"column":32},"end":{"line":35,"column":54}},"7":{"start":{"line":41,"column":8},"end":{"line":52,"column":10}},"8":{"start":{"line":55,"column":0},"end":{"line":63,"column":2}},"9":{"start":{"line":64,"column":0},"end":{"line":66,"column":2}}},"fnMap":{"0":{"name":"(anonymous_0)","decl":{"start":{"line":14,"column":4},"end":{"line":14,"column":5}},"loc":{"start":{"line":15,"column":4},"end":{"line":23,"column":5}},"line":15},"1":{"name":"(anonymous_1)","decl":{"start":{"line":30,"column":4},"end":{"line":30,"column":5}},"loc":{"start":{"line":31,"column":4},"end":{"line":36,"column":5}},"line":31},"2":{"name":"(anonymous_2)","decl":{"start":{"line":33,"column":22},"end":{"line":33,"column":23}},"loc":{"start":{"line":33,"column":31},"end":{"line":33,"column":57}},"line":33},"3":{"name":"(anonymous_3)","decl":{"start":{"line":39,"column":4},"end":{"line":39,"column":5}},"loc":{"start":{"line":40,"column":4},"end":{"line":53,"column":5}},"line":40}},"branchMap":{"0":{"loc":{"start":{"line":35,"column":8},"end":{"line":35,"column":54}},"type":"if","locations":[{"start":{"line":35,"column":8},"end":{"line":35,"column":54}},{"start":{"line":35,"column":8},"end":{"line":35,"column":54}}],"line":35},"1":{"loc":{"start":{"line":45,"column":32},"end":{"line":45,"column":58}},"type":"binary-expr","locations":[{"start":{"line":45,"column":32},"end":{"line":45,"column":52}},{"start":{"line":45,"column":56},"end":{"line":45,"column":58}}],"line":45},"2":{"loc":{"start":{"line":47,"column":27},"end":{"line":47,"column":97}},"type":"cond-expr","locations":[{"start":{"line":47,"column":72},"end":{"line":47,"column":92}},{"start":{"line":47,"column":95},"end":{"line":47,"column":97}}],"line":47},"3":{"loc":{"start":{"line":47,"column":28},"end":{"line":47,"column":68}},"type":"binary-expr","locations":[{"start":{"line":47,"column":28},"end":{"line":47,"column":46}},{"start":{"line":47,"column":50},"end":{"line":47,"column":68}}],"line":47}},"s":{"0":6,"1":6,"2":6,"3":5,"4":5,"5":5,"6":0,"7":13,"8":1,"9":1},"f":{"0":6,"1":5,"2":5,"3":13},"b":{"0":[0,5],"1":[13,13],"2":[6,7],"3":[13,10]},"_coverageSchema":"43e27e138ebf9cfc5966b082cf9a028302ed4184","hash":"8f7178259c4b7df75806be563a785559a0b0967f"}
,"/Users/andrew/Workspace/webapp/src/deprecated/modules/pda/machine/PDA.js": {"path":"/Users/andrew/Workspace/webapp/src/deprecated/modules/pda/machine/PDA.js","statementMap":{"0":{"start":{"line":4,"column":26},"end":{"line":4,"column":27}},"1":{"start":{"line":5,"column":23},"end":{"line":5,"column":24}},"2":{"start":{"line":6,"column":25},"end":{"line":6,"column":26}},"3":{"start":{"line":7,"column":26},"end":{"line":7,"column":27}},"4":{"start":{"line":9,"column":28},"end":{"line":9,"column":36}},"5":{"start":{"line":15,"column":8},"end":{"line":15,"column":28}},"6":{"start":{"line":17,"column":8},"end":{"line":17,"column":24}},"7":{"start":{"line":18,"column":8},"end":{"line":18,"column":105}},"8":{"start":{"line":23,"column":23},"end":{"line":23,"column":34}},"9":{"start":{"line":24,"column":8},"end":{"line":24,"column":36}},"10":{"start":{"line":25,"column":8},"end":{"line":25,"column":32}},"11":{"start":{"line":26,"column":8},"end":{"line":26,"column":30}},"12":{"start":{"line":27,"column":8},"end":{"line":27,"column":22}},"13":{"start":{"line":30,"column":22},"end":{"line":30,"column":41}},"14":{"start":{"line":32,"column":19},"end":{"line":32,"column":35}},"15":{"start":{"line":33,"column":18},"end":{"line":33,"column":35}},"16":{"start":{"line":37,"column":8},"end":{"line":37,"column":24}},"17":{"start":{"line":45,"column":8},"end":{"line":45,"column":26}},"18":{"start":{"line":46,"column":8},"end":{"line":46,"column":22}},"19":{"start":{"line":47,"column":8},"end":{"line":47,"column":34}},"20":{"start":{"line":52,"column":23},"end":{"line":52,"column":39}},"21":{"start":{"line":53,"column":8},"end":{"line":53,"column":34}},"22":{"start":{"line":54,"column":8},"end":{"line":54,"column":30}},"23":{"start":{"line":56,"column":8},"end":{"line":56,"column":47}},"24":{"start":{"line":64,"column":23},"end":{"line":64,"column":41}},"25":{"start":{"line":65,"column":28},"end":{"line":65,"column":44}},"26":{"start":{"line":69,"column":23},"end":{"line":69,"column":50}},"27":{"start":{"line":70,"column":8},"end":{"line":70,"column":58}},"28":{"start":{"line":75,"column":8},"end":{"line":87,"column":9}},"29":{"start":{"line":77,"column":12},"end":{"line":86,"column":13}},"30":{"start":{"line":79,"column":16},"end":{"line":85,"column":17}},"31":{"start":{"line":81,"column":20},"end":{"line":84,"column":21}},"32":{"start":{"line":83,"column":24},"end":{"line":83,"column":36}},"33":{"start":{"line":88,"column":8},"end":{"line":88,"column":21}},"34":{"start":{"line":93,"column":8},"end":{"line":102,"column":9}},"35":{"start":{"line":95,"column":12},"end":{"line":101,"column":13}},"36":{"start":{"line":97,"column":16},"end":{"line":100,"column":17}},"37":{"start":{"line":99,"column":20},"end":{"line":99,"column":37}},"38":{"start":{"line":103,"column":8},"end":{"line":103,"column":19}},"39":{"start":{"line":106,"column":19},"end":{"line":106,"column":49}},"40":{"start":{"line":110,"column":27},"end":{"line":110,"column":29}},"41":{"start":{"line":111,"column":8},"end":{"line":114,"column":9}},"42":{"start":{"line":113,"column":12},"end":{"line":113,"column":57}},"43":{"start":{"line":115,"column":8},"end":{"line":115,"column":96}},"44":{"start":{"line":123,"column":8},"end":{"line":123,"column":26}},"45":{"start":{"line":124,"column":8},"end":{"line":124,"column":24}},"46":{"start":{"line":125,"column":8},"end":{"line":125,"column":26}},"47":{"start":{"line":128,"column":22},"end":{"line":128,"column":40}},"48":{"start":{"line":129,"column":21},"end":{"line":129,"column":38}},"49":{"start":{"line":130,"column":22},"end":{"line":130,"column":40}},"50":{"start":{"line":134,"column":8},"end":{"line":134,"column":63}},"51":{"start":{"line":143,"column":8},"end":{"line":143,"column":33}},"52":{"start":{"line":145,"column":8},"end":{"line":145,"column":35}},"53":{"start":{"line":146,"column":8},"end":{"line":146,"column":40}},"54":{"start":{"line":148,"column":8},"end":{"line":148,"column":38}},"55":{"start":{"line":149,"column":8},"end":{"line":149,"column":38}},"56":{"start":{"line":150,"column":8},"end":{"line":150,"column":40}},"57":{"start":{"line":151,"column":8},"end":{"line":151,"column":45}},"58":{"start":{"line":152,"column":8},"end":{"line":152,"column":32}},"59":{"start":{"line":154,"column":8},"end":{"line":154,"column":26}},"60":{"start":{"line":168,"column":8},"end":{"line":168,"column":33}},"61":{"start":{"line":168,"column":26},"end":{"line":168,"column":33}},"62":{"start":{"line":171,"column":8},"end":{"line":171,"column":21}},"63":{"start":{"line":174,"column":8},"end":{"line":189,"column":9}},"64":{"start":{"line":176,"column":27},"end":{"line":176,"column":39}},"65":{"start":{"line":177,"column":12},"end":{"line":177,"column":42}},"66":{"start":{"line":180,"column":12},"end":{"line":183,"column":13}},"67":{"start":{"line":182,"column":16},"end":{"line":182,"column":42}},"68":{"start":{"line":185,"column":12},"end":{"line":188,"column":13}},"69":{"start":{"line":187,"column":16},"end":{"line":187,"column":46}},"70":{"start":{"line":191,"column":8},"end":{"line":194,"column":9}},"71":{"start":{"line":193,"column":12},"end":{"line":193,"column":43}},"72":{"start":{"line":196,"column":8},"end":{"line":199,"column":9}},"73":{"start":{"line":198,"column":12},"end":{"line":198,"column":48}},"74":{"start":{"line":201,"column":8},"end":{"line":207,"column":9}},"75":{"start":{"line":203,"column":27},"end":{"line":203,"column":39}},"76":{"start":{"line":204,"column":12},"end":{"line":204,"column":81}},"77":{"start":{"line":205,"column":12},"end":{"line":205,"column":84}},"78":{"start":{"line":206,"column":12},"end":{"line":206,"column":47}},"79":{"start":{"line":209,"column":8},"end":{"line":212,"column":9}},"80":{"start":{"line":211,"column":12},"end":{"line":211,"column":44}},"81":{"start":{"line":214,"column":8},"end":{"line":217,"column":9}},"82":{"start":{"line":216,"column":12},"end":{"line":216,"column":49}},"83":{"start":{"line":220,"column":8},"end":{"line":224,"column":9}},"84":{"start":{"line":223,"column":12},"end":{"line":223,"column":37}},"85":{"start":{"line":229,"column":8},"end":{"line":229,"column":29}},"86":{"start":{"line":230,"column":8},"end":{"line":230,"column":31}},"87":{"start":{"line":231,"column":8},"end":{"line":231,"column":36}},"88":{"start":{"line":232,"column":8},"end":{"line":232,"column":34}},"89":{"start":{"line":233,"column":8},"end":{"line":233,"column":34}},"90":{"start":{"line":234,"column":8},"end":{"line":234,"column":36}},"91":{"start":{"line":235,"column":8},"end":{"line":235,"column":41}},"92":{"start":{"line":236,"column":8},"end":{"line":236,"column":32}},"93":{"start":{"line":238,"column":8},"end":{"line":238,"column":32}},"94":{"start":{"line":244,"column":8},"end":{"line":244,"column":32}},"95":{"start":{"line":245,"column":8},"end":{"line":245,"column":20}},"96":{"start":{"line":247,"column":16},"end":{"line":247,"column":48}},"97":{"start":{"line":248,"column":18},"end":{"line":248,"column":38}},"98":{"start":{"line":252,"column":8},"end":{"line":252,"column":47}},"99":{"start":{"line":257,"column":24},"end":{"line":257,"column":42}},"100":{"start":{"line":258,"column":8},"end":{"line":258,"column":106}},"101":{"start":{"line":258,"column":39},"end":{"line":258,"column":106}},"102":{"start":{"line":260,"column":8},"end":{"line":260,"column":61}},"103":{"start":{"line":260,"column":36},"end":{"line":260,"column":61}},"104":{"start":{"line":262,"column":8},"end":{"line":262,"column":41}},"105":{"start":{"line":263,"column":8},"end":{"line":263,"column":21}},"106":{"start":{"line":268,"column":24},"end":{"line":268,"column":42}},"107":{"start":{"line":269,"column":8},"end":{"line":269,"column":53}},"108":{"start":{"line":269,"column":40},"end":{"line":269,"column":53}},"109":{"start":{"line":270,"column":8},"end":{"line":270,"column":37}},"110":{"start":{"line":273,"column":8},"end":{"line":285,"column":9}},"111":{"start":{"line":275,"column":12},"end":{"line":284,"column":13}},"112":{"start":{"line":278,"column":16},"end":{"line":278,"column":40}},"113":{"start":{"line":283,"column":16},"end":{"line":283,"column":70}},"114":{"start":{"line":287,"column":8},"end":{"line":287,"column":20}},"115":{"start":{"line":292,"column":8},"end":{"line":298,"column":9}},"116":{"start":{"line":294,"column":12},"end":{"line":297,"column":13}},"117":{"start":{"line":296,"column":16},"end":{"line":296,"column":28}},"118":{"start":{"line":299,"column":8},"end":{"line":299,"column":21}},"119":{"start":{"line":304,"column":8},"end":{"line":310,"column":9}},"120":{"start":{"line":306,"column":12},"end":{"line":309,"column":13}},"121":{"start":{"line":308,"column":16},"end":{"line":308,"column":32}},"122":{"start":{"line":311,"column":8},"end":{"line":311,"column":19}},"123":{"start":{"line":316,"column":8},"end":{"line":316,"column":36}},"124":{"start":{"line":319,"column":22},"end":{"line":319,"column":66}},"125":{"start":{"line":321,"column":18},"end":{"line":321,"column":47}},"126":{"start":{"line":323,"column":22},"end":{"line":323,"column":47}},"127":{"start":{"line":327,"column":8},"end":{"line":327,"column":141}},"128":{"start":{"line":327,"column":34},"end":{"line":327,"column":141}},"129":{"start":{"line":328,"column":8},"end":{"line":328,"column":137}},"130":{"start":{"line":328,"column":32},"end":{"line":328,"column":137}},"131":{"start":{"line":329,"column":8},"end":{"line":329,"column":118}},"132":{"start":{"line":329,"column":25},"end":{"line":329,"column":118}},"133":{"start":{"line":330,"column":8},"end":{"line":330,"column":116}},"134":{"start":{"line":330,"column":24},"end":{"line":330,"column":116}},"135":{"start":{"line":331,"column":8},"end":{"line":331,"column":118}},"136":{"start":{"line":331,"column":25},"end":{"line":331,"column":118}},"137":{"start":{"line":333,"column":30},"end":{"line":333,"column":72}},"138":{"start":{"line":334,"column":8},"end":{"line":352,"column":9}},"139":{"start":{"line":336,"column":31},"end":{"line":336,"column":67}},"140":{"start":{"line":337,"column":12},"end":{"line":345,"column":13}},"141":{"start":{"line":339,"column":16},"end":{"line":339,"column":72}},"142":{"start":{"line":344,"column":16},"end":{"line":344,"column":29}},"143":{"start":{"line":349,"column":34},"end":{"line":349,"column":58}},"144":{"start":{"line":350,"column":12},"end":{"line":350,"column":71}},"145":{"start":{"line":351,"column":12},"end":{"line":351,"column":64}},"146":{"start":{"line":355,"column":8},"end":{"line":355,"column":42}},"147":{"start":{"line":356,"column":8},"end":{"line":356,"column":46}},"148":{"start":{"line":357,"column":8},"end":{"line":357,"column":47}},"149":{"start":{"line":358,"column":8},"end":{"line":358,"column":20}},"150":{"start":{"line":364,"column":30},"end":{"line":364,"column":72}},"151":{"start":{"line":365,"column":8},"end":{"line":365,"column":64}},"152":{"start":{"line":365,"column":51},"end":{"line":365,"column":64}},"153":{"start":{"line":367,"column":27},"end":{"line":367,"column":63}},"154":{"start":{"line":368,"column":24},"end":{"line":368,"column":47}},"155":{"start":{"line":371,"column":8},"end":{"line":400,"column":9}},"156":{"start":{"line":373,"column":26},"end":{"line":373,"column":49}},"157":{"start":{"line":374,"column":12},"end":{"line":386,"column":13}},"158":{"start":{"line":377,"column":16},"end":{"line":377,"column":46}},"159":{"start":{"line":379,"column":16},"end":{"line":379,"column":41}},"160":{"start":{"line":380,"column":16},"end":{"line":380,"column":81}},"161":{"start":{"line":380,"column":41},"end":{"line":380,"column":81}},"162":{"start":{"line":381,"column":16},"end":{"line":381,"column":28}},"163":{"start":{"line":385,"column":16},"end":{"line":385,"column":29}},"164":{"start":{"line":392,"column":12},"end":{"line":395,"column":13}},"165":{"start":{"line":394,"column":16},"end":{"line":394,"column":46}},"166":{"start":{"line":398,"column":12},"end":{"line":398,"column":52}},"167":{"start":{"line":399,"column":12},"end":{"line":399,"column":24}},"168":{"start":{"line":405,"column":30},"end":{"line":405,"column":72}},"169":{"start":{"line":406,"column":8},"end":{"line":406,"column":64}},"170":{"start":{"line":406,"column":51},"end":{"line":406,"column":64}},"171":{"start":{"line":408,"column":8},"end":{"line":408,"column":33}},"172":{"start":{"line":408,"column":21},"end":{"line":408,"column":33}},"173":{"start":{"line":411,"column":8},"end":{"line":411,"column":70}},"174":{"start":{"line":416,"column":30},"end":{"line":416,"column":72}},"175":{"start":{"line":417,"column":8},"end":{"line":417,"column":63}},"176":{"start":{"line":417,"column":51},"end":{"line":417,"column":63}},"177":{"start":{"line":418,"column":8},"end":{"line":418,"column":65}},"178":{"start":{"line":421,"column":23},"end":{"line":421,"column":57}},"179":{"start":{"line":426,"column":8},"end":{"line":426,"column":44}},"180":{"start":{"line":426,"column":37},"end":{"line":426,"column":44}},"181":{"start":{"line":428,"column":28},"end":{"line":428,"column":59}},"182":{"start":{"line":429,"column":8},"end":{"line":429,"column":52}},"183":{"start":{"line":435,"column":8},"end":{"line":435,"column":49}},"184":{"start":{"line":435,"column":42},"end":{"line":435,"column":49}},"185":{"start":{"line":437,"column":28},"end":{"line":437,"column":69}},"186":{"start":{"line":438,"column":8},"end":{"line":438,"column":62}},"187":{"start":{"line":443,"column":8},"end":{"line":443,"column":111}},"188":{"start":{"line":443,"column":41},"end":{"line":443,"column":111}},"189":{"start":{"line":446,"column":8},"end":{"line":446,"column":44}},"190":{"start":{"line":446,"column":37},"end":{"line":446,"column":44}},"191":{"start":{"line":448,"column":28},"end":{"line":448,"column":54}},"192":{"start":{"line":450,"column":8},"end":{"line":467,"column":9}},"193":{"start":{"line":452,"column":12},"end":{"line":461,"column":13}},"194":{"start":{"line":455,"column":16},"end":{"line":455,"column":46}},"195":{"start":{"line":460,"column":16},"end":{"line":460,"column":46}},"196":{"start":{"line":466,"column":12},"end":{"line":466,"column":56}},"197":{"start":{"line":472,"column":8},"end":{"line":472,"column":116}},"198":{"start":{"line":472,"column":46},"end":{"line":472,"column":116}},"199":{"start":{"line":475,"column":8},"end":{"line":475,"column":44}},"200":{"start":{"line":475,"column":37},"end":{"line":475,"column":44}},"201":{"start":{"line":477,"column":28},"end":{"line":477,"column":59}},"202":{"start":{"line":479,"column":8},"end":{"line":496,"column":9}},"203":{"start":{"line":481,"column":12},"end":{"line":490,"column":13}},"204":{"start":{"line":484,"column":16},"end":{"line":484,"column":51}},"205":{"start":{"line":489,"column":16},"end":{"line":489,"column":51}},"206":{"start":{"line":495,"column":12},"end":{"line":495,"column":61}},"207":{"start":{"line":501,"column":8},"end":{"line":501,"column":87}},"208":{"start":{"line":501,"column":37},"end":{"line":501,"column":87}},"209":{"start":{"line":502,"column":8},"end":{"line":502,"column":93}},"210":{"start":{"line":502,"column":40},"end":{"line":502,"column":93}},"211":{"start":{"line":503,"column":8},"end":{"line":503,"column":115}},"212":{"start":{"line":503,"column":48},"end":{"line":503,"column":115}},"213":{"start":{"line":505,"column":8},"end":{"line":505,"column":47}},"214":{"start":{"line":510,"column":8},"end":{"line":510,"column":47}},"215":{"start":{"line":515,"column":8},"end":{"line":515,"column":106}},"216":{"start":{"line":515,"column":37},"end":{"line":515,"column":106}},"217":{"start":{"line":517,"column":8},"end":{"line":536,"column":9}},"218":{"start":{"line":519,"column":12},"end":{"line":525,"column":13}},"219":{"start":{"line":521,"column":16},"end":{"line":521,"column":48}},"220":{"start":{"line":524,"column":16},"end":{"line":524,"column":79}},"221":{"start":{"line":524,"column":49},"end":{"line":524,"column":79}},"222":{"start":{"line":529,"column":12},"end":{"line":535,"column":13}},"223":{"start":{"line":531,"column":16},"end":{"line":531,"column":51}},"224":{"start":{"line":534,"column":16},"end":{"line":534,"column":113}},"225":{"start":{"line":534,"column":83},"end":{"line":534,"column":113}},"226":{"start":{"line":541,"column":8},"end":{"line":541,"column":47}},"227":{"start":{"line":546,"column":8},"end":{"line":546,"column":35}},"228":{"start":{"line":551,"column":8},"end":{"line":551,"column":36}},"229":{"start":{"line":556,"column":8},"end":{"line":556,"column":76}},"230":{"start":{"line":561,"column":8},"end":{"line":561,"column":42}},"231":{"start":{"line":566,"column":8},"end":{"line":566,"column":37}},"232":{"start":{"line":573,"column":8},"end":{"line":573,"column":87}},"233":{"start":{"line":573,"column":37},"end":{"line":573,"column":87}},"234":{"start":{"line":574,"column":8},"end":{"line":574,"column":93}},"235":{"start":{"line":574,"column":40},"end":{"line":574,"column":93}},"236":{"start":{"line":575,"column":8},"end":{"line":575,"column":115}},"237":{"start":{"line":575,"column":48},"end":{"line":575,"column":115}},"238":{"start":{"line":577,"column":8},"end":{"line":577,"column":47}},"239":{"start":{"line":582,"column":8},"end":{"line":582,"column":47}},"240":{"start":{"line":587,"column":8},"end":{"line":587,"column":106}},"241":{"start":{"line":587,"column":37},"end":{"line":587,"column":106}},"242":{"start":{"line":589,"column":8},"end":{"line":608,"column":9}},"243":{"start":{"line":591,"column":12},"end":{"line":597,"column":13}},"244":{"start":{"line":593,"column":16},"end":{"line":593,"column":53}},"245":{"start":{"line":596,"column":16},"end":{"line":596,"column":89}},"246":{"start":{"line":596,"column":54},"end":{"line":596,"column":89}},"247":{"start":{"line":601,"column":12},"end":{"line":607,"column":13}},"248":{"start":{"line":603,"column":16},"end":{"line":603,"column":56}},"249":{"start":{"line":606,"column":16},"end":{"line":606,"column":128}},"250":{"start":{"line":606,"column":93},"end":{"line":606,"column":128}},"251":{"start":{"line":613,"column":8},"end":{"line":613,"column":52}},"252":{"start":{"line":618,"column":8},"end":{"line":618,"column":40}},"253":{"start":{"line":623,"column":8},"end":{"line":623,"column":41}},"254":{"start":{"line":628,"column":8},"end":{"line":628,"column":86}},"255":{"start":{"line":633,"column":8},"end":{"line":633,"column":47}},"256":{"start":{"line":638,"column":8},"end":{"line":638,"column":42}},"257":{"start":{"line":645,"column":24},"end":{"line":645,"column":42}},"258":{"start":{"line":646,"column":8},"end":{"line":650,"column":9}},"259":{"start":{"line":649,"column":12},"end":{"line":649,"column":45}},"260":{"start":{"line":651,"column":8},"end":{"line":651,"column":33}},"261":{"start":{"line":653,"column":26},"end":{"line":653,"column":60}},"262":{"start":{"line":654,"column":22},"end":{"line":654,"column":46}},"263":{"start":{"line":659,"column":8},"end":{"line":676,"column":9}},"264":{"start":{"line":662,"column":12},"end":{"line":665,"column":13}},"265":{"start":{"line":664,"column":16},"end":{"line":664,"column":37}},"266":{"start":{"line":667,"column":12},"end":{"line":667,"column":41}},"267":{"start":{"line":673,"column":12},"end":{"line":673,"column":149}},"268":{"start":{"line":673,"column":55},"end":{"line":673,"column":149}},"269":{"start":{"line":675,"column":12},"end":{"line":675,"column":44}},"270":{"start":{"line":678,"column":26},"end":{"line":678,"column":62}},"271":{"start":{"line":679,"column":23},"end":{"line":679,"column":48}},"272":{"start":{"line":683,"column":8},"end":{"line":683,"column":31}},"273":{"start":{"line":683,"column":20},"end":{"line":683,"column":31}},"274":{"start":{"line":684,"column":8},"end":{"line":684,"column":113}},"275":{"start":{"line":684,"column":39},"end":{"line":684,"column":113}},"276":{"start":{"line":685,"column":8},"end":{"line":685,"column":137}},"277":{"start":{"line":685,"column":51},"end":{"line":685,"column":137}},"278":{"start":{"line":687,"column":8},"end":{"line":687,"column":51}},"279":{"start":{"line":687,"column":25},"end":{"line":687,"column":51}},"280":{"start":{"line":689,"column":34},"end":{"line":689,"column":59}},"281":{"start":{"line":690,"column":8},"end":{"line":712,"column":9}},"282":{"start":{"line":692,"column":12},"end":{"line":711,"column":13}},"283":{"start":{"line":694,"column":35},"end":{"line":694,"column":61}},"284":{"start":{"line":695,"column":32},"end":{"line":695,"column":64}},"285":{"start":{"line":697,"column":37},"end":{"line":697,"column":39}},"286":{"start":{"line":698,"column":16},"end":{"line":698,"column":98}},"287":{"start":{"line":699,"column":16},"end":{"line":699,"column":87}},"288":{"start":{"line":700,"column":16},"end":{"line":710,"column":17}},"289":{"start":{"line":702,"column":37},"end":{"line":702,"column":50}},"290":{"start":{"line":703,"column":37},"end":{"line":703,"column":63}},"291":{"start":{"line":704,"column":38},"end":{"line":704,"column":65}},"292":{"start":{"line":706,"column":20},"end":{"line":706,"column":66}},"293":{"start":{"line":706,"column":51},"end":{"line":706,"column":66}},"294":{"start":{"line":707,"column":20},"end":{"line":707,"column":77}},"295":{"start":{"line":707,"column":52},"end":{"line":707,"column":77}},"296":{"start":{"line":709,"column":20},"end":{"line":709,"column":50}},"297":{"start":{"line":713,"column":8},"end":{"line":713,"column":19}},"298":{"start":{"line":718,"column":8},"end":{"line":718,"column":31}},"299":{"start":{"line":718,"column":20},"end":{"line":718,"column":31}},"300":{"start":{"line":719,"column":8},"end":{"line":719,"column":137}},"301":{"start":{"line":719,"column":51},"end":{"line":719,"column":137}},"302":{"start":{"line":721,"column":8},"end":{"line":721,"column":51}},"303":{"start":{"line":721,"column":25},"end":{"line":721,"column":51}},"304":{"start":{"line":723,"column":34},"end":{"line":723,"column":59}},"305":{"start":{"line":724,"column":8},"end":{"line":774,"column":9}},"306":{"start":{"line":726,"column":12},"end":{"line":773,"column":13}},"307":{"start":{"line":728,"column":35},"end":{"line":728,"column":61}},"308":{"start":{"line":729,"column":32},"end":{"line":729,"column":64}},"309":{"start":{"line":731,"column":37},"end":{"line":731,"column":39}},"310":{"start":{"line":732,"column":16},"end":{"line":732,"column":98}},"311":{"start":{"line":733,"column":16},"end":{"line":733,"column":87}},"312":{"start":{"line":734,"column":16},"end":{"line":772,"column":17}},"313":{"start":{"line":736,"column":37},"end":{"line":736,"column":50}},"314":{"start":{"line":737,"column":37},"end":{"line":737,"column":63}},"315":{"start":{"line":738,"column":38},"end":{"line":738,"column":65}},"316":{"start":{"line":740,"column":20},"end":{"line":751,"column":21}},"317":{"start":{"line":742,"column":24},"end":{"line":749,"column":25}},"318":{"start":{"line":744,"column":28},"end":{"line":744,"column":37}},"319":{"start":{"line":748,"column":28},"end":{"line":748,"column":43}},"320":{"start":{"line":752,"column":20},"end":{"line":752,"column":77}},"321":{"start":{"line":752,"column":52},"end":{"line":752,"column":77}},"322":{"start":{"line":754,"column":35},"end":{"line":754,"column":78}},"323":{"start":{"line":755,"column":20},"end":{"line":771,"column":21}},"324":{"start":{"line":758,"column":35},"end":{"line":758,"column":40}},"325":{"start":{"line":759,"column":24},"end":{"line":769,"column":25}},"326":{"start":{"line":761,"column":28},"end":{"line":768,"column":29}},"327":{"start":{"line":763,"column":32},"end":{"line":767,"column":33}},"328":{"start":{"line":765,"column":36},"end":{"line":765,"column":48}},"329":{"start":{"line":766,"column":36},"end":{"line":766,"column":42}},"330":{"start":{"line":770,"column":24},"end":{"line":770,"column":47}},"331":{"start":{"line":770,"column":35},"end":{"line":770,"column":47}},"332":{"start":{"line":776,"column":8},"end":{"line":776,"column":19}},"333":{"start":{"line":781,"column":8},"end":{"line":781,"column":31}},"334":{"start":{"line":781,"column":20},"end":{"line":781,"column":31}},"335":{"start":{"line":783,"column":8},"end":{"line":783,"column":33}},"336":{"start":{"line":784,"column":8},"end":{"line":821,"column":9}},"337":{"start":{"line":784,"column":21},"end":{"line":784,"column":22}},"338":{"start":{"line":786,"column":29},"end":{"line":786,"column":35}},"339":{"start":{"line":787,"column":30},"end":{"line":787,"column":41}},"340":{"start":{"line":788,"column":30},"end":{"line":788,"column":41}},"341":{"start":{"line":789,"column":32},"end":{"line":789,"column":70}},"342":{"start":{"line":790,"column":12},"end":{"line":820,"column":13}},"343":{"start":{"line":792,"column":35},"end":{"line":792,"column":64}},"344":{"start":{"line":793,"column":34},"end":{"line":793,"column":62}},"345":{"start":{"line":794,"column":35},"end":{"line":794,"column":64}},"346":{"start":{"line":796,"column":16},"end":{"line":819,"column":17}},"347":{"start":{"line":800,"column":37},"end":{"line":800,"column":54}},"348":{"start":{"line":801,"column":36},"end":{"line":801,"column":62}},"349":{"start":{"line":802,"column":20},"end":{"line":802,"column":67}},"350":{"start":{"line":802,"column":52},"end":{"line":802,"column":67}},"351":{"start":{"line":803,"column":20},"end":{"line":803,"column":79}},"352":{"start":{"line":803,"column":53},"end":{"line":803,"column":79}},"353":{"start":{"line":806,"column":31},"end":{"line":806,"column":36}},"354":{"start":{"line":807,"column":20},"end":{"line":817,"column":21}},"355":{"start":{"line":809,"column":24},"end":{"line":816,"column":25}},"356":{"start":{"line":811,"column":28},"end":{"line":815,"column":29}},"357":{"start":{"line":813,"column":32},"end":{"line":813,"column":44}},"358":{"start":{"line":814,"column":32},"end":{"line":814,"column":38}},"359":{"start":{"line":818,"column":20},"end":{"line":818,"column":61}},"360":{"start":{"line":818,"column":31},"end":{"line":818,"column":61}},"361":{"start":{"line":822,"column":8},"end":{"line":822,"column":19}},"362":{"start":{"line":827,"column":8},"end":{"line":827,"column":31}},"363":{"start":{"line":827,"column":20},"end":{"line":827,"column":31}},"364":{"start":{"line":828,"column":8},"end":{"line":828,"column":137}},"365":{"start":{"line":828,"column":51},"end":{"line":828,"column":137}},"366":{"start":{"line":830,"column":34},"end":{"line":830,"column":59}},"367":{"start":{"line":831,"column":8},"end":{"line":848,"column":9}},"368":{"start":{"line":833,"column":12},"end":{"line":847,"column":13}},"369":{"start":{"line":835,"column":35},"end":{"line":835,"column":61}},"370":{"start":{"line":836,"column":32},"end":{"line":836,"column":55}},"371":{"start":{"line":837,"column":16},"end":{"line":846,"column":17}},"372":{"start":{"line":839,"column":20},"end":{"line":845,"column":23}},"373":{"start":{"line":850,"column":8},"end":{"line":850,"column":19}},"374":{"start":{"line":855,"column":21},"end":{"line":855,"column":23}},"375":{"start":{"line":856,"column":8},"end":{"line":859,"column":9}},"376":{"start":{"line":858,"column":12},"end":{"line":858,"column":50}},"377":{"start":{"line":860,"column":8},"end":{"line":860,"column":22}},"378":{"start":{"line":861,"column":8},"end":{"line":864,"column":9}},"379":{"start":{"line":863,"column":12},"end":{"line":863,"column":55}},"380":{"start":{"line":865,"column":8},"end":{"line":865,"column":22}},"381":{"start":{"line":866,"column":8},"end":{"line":869,"column":9}},"382":{"start":{"line":868,"column":12},"end":{"line":868,"column":44}},"383":{"start":{"line":870,"column":8},"end":{"line":870,"column":22}},"384":{"start":{"line":871,"column":8},"end":{"line":871,"column":75}},"385":{"start":{"line":872,"column":8},"end":{"line":872,"column":34}},"386":{"start":{"line":878,"column":17},"end":{"line":878,"column":19}},"387":{"start":{"line":879,"column":4},"end":{"line":882,"column":5}},"388":{"start":{"line":881,"column":8},"end":{"line":881,"column":27}},"389":{"start":{"line":883,"column":4},"end":{"line":888,"column":5}},"390":{"start":{"line":885,"column":18},"end":{"line":885,"column":39}},"391":{"start":{"line":886,"column":8},"end":{"line":886,"column":35}},"392":{"start":{"line":886,"column":22},"end":{"line":886,"column":35}},"393":{"start":{"line":887,"column":8},"end":{"line":887,"column":26}},"394":{"start":{"line":889,"column":4},"end":{"line":889,"column":28}}},"fnMap":{"0":{"name":"(anonymous_0)","decl":{"start":{"line":13,"column":4},"end":{"line":13,"column":5}},"loc":{"start":{"line":14,"column":4},"end":{"line":19,"column":5}},"line":14},"1":{"name":"(anonymous_1)","decl":{"start":{"line":21,"column":4},"end":{"line":21,"column":5}},"loc":{"start":{"line":22,"column":4},"end":{"line":28,"column":5}},"line":22},"2":{"name":"(anonymous_2)","decl":{"start":{"line":30,"column":4},"end":{"line":30,"column":5}},"loc":{"start":{"line":30,"column":20},"end":{"line":30,"column":43}},"line":30},"3":{"name":"(anonymous_3)","decl":{"start":{"line":32,"column":4},"end":{"line":32,"column":5}},"loc":{"start":{"line":32,"column":17},"end":{"line":32,"column":37}},"line":32},"4":{"name":"(anonymous_4)","decl":{"start":{"line":33,"column":4},"end":{"line":33,"column":5}},"loc":{"start":{"line":33,"column":16},"end":{"line":33,"column":37}},"line":33},"5":{"name":"(anonymous_5)","decl":{"start":{"line":35,"column":4},"end":{"line":35,"column":5}},"loc":{"start":{"line":36,"column":4},"end":{"line":38,"column":5}},"line":36},"6":{"name":"(anonymous_6)","decl":{"start":{"line":43,"column":4},"end":{"line":43,"column":5}},"loc":{"start":{"line":44,"column":4},"end":{"line":48,"column":5}},"line":44},"7":{"name":"(anonymous_7)","decl":{"start":{"line":50,"column":4},"end":{"line":50,"column":5}},"loc":{"start":{"line":51,"column":4},"end":{"line":62,"column":5}},"line":51},"8":{"name":"(anonymous_8)","decl":{"start":{"line":64,"column":4},"end":{"line":64,"column":5}},"loc":{"start":{"line":64,"column":21},"end":{"line":64,"column":43}},"line":64},"9":{"name":"(anonymous_9)","decl":{"start":{"line":65,"column":4},"end":{"line":65,"column":5}},"loc":{"start":{"line":65,"column":26},"end":{"line":65,"column":46}},"line":65},"10":{"name":"(anonymous_10)","decl":{"start":{"line":67,"column":4},"end":{"line":67,"column":5}},"loc":{"start":{"line":68,"column":4},"end":{"line":71,"column":5}},"line":68},"11":{"name":"(anonymous_11)","decl":{"start":{"line":73,"column":4},"end":{"line":73,"column":5}},"loc":{"start":{"line":74,"column":4},"end":{"line":89,"column":5}},"line":74},"12":{"name":"(anonymous_12)","decl":{"start":{"line":91,"column":4},"end":{"line":91,"column":5}},"loc":{"start":{"line":92,"column":4},"end":{"line":104,"column":5}},"line":92},"13":{"name":"(anonymous_13)","decl":{"start":{"line":106,"column":4},"end":{"line":106,"column":5}},"loc":{"start":{"line":106,"column":17},"end":{"line":106,"column":51}},"line":106},"14":{"name":"(anonymous_14)","decl":{"start":{"line":108,"column":4},"end":{"line":108,"column":5}},"loc":{"start":{"line":109,"column":4},"end":{"line":116,"column":5}},"line":109},"15":{"name":"(anonymous_15)","decl":{"start":{"line":121,"column":4},"end":{"line":121,"column":5}},"loc":{"start":{"line":122,"column":4},"end":{"line":126,"column":5}},"line":122},"16":{"name":"(anonymous_16)","decl":{"start":{"line":128,"column":4},"end":{"line":128,"column":5}},"loc":{"start":{"line":128,"column":20},"end":{"line":128,"column":42}},"line":128},"17":{"name":"(anonymous_17)","decl":{"start":{"line":129,"column":4},"end":{"line":129,"column":5}},"loc":{"start":{"line":129,"column":19},"end":{"line":129,"column":40}},"line":129},"18":{"name":"(anonymous_18)","decl":{"start":{"line":130,"column":4},"end":{"line":130,"column":5}},"loc":{"start":{"line":130,"column":20},"end":{"line":130,"column":42}},"line":130},"19":{"name":"(anonymous_19)","decl":{"start":{"line":132,"column":4},"end":{"line":132,"column":5}},"loc":{"start":{"line":133,"column":4},"end":{"line":135,"column":5}},"line":133},"20":{"name":"(anonymous_20)","decl":{"start":{"line":140,"column":4},"end":{"line":140,"column":5}},"loc":{"start":{"line":141,"column":4},"end":{"line":155,"column":5}},"line":141},"21":{"name":"(anonymous_21)","decl":{"start":{"line":165,"column":4},"end":{"line":165,"column":5}},"loc":{"start":{"line":166,"column":4},"end":{"line":225,"column":5}},"line":166},"22":{"name":"(anonymous_22)","decl":{"start":{"line":227,"column":4},"end":{"line":227,"column":5}},"loc":{"start":{"line":228,"column":4},"end":{"line":239,"column":5}},"line":228},"23":{"name":"(anonymous_23)","decl":{"start":{"line":241,"column":4},"end":{"line":241,"column":5}},"loc":{"start":{"line":242,"column":4},"end":{"line":246,"column":5}},"line":242},"24":{"name":"(anonymous_24)","decl":{"start":{"line":247,"column":4},"end":{"line":247,"column":5}},"loc":{"start":{"line":247,"column":14},"end":{"line":247,"column":50}},"line":247},"25":{"name":"(anonymous_25)","decl":{"start":{"line":248,"column":4},"end":{"line":248,"column":5}},"loc":{"start":{"line":248,"column":16},"end":{"line":248,"column":40}},"line":248},"26":{"name":"(anonymous_26)","decl":{"start":{"line":250,"column":4},"end":{"line":250,"column":5}},"loc":{"start":{"line":251,"column":4},"end":{"line":253,"column":5}},"line":251},"27":{"name":"(anonymous_27)","decl":{"start":{"line":255,"column":4},"end":{"line":255,"column":5}},"loc":{"start":{"line":256,"column":4},"end":{"line":264,"column":5}},"line":256},"28":{"name":"(anonymous_28)","decl":{"start":{"line":266,"column":4},"end":{"line":266,"column":5}},"loc":{"start":{"line":267,"column":4},"end":{"line":288,"column":5}},"line":267},"29":{"name":"(anonymous_29)","decl":{"start":{"line":290,"column":4},"end":{"line":290,"column":5}},"loc":{"start":{"line":291,"column":4},"end":{"line":300,"column":5}},"line":291},"30":{"name":"(anonymous_30)","decl":{"start":{"line":302,"column":4},"end":{"line":302,"column":5}},"loc":{"start":{"line":303,"column":4},"end":{"line":312,"column":5}},"line":303},"31":{"name":"(anonymous_31)","decl":{"start":{"line":314,"column":4},"end":{"line":314,"column":5}},"loc":{"start":{"line":315,"column":4},"end":{"line":317,"column":5}},"line":315},"32":{"name":"(anonymous_32)","decl":{"start":{"line":319,"column":4},"end":{"line":319,"column":5}},"loc":{"start":{"line":319,"column":20},"end":{"line":319,"column":68}},"line":319},"33":{"name":"(anonymous_33)","decl":{"start":{"line":321,"column":4},"end":{"line":321,"column":5}},"loc":{"start":{"line":321,"column":16},"end":{"line":321,"column":49}},"line":321},"34":{"name":"(anonymous_34)","decl":{"start":{"line":323,"column":4},"end":{"line":323,"column":5}},"loc":{"start":{"line":323,"column":20},"end":{"line":323,"column":49}},"line":323},"35":{"name":"(anonymous_35)","decl":{"start":{"line":325,"column":4},"end":{"line":325,"column":5}},"loc":{"start":{"line":326,"column":4},"end":{"line":359,"column":5}},"line":326},"36":{"name":"(anonymous_36)","decl":{"start":{"line":362,"column":4},"end":{"line":362,"column":5}},"loc":{"start":{"line":363,"column":4},"end":{"line":401,"column":5}},"line":363},"37":{"name":"(anonymous_37)","decl":{"start":{"line":403,"column":4},"end":{"line":403,"column":5}},"loc":{"start":{"line":404,"column":4},"end":{"line":412,"column":5}},"line":404},"38":{"name":"(anonymous_38)","decl":{"start":{"line":414,"column":4},"end":{"line":414,"column":5}},"loc":{"start":{"line":415,"column":4},"end":{"line":419,"column":5}},"line":415},"39":{"name":"(anonymous_39)","decl":{"start":{"line":421,"column":4},"end":{"line":421,"column":5}},"loc":{"start":{"line":421,"column":21},"end":{"line":421,"column":59}},"line":421},"40":{"name":"(anonymous_40)","decl":{"start":{"line":423,"column":4},"end":{"line":423,"column":5}},"loc":{"start":{"line":424,"column":4},"end":{"line":430,"column":5}},"line":424},"41":{"name":"(anonymous_41)","decl":{"start":{"line":432,"column":4},"end":{"line":432,"column":5}},"loc":{"start":{"line":433,"column":4},"end":{"line":439,"column":5}},"line":433},"42":{"name":"(anonymous_42)","decl":{"start":{"line":441,"column":4},"end":{"line":441,"column":5}},"loc":{"start":{"line":442,"column":4},"end":{"line":468,"column":5}},"line":442},"43":{"name":"(anonymous_43)","decl":{"start":{"line":470,"column":4},"end":{"line":470,"column":5}},"loc":{"start":{"line":471,"column":4},"end":{"line":497,"column":5}},"line":471},"44":{"name":"(anonymous_44)","decl":{"start":{"line":499,"column":4},"end":{"line":499,"column":5}},"loc":{"start":{"line":500,"column":4},"end":{"line":506,"column":5}},"line":500},"45":{"name":"(anonymous_45)","decl":{"start":{"line":508,"column":4},"end":{"line":508,"column":5}},"loc":{"start":{"line":509,"column":4},"end":{"line":511,"column":5}},"line":509},"46":{"name":"(anonymous_46)","decl":{"start":{"line":513,"column":4},"end":{"line":513,"column":5}},"loc":{"start":{"line":514,"column":4},"end":{"line":537,"column":5}},"line":514},"47":{"name":"(anonymous_47)","decl":{"start":{"line":539,"column":4},"end":{"line":539,"column":5}},"loc":{"start":{"line":540,"column":4},"end":{"line":542,"column":5}},"line":540},"48":{"name":"(anonymous_48)","decl":{"start":{"line":544,"column":4},"end":{"line":544,"column":5}},"loc":{"start":{"line":545,"column":4},"end":{"line":547,"column":5}},"line":545},"49":{"name":"(anonymous_49)","decl":{"start":{"line":549,"column":4},"end":{"line":549,"column":5}},"loc":{"start":{"line":550,"column":4},"end":{"line":552,"column":5}},"line":550},"50":{"name":"(anonymous_50)","decl":{"start":{"line":554,"column":4},"end":{"line":554,"column":5}},"loc":{"start":{"line":555,"column":4},"end":{"line":557,"column":5}},"line":555},"51":{"name":"(anonymous_51)","decl":{"start":{"line":559,"column":4},"end":{"line":559,"column":5}},"loc":{"start":{"line":560,"column":4},"end":{"line":562,"column":5}},"line":560},"52":{"name":"(anonymous_52)","decl":{"start":{"line":564,"column":4},"end":{"line":564,"column":5}},"loc":{"start":{"line":565,"column":4},"end":{"line":567,"column":5}},"line":565},"53":{"name":"(anonymous_53)","decl":{"start":{"line":571,"column":4},"end":{"line":571,"column":5}},"loc":{"start":{"line":572,"column":4},"end":{"line":578,"column":5}},"line":572},"54":{"name":"(anonymous_54)","decl":{"start":{"line":580,"column":4},"end":{"line":580,"column":5}},"loc":{"start":{"line":581,"column":4},"end":{"line":583,"column":5}},"line":581},"55":{"name":"(anonymous_55)","decl":{"start":{"line":585,"column":4},"end":{"line":585,"column":5}},"loc":{"start":{"line":586,"column":4},"end":{"line":609,"column":5}},"line":586},"56":{"name":"(anonymous_56)","decl":{"start":{"line":611,"column":4},"end":{"line":611,"column":5}},"loc":{"start":{"line":612,"column":4},"end":{"line":614,"column":5}},"line":612},"57":{"name":"(anonymous_57)","decl":{"start":{"line":616,"column":4},"end":{"line":616,"column":5}},"loc":{"start":{"line":617,"column":4},"end":{"line":619,"column":5}},"line":617},"58":{"name":"(anonymous_58)","decl":{"start":{"line":621,"column":4},"end":{"line":621,"column":5}},"loc":{"start":{"line":622,"column":4},"end":{"line":624,"column":5}},"line":622},"59":{"name":"(anonymous_59)","decl":{"start":{"line":626,"column":4},"end":{"line":626,"column":5}},"loc":{"start":{"line":627,"column":4},"end":{"line":629,"column":5}},"line":627},"60":{"name":"(anonymous_60)","decl":{"start":{"line":631,"column":4},"end":{"line":631,"column":5}},"loc":{"start":{"line":632,"column":4},"end":{"line":634,"column":5}},"line":632},"61":{"name":"(anonymous_61)","decl":{"start":{"line":636,"column":4},"end":{"line":636,"column":5}},"loc":{"start":{"line":637,"column":4},"end":{"line":639,"column":5}},"line":637},"62":{"name":"(anonymous_62)","decl":{"start":{"line":643,"column":4},"end":{"line":643,"column":5}},"loc":{"start":{"line":644,"column":4},"end":{"line":652,"column":5}},"line":644},"63":{"name":"(anonymous_63)","decl":{"start":{"line":653,"column":4},"end":{"line":653,"column":5}},"loc":{"start":{"line":653,"column":24},"end":{"line":653,"column":62}},"line":653},"64":{"name":"(anonymous_64)","decl":{"start":{"line":654,"column":4},"end":{"line":654,"column":5}},"loc":{"start":{"line":654,"column":20},"end":{"line":654,"column":48}},"line":654},"65":{"name":"(anonymous_65)","decl":{"start":{"line":656,"column":4},"end":{"line":656,"column":5}},"loc":{"start":{"line":657,"column":4},"end":{"line":677,"column":5}},"line":657},"66":{"name":"(anonymous_66)","decl":{"start":{"line":678,"column":4},"end":{"line":678,"column":5}},"loc":{"start":{"line":678,"column":24},"end":{"line":678,"column":64}},"line":678},"67":{"name":"(anonymous_67)","decl":{"start":{"line":679,"column":4},"end":{"line":679,"column":5}},"loc":{"start":{"line":679,"column":21},"end":{"line":679,"column":50}},"line":679},"68":{"name":"(anonymous_68)","decl":{"start":{"line":681,"column":4},"end":{"line":681,"column":5}},"loc":{"start":{"line":682,"column":4},"end":{"line":714,"column":5}},"line":682},"69":{"name":"(anonymous_69)","decl":{"start":{"line":716,"column":4},"end":{"line":716,"column":5}},"loc":{"start":{"line":717,"column":4},"end":{"line":777,"column":5}},"line":717},"70":{"name":"(anonymous_70)","decl":{"start":{"line":779,"column":4},"end":{"line":779,"column":5}},"loc":{"start":{"line":780,"column":4},"end":{"line":823,"column":5}},"line":780},"71":{"name":"(anonymous_71)","decl":{"start":{"line":825,"column":4},"end":{"line":825,"column":5}},"loc":{"start":{"line":826,"column":4},"end":{"line":851,"column":5}},"line":826},"72":{"name":"(anonymous_72)","decl":{"start":{"line":853,"column":4},"end":{"line":853,"column":5}},"loc":{"start":{"line":854,"column":4},"end":{"line":873,"column":5}},"line":854},"73":{"name":"isEqualStack","decl":{"start":{"line":876,"column":9},"end":{"line":876,"column":21}},"loc":{"start":{"line":877,"column":0},"end":{"line":890,"column":1}},"line":877}},"branchMap":{"0":{"loc":{"start":{"line":13,"column":16},"end":{"line":13,"column":26}},"type":"default-arg","locations":[{"start":{"line":13,"column":24},"end":{"line":13,"column":26}}],"line":13},"1":{"loc":{"start":{"line":13,"column":28},"end":{"line":13,"column":38}},"type":"default-arg","locations":[{"start":{"line":13,"column":34},"end":{"line":13,"column":38}}],"line":13},"2":{"loc":{"start":{"line":18,"column":19},"end":{"line":18,"column":104}},"type":"cond-expr","locations":[{"start":{"line":18,"column":72},"end":{"line":18,"column":95}},{"start":{"line":18,"column":98},"end":{"line":18,"column":104}}],"line":18},"3":{"loc":{"start":{"line":18,"column":19},"end":{"line":18,"column":69}},"type":"binary-expr","locations":[{"start":{"line":18,"column":19},"end":{"line":18,"column":22}},{"start":{"line":18,"column":26},"end":{"line":18,"column":69}}],"line":18},"4":{"loc":{"start":{"line":73,"column":20},"end":{"line":73,"column":30}},"type":"default-arg","locations":[{"start":{"line":73,"column":26},"end":{"line":73,"column":30}}],"line":73},"5":{"loc":{"start":{"line":73,"column":32},"end":{"line":73,"column":43}},"type":"default-arg","locations":[{"start":{"line":73,"column":39},"end":{"line":73,"column":43}}],"line":73},"6":{"loc":{"start":{"line":77,"column":12},"end":{"line":86,"column":13}},"type":"if","locations":[{"start":{"line":77,"column":12},"end":{"line":86,"column":13}},{"start":{"line":77,"column":12},"end":{"line":86,"column":13}}],"line":77},"7":{"loc":{"start":{"line":79,"column":16},"end":{"line":85,"column":17}},"type":"if","locations":[{"start":{"line":79,"column":16},"end":{"line":85,"column":17}},{"start":{"line":79,"column":16},"end":{"line":85,"column":17}}],"line":79},"8":{"loc":{"start":{"line":79,"column":20},"end":{"line":79,"column":57}},"type":"binary-expr","locations":[{"start":{"line":79,"column":20},"end":{"line":79,"column":24}},{"start":{"line":79,"column":28},"end":{"line":79,"column":57}}],"line":79},"9":{"loc":{"start":{"line":81,"column":20},"end":{"line":84,"column":21}},"type":"if","locations":[{"start":{"line":81,"column":20},"end":{"line":84,"column":21}},{"start":{"line":81,"column":20},"end":{"line":84,"column":21}}],"line":81},"10":{"loc":{"start":{"line":81,"column":24},"end":{"line":81,"column":64}},"type":"binary-expr","locations":[{"start":{"line":81,"column":24},"end":{"line":81,"column":29}},{"start":{"line":81,"column":33},"end":{"line":81,"column":64}}],"line":81},"11":{"loc":{"start":{"line":91,"column":30},"end":{"line":91,"column":40}},"type":"default-arg","locations":[{"start":{"line":91,"column":36},"end":{"line":91,"column":40}}],"line":91},"12":{"loc":{"start":{"line":91,"column":42},"end":{"line":91,"column":50}},"type":"default-arg","locations":[{"start":{"line":91,"column":48},"end":{"line":91,"column":50}}],"line":91},"13":{"loc":{"start":{"line":95,"column":12},"end":{"line":101,"column":13}},"type":"if","locations":[{"start":{"line":95,"column":12},"end":{"line":101,"column":13}},{"start":{"line":95,"column":12},"end":{"line":101,"column":13}}],"line":95},"14":{"loc":{"start":{"line":97,"column":16},"end":{"line":100,"column":17}},"type":"if","locations":[{"start":{"line":97,"column":16},"end":{"line":100,"column":17}},{"start":{"line":97,"column":16},"end":{"line":100,"column":17}}],"line":97},"15":{"loc":{"start":{"line":97,"column":20},"end":{"line":97,"column":57}},"type":"binary-expr","locations":[{"start":{"line":97,"column":20},"end":{"line":97,"column":24}},{"start":{"line":97,"column":28},"end":{"line":97,"column":57}}],"line":97},"16":{"loc":{"start":{"line":168,"column":8},"end":{"line":168,"column":33}},"type":"if","locations":[{"start":{"line":168,"column":8},"end":{"line":168,"column":33}},{"start":{"line":168,"column":8},"end":{"line":168,"column":33}}],"line":168},"17":{"loc":{"start":{"line":180,"column":12},"end":{"line":183,"column":13}},"type":"if","locations":[{"start":{"line":180,"column":12},"end":{"line":183,"column":13}},{"start":{"line":180,"column":12},"end":{"line":183,"column":13}}],"line":180},"18":{"loc":{"start":{"line":185,"column":12},"end":{"line":188,"column":13}},"type":"if","locations":[{"start":{"line":185,"column":12},"end":{"line":188,"column":13}},{"start":{"line":185,"column":12},"end":{"line":188,"column":13}}],"line":185},"19":{"loc":{"start":{"line":250,"column":16},"end":{"line":250,"column":26}},"type":"default-arg","locations":[{"start":{"line":250,"column":24},"end":{"line":250,"column":26}}],"line":250},"20":{"loc":{"start":{"line":258,"column":8},"end":{"line":258,"column":106}},"type":"if","locations":[{"start":{"line":258,"column":8},"end":{"line":258,"column":106}},{"start":{"line":258,"column":8},"end":{"line":258,"column":106}}],"line":258},"21":{"loc":{"start":{"line":260,"column":8},"end":{"line":260,"column":61}},"type":"if","locations":[{"start":{"line":260,"column":8},"end":{"line":260,"column":61}},{"start":{"line":260,"column":8},"end":{"line":260,"column":61}}],"line":260},"22":{"loc":{"start":{"line":269,"column":8},"end":{"line":269,"column":53}},"type":"if","locations":[{"start":{"line":269,"column":8},"end":{"line":269,"column":53}},{"start":{"line":269,"column":8},"end":{"line":269,"column":53}}],"line":269},"23":{"loc":{"start":{"line":273,"column":8},"end":{"line":285,"column":9}},"type":"if","locations":[{"start":{"line":273,"column":8},"end":{"line":285,"column":9}},{"start":{"line":273,"column":8},"end":{"line":285,"column":9}}],"line":273},"24":{"loc":{"start":{"line":275,"column":12},"end":{"line":284,"column":13}},"type":"if","locations":[{"start":{"line":275,"column":12},"end":{"line":284,"column":13}},{"start":{"line":275,"column":12},"end":{"line":284,"column":13}}],"line":275},"25":{"loc":{"start":{"line":294,"column":12},"end":{"line":297,"column":13}},"type":"if","locations":[{"start":{"line":294,"column":12},"end":{"line":297,"column":13}},{"start":{"line":294,"column":12},"end":{"line":297,"column":13}}],"line":294},"26":{"loc":{"start":{"line":302,"column":28},"end":{"line":302,"column":36}},"type":"default-arg","locations":[{"start":{"line":302,"column":34},"end":{"line":302,"column":36}}],"line":302},"27":{"loc":{"start":{"line":306,"column":12},"end":{"line":309,"column":13}},"type":"if","locations":[{"start":{"line":306,"column":12},"end":{"line":309,"column":13}},{"start":{"line":306,"column":12},"end":{"line":309,"column":13}}],"line":306},"28":{"loc":{"start":{"line":327,"column":8},"end":{"line":327,"column":141}},"type":"if","locations":[{"start":{"line":327,"column":8},"end":{"line":327,"column":141}},{"start":{"line":327,"column":8},"end":{"line":327,"column":141}}],"line":327},"29":{"loc":{"start":{"line":328,"column":8},"end":{"line":328,"column":137}},"type":"if","locations":[{"start":{"line":328,"column":8},"end":{"line":328,"column":137}},{"start":{"line":328,"column":8},"end":{"line":328,"column":137}}],"line":328},"30":{"loc":{"start":{"line":329,"column":8},"end":{"line":329,"column":118}},"type":"if","locations":[{"start":{"line":329,"column":8},"end":{"line":329,"column":118}},{"start":{"line":329,"column":8},"end":{"line":329,"column":118}}],"line":329},"31":{"loc":{"start":{"line":330,"column":8},"end":{"line":330,"column":116}},"type":"if","locations":[{"start":{"line":330,"column":8},"end":{"line":330,"column":116}},{"start":{"line":330,"column":8},"end":{"line":330,"column":116}}],"line":330},"32":{"loc":{"start":{"line":331,"column":8},"end":{"line":331,"column":118}},"type":"if","locations":[{"start":{"line":331,"column":8},"end":{"line":331,"column":118}},{"start":{"line":331,"column":8},"end":{"line":331,"column":118}}],"line":331},"33":{"loc":{"start":{"line":334,"column":8},"end":{"line":352,"column":9}},"type":"if","locations":[{"start":{"line":334,"column":8},"end":{"line":352,"column":9}},{"start":{"line":334,"column":8},"end":{"line":352,"column":9}}],"line":334},"34":{"loc":{"start":{"line":337,"column":12},"end":{"line":345,"column":13}},"type":"if","locations":[{"start":{"line":337,"column":12},"end":{"line":345,"column":13}},{"start":{"line":337,"column":12},"end":{"line":345,"column":13}}],"line":337},"35":{"loc":{"start":{"line":362,"column":31},"end":{"line":362,"column":44}},"type":"default-arg","locations":[{"start":{"line":362,"column":40},"end":{"line":362,"column":44}}],"line":362},"36":{"loc":{"start":{"line":365,"column":8},"end":{"line":365,"column":64}},"type":"if","locations":[{"start":{"line":365,"column":8},"end":{"line":365,"column":64}},{"start":{"line":365,"column":8},"end":{"line":365,"column":64}}],"line":365},"37":{"loc":{"start":{"line":371,"column":8},"end":{"line":400,"column":9}},"type":"if","locations":[{"start":{"line":371,"column":8},"end":{"line":400,"column":9}},{"start":{"line":371,"column":8},"end":{"line":400,"column":9}}],"line":371},"38":{"loc":{"start":{"line":374,"column":12},"end":{"line":386,"column":13}},"type":"if","locations":[{"start":{"line":374,"column":12},"end":{"line":386,"column":13}},{"start":{"line":374,"column":12},"end":{"line":386,"column":13}}],"line":374},"39":{"loc":{"start":{"line":380,"column":16},"end":{"line":380,"column":81}},"type":"if","locations":[{"start":{"line":380,"column":16},"end":{"line":380,"column":81}},{"start":{"line":380,"column":16},"end":{"line":380,"column":81}}],"line":380},"40":{"loc":{"start":{"line":403,"column":28},"end":{"line":403,"column":41}},"type":"default-arg","locations":[{"start":{"line":403,"column":37},"end":{"line":403,"column":41}}],"line":403},"41":{"loc":{"start":{"line":406,"column":8},"end":{"line":406,"column":64}},"type":"if","locations":[{"start":{"line":406,"column":8},"end":{"line":406,"column":64}},{"start":{"line":406,"column":8},"end":{"line":406,"column":64}}],"line":406},"42":{"loc":{"start":{"line":408,"column":8},"end":{"line":408,"column":33}},"type":"if","locations":[{"start":{"line":408,"column":8},"end":{"line":408,"column":33}},{"start":{"line":408,"column":8},"end":{"line":408,"column":33}}],"line":408},"43":{"loc":{"start":{"line":417,"column":8},"end":{"line":417,"column":63}},"type":"if","locations":[{"start":{"line":417,"column":8},"end":{"line":417,"column":63}},{"start":{"line":417,"column":8},"end":{"line":417,"column":63}}],"line":417},"44":{"loc":{"start":{"line":426,"column":8},"end":{"line":426,"column":44}},"type":"if","locations":[{"start":{"line":426,"column":8},"end":{"line":426,"column":44}},{"start":{"line":426,"column":8},"end":{"line":426,"column":44}}],"line":426},"45":{"loc":{"start":{"line":428,"column":28},"end":{"line":428,"column":59}},"type":"binary-expr","locations":[{"start":{"line":428,"column":28},"end":{"line":428,"column":54}},{"start":{"line":428,"column":58},"end":{"line":428,"column":59}}],"line":428},"46":{"loc":{"start":{"line":435,"column":8},"end":{"line":435,"column":49}},"type":"if","locations":[{"start":{"line":435,"column":8},"end":{"line":435,"column":49}},{"start":{"line":435,"column":8},"end":{"line":435,"column":49}}],"line":435},"47":{"loc":{"start":{"line":437,"column":28},"end":{"line":437,"column":69}},"type":"binary-expr","locations":[{"start":{"line":437,"column":28},"end":{"line":437,"column":64}},{"start":{"line":437,"column":68},"end":{"line":437,"column":69}}],"line":437},"48":{"loc":{"start":{"line":443,"column":8},"end":{"line":443,"column":111}},"type":"if","locations":[{"start":{"line":443,"column":8},"end":{"line":443,"column":111}},{"start":{"line":443,"column":8},"end":{"line":443,"column":111}}],"line":443},"49":{"loc":{"start":{"line":446,"column":8},"end":{"line":446,"column":44}},"type":"if","locations":[{"start":{"line":446,"column":8},"end":{"line":446,"column":44}},{"start":{"line":446,"column":8},"end":{"line":446,"column":44}}],"line":446},"50":{"loc":{"start":{"line":450,"column":8},"end":{"line":467,"column":9}},"type":"if","locations":[{"start":{"line":450,"column":8},"end":{"line":467,"column":9}},{"start":{"line":450,"column":8},"end":{"line":467,"column":9}}],"line":450},"51":{"loc":{"start":{"line":452,"column":12},"end":{"line":461,"column":13}},"type":"if","locations":[{"start":{"line":452,"column":12},"end":{"line":461,"column":13}},{"start":{"line":452,"column":12},"end":{"line":461,"column":13}}],"line":452},"52":{"loc":{"start":{"line":472,"column":8},"end":{"line":472,"column":116}},"type":"if","locations":[{"start":{"line":472,"column":8},"end":{"line":472,"column":116}},{"start":{"line":472,"column":8},"end":{"line":472,"column":116}}],"line":472},"53":{"loc":{"start":{"line":475,"column":8},"end":{"line":475,"column":44}},"type":"if","locations":[{"start":{"line":475,"column":8},"end":{"line":475,"column":44}},{"start":{"line":475,"column":8},"end":{"line":475,"column":44}}],"line":475},"54":{"loc":{"start":{"line":479,"column":8},"end":{"line":496,"column":9}},"type":"if","locations":[{"start":{"line":479,"column":8},"end":{"line":496,"column":9}},{"start":{"line":479,"column":8},"end":{"line":496,"column":9}}],"line":479},"55":{"loc":{"start":{"line":481,"column":12},"end":{"line":490,"column":13}},"type":"if","locations":[{"start":{"line":481,"column":12},"end":{"line":490,"column":13}},{"start":{"line":481,"column":12},"end":{"line":490,"column":13}}],"line":481},"56":{"loc":{"start":{"line":501,"column":8},"end":{"line":501,"column":87}},"type":"if","locations":[{"start":{"line":501,"column":8},"end":{"line":501,"column":87}},{"start":{"line":501,"column":8},"end":{"line":501,"column":87}}],"line":501},"57":{"loc":{"start":{"line":502,"column":8},"end":{"line":502,"column":93}},"type":"if","locations":[{"start":{"line":502,"column":8},"end":{"line":502,"column":93}},{"start":{"line":502,"column":8},"end":{"line":502,"column":93}}],"line":502},"58":{"loc":{"start":{"line":503,"column":8},"end":{"line":503,"column":115}},"type":"if","locations":[{"start":{"line":503,"column":8},"end":{"line":503,"column":115}},{"start":{"line":503,"column":8},"end":{"line":503,"column":115}}],"line":503},"59":{"loc":{"start":{"line":513,"column":28},"end":{"line":513,"column":41}},"type":"default-arg","locations":[{"start":{"line":513,"column":37},"end":{"line":513,"column":41}}],"line":513},"60":{"loc":{"start":{"line":515,"column":8},"end":{"line":515,"column":106}},"type":"if","locations":[{"start":{"line":515,"column":8},"end":{"line":515,"column":106}},{"start":{"line":515,"column":8},"end":{"line":515,"column":106}}],"line":515},"61":{"loc":{"start":{"line":517,"column":8},"end":{"line":536,"column":9}},"type":"if","locations":[{"start":{"line":517,"column":8},"end":{"line":536,"column":9}},{"start":{"line":517,"column":8},"end":{"line":536,"column":9}}],"line":517},"62":{"loc":{"start":{"line":519,"column":12},"end":{"line":525,"column":13}},"type":"if","locations":[{"start":{"line":519,"column":12},"end":{"line":525,"column":13}},{"start":{"line":519,"column":12},"end":{"line":525,"column":13}}],"line":519},"63":{"loc":{"start":{"line":524,"column":16},"end":{"line":524,"column":79}},"type":"if","locations":[{"start":{"line":524,"column":16},"end":{"line":524,"column":79}},{"start":{"line":524,"column":16},"end":{"line":524,"column":79}}],"line":524},"64":{"loc":{"start":{"line":529,"column":12},"end":{"line":535,"column":13}},"type":"if","locations":[{"start":{"line":529,"column":12},"end":{"line":535,"column":13}},{"start":{"line":529,"column":12},"end":{"line":535,"column":13}}],"line":529},"65":{"loc":{"start":{"line":534,"column":16},"end":{"line":534,"column":113}},"type":"if","locations":[{"start":{"line":534,"column":16},"end":{"line":534,"column":113}},{"start":{"line":534,"column":16},"end":{"line":534,"column":113}}],"line":534},"66":{"loc":{"start":{"line":534,"column":20},"end":{"line":534,"column":81}},"type":"binary-expr","locations":[{"start":{"line":534,"column":20},"end":{"line":534,"column":46}},{"start":{"line":534,"column":50},"end":{"line":534,"column":81}}],"line":534},"67":{"loc":{"start":{"line":556,"column":15},"end":{"line":556,"column":75}},"type":"binary-expr","locations":[{"start":{"line":556,"column":15},"end":{"line":556,"column":41}},{"start":{"line":556,"column":45},"end":{"line":556,"column":75}}],"line":556},"68":{"loc":{"start":{"line":573,"column":8},"end":{"line":573,"column":87}},"type":"if","locations":[{"start":{"line":573,"column":8},"end":{"line":573,"column":87}},{"start":{"line":573,"column":8},"end":{"line":573,"column":87}}],"line":573},"69":{"loc":{"start":{"line":574,"column":8},"end":{"line":574,"column":93}},"type":"if","locations":[{"start":{"line":574,"column":8},"end":{"line":574,"column":93}},{"start":{"line":574,"column":8},"end":{"line":574,"column":93}}],"line":574},"70":{"loc":{"start":{"line":575,"column":8},"end":{"line":575,"column":115}},"type":"if","locations":[{"start":{"line":575,"column":8},"end":{"line":575,"column":115}},{"start":{"line":575,"column":8},"end":{"line":575,"column":115}}],"line":575},"71":{"loc":{"start":{"line":585,"column":33},"end":{"line":585,"column":46}},"type":"default-arg","locations":[{"start":{"line":585,"column":42},"end":{"line":585,"column":46}}],"line":585},"72":{"loc":{"start":{"line":587,"column":8},"end":{"line":587,"column":106}},"type":"if","locations":[{"start":{"line":587,"column":8},"end":{"line":587,"column":106}},{"start":{"line":587,"column":8},"end":{"line":587,"column":106}}],"line":587},"73":{"loc":{"start":{"line":589,"column":8},"end":{"line":608,"column":9}},"type":"if","locations":[{"start":{"line":589,"column":8},"end":{"line":608,"column":9}},{"start":{"line":589,"column":8},"end":{"line":608,"column":9}}],"line":589},"74":{"loc":{"start":{"line":591,"column":12},"end":{"line":597,"column":13}},"type":"if","locations":[{"start":{"line":591,"column":12},"end":{"line":597,"column":13}},{"start":{"line":591,"column":12},"end":{"line":597,"column":13}}],"line":591},"75":{"loc":{"start":{"line":596,"column":16},"end":{"line":596,"column":89}},"type":"if","locations":[{"start":{"line":596,"column":16},"end":{"line":596,"column":89}},{"start":{"line":596,"column":16},"end":{"line":596,"column":89}}],"line":596},"76":{"loc":{"start":{"line":601,"column":12},"end":{"line":607,"column":13}},"type":"if","locations":[{"start":{"line":601,"column":12},"end":{"line":607,"column":13}},{"start":{"line":601,"column":12},"end":{"line":607,"column":13}}],"line":601},"77":{"loc":{"start":{"line":606,"column":16},"end":{"line":606,"column":128}},"type":"if","locations":[{"start":{"line":606,"column":16},"end":{"line":606,"column":128}},{"start":{"line":606,"column":16},"end":{"line":606,"column":128}}],"line":606},"78":{"loc":{"start":{"line":606,"column":20},"end":{"line":606,"column":91}},"type":"binary-expr","locations":[{"start":{"line":606,"column":20},"end":{"line":606,"column":51}},{"start":{"line":606,"column":55},"end":{"line":606,"column":91}}],"line":606},"79":{"loc":{"start":{"line":628,"column":15},"end":{"line":628,"column":85}},"type":"binary-expr","locations":[{"start":{"line":628,"column":15},"end":{"line":628,"column":46}},{"start":{"line":628,"column":50},"end":{"line":628,"column":85}}],"line":628},"80":{"loc":{"start":{"line":646,"column":8},"end":{"line":650,"column":9}},"type":"if","locations":[{"start":{"line":646,"column":8},"end":{"line":650,"column":9}},{"start":{"line":646,"column":8},"end":{"line":650,"column":9}}],"line":646},"81":{"loc":{"start":{"line":656,"column":25},"end":{"line":656,"column":37}},"type":"default-arg","locations":[{"start":{"line":656,"column":33},"end":{"line":656,"column":37}}],"line":656},"82":{"loc":{"start":{"line":659,"column":8},"end":{"line":676,"column":9}},"type":"if","locations":[{"start":{"line":659,"column":8},"end":{"line":676,"column":9}},{"start":{"line":659,"column":8},"end":{"line":676,"column":9}}],"line":659},"83":{"loc":{"start":{"line":662,"column":12},"end":{"line":665,"column":13}},"type":"if","locations":[{"start":{"line":662,"column":12},"end":{"line":665,"column":13}},{"start":{"line":662,"column":12},"end":{"line":665,"column":13}}],"line":662},"84":{"loc":{"start":{"line":673,"column":12},"end":{"line":673,"column":149}},"type":"if","locations":[{"start":{"line":673,"column":12},"end":{"line":673,"column":149}},{"start":{"line":673,"column":12},"end":{"line":673,"column":149}}],"line":673},"85":{"loc":{"start":{"line":681,"column":43},"end":{"line":681,"column":51}},"type":"default-arg","locations":[{"start":{"line":681,"column":49},"end":{"line":681,"column":51}}],"line":681},"86":{"loc":{"start":{"line":683,"column":8},"end":{"line":683,"column":31}},"type":"if","locations":[{"start":{"line":683,"column":8},"end":{"line":683,"column":31}},{"start":{"line":683,"column":8},"end":{"line":683,"column":31}}],"line":683},"87":{"loc":{"start":{"line":684,"column":8},"end":{"line":684,"column":113}},"type":"if","locations":[{"start":{"line":684,"column":8},"end":{"line":684,"column":113}},{"start":{"line":684,"column":8},"end":{"line":684,"column":113}}],"line":684},"88":{"loc":{"start":{"line":685,"column":8},"end":{"line":685,"column":137}},"type":"if","locations":[{"start":{"line":685,"column":8},"end":{"line":685,"column":137}},{"start":{"line":685,"column":8},"end":{"line":685,"column":137}}],"line":685},"89":{"loc":{"start":{"line":687,"column":8},"end":{"line":687,"column":51}},"type":"if","locations":[{"start":{"line":687,"column":8},"end":{"line":687,"column":51}},{"start":{"line":687,"column":8},"end":{"line":687,"column":51}}],"line":687},"90":{"loc":{"start":{"line":692,"column":12},"end":{"line":711,"column":13}},"type":"if","locations":[{"start":{"line":692,"column":12},"end":{"line":711,"column":13}},{"start":{"line":692,"column":12},"end":{"line":711,"column":13}}],"line":692},"91":{"loc":{"start":{"line":706,"column":20},"end":{"line":706,"column":66}},"type":"if","locations":[{"start":{"line":706,"column":20},"end":{"line":706,"column":66}},{"start":{"line":706,"column":20},"end":{"line":706,"column":66}}],"line":706},"92":{"loc":{"start":{"line":707,"column":20},"end":{"line":707,"column":77}},"type":"if","locations":[{"start":{"line":707,"column":20},"end":{"line":707,"column":77}},{"start":{"line":707,"column":20},"end":{"line":707,"column":77}}],"line":707},"93":{"loc":{"start":{"line":716,"column":51},"end":{"line":716,"column":59}},"type":"default-arg","locations":[{"start":{"line":716,"column":57},"end":{"line":716,"column":59}}],"line":716},"94":{"loc":{"start":{"line":718,"column":8},"end":{"line":718,"column":31}},"type":"if","locations":[{"start":{"line":718,"column":8},"end":{"line":718,"column":31}},{"start":{"line":718,"column":8},"end":{"line":718,"column":31}}],"line":718},"95":{"loc":{"start":{"line":719,"column":8},"end":{"line":719,"column":137}},"type":"if","locations":[{"start":{"line":719,"column":8},"end":{"line":719,"column":137}},{"start":{"line":719,"column":8},"end":{"line":719,"column":137}}],"line":719},"96":{"loc":{"start":{"line":721,"column":8},"end":{"line":721,"column":51}},"type":"if","locations":[{"start":{"line":721,"column":8},"end":{"line":721,"column":51}},{"start":{"line":721,"column":8},"end":{"line":721,"column":51}}],"line":721},"97":{"loc":{"start":{"line":726,"column":12},"end":{"line":773,"column":13}},"type":"if","locations":[{"start":{"line":726,"column":12},"end":{"line":773,"column":13}},{"start":{"line":726,"column":12},"end":{"line":773,"column":13}}],"line":726},"98":{"loc":{"start":{"line":740,"column":20},"end":{"line":751,"column":21}},"type":"if","locations":[{"start":{"line":740,"column":20},"end":{"line":751,"column":21}},{"start":{"line":740,"column":20},"end":{"line":751,"column":21}}],"line":740},"99":{"loc":{"start":{"line":742,"column":24},"end":{"line":749,"column":25}},"type":"if","locations":[{"start":{"line":742,"column":24},"end":{"line":749,"column":25}},{"start":{"line":742,"column":24},"end":{"line":749,"column":25}}],"line":742},"100":{"loc":{"start":{"line":752,"column":20},"end":{"line":752,"column":77}},"type":"if","locations":[{"start":{"line":752,"column":20},"end":{"line":752,"column":77}},{"start":{"line":752,"column":20},"end":{"line":752,"column":77}}],"line":752},"101":{"loc":{"start":{"line":761,"column":28},"end":{"line":768,"column":29}},"type":"if","locations":[{"start":{"line":761,"column":28},"end":{"line":768,"column":29}},{"start":{"line":761,"column":28},"end":{"line":768,"column":29}}],"line":761},"102":{"loc":{"start":{"line":763,"column":32},"end":{"line":767,"column":33}},"type":"if","locations":[{"start":{"line":763,"column":32},"end":{"line":767,"column":33}},{"start":{"line":763,"column":32},"end":{"line":767,"column":33}}],"line":763},"103":{"loc":{"start":{"line":770,"column":24},"end":{"line":770,"column":47}},"type":"if","locations":[{"start":{"line":770,"column":24},"end":{"line":770,"column":47}},{"start":{"line":770,"column":24},"end":{"line":770,"column":47}}],"line":770},"104":{"loc":{"start":{"line":779,"column":38},"end":{"line":779,"column":46}},"type":"default-arg","locations":[{"start":{"line":779,"column":44},"end":{"line":779,"column":46}}],"line":779},"105":{"loc":{"start":{"line":781,"column":8},"end":{"line":781,"column":31}},"type":"if","locations":[{"start":{"line":781,"column":8},"end":{"line":781,"column":31}},{"start":{"line":781,"column":8},"end":{"line":781,"column":31}}],"line":781},"106":{"loc":{"start":{"line":796,"column":16},"end":{"line":819,"column":17}},"type":"if","locations":[{"start":{"line":796,"column":16},"end":{"line":819,"column":17}},{"start":{"line":796,"column":16},"end":{"line":819,"column":17}}],"line":796},"107":{"loc":{"start":{"line":796,"column":20},"end":{"line":798,"column":51}},"type":"binary-expr","locations":[{"start":{"line":796,"column":20},"end":{"line":796,"column":47}},{"start":{"line":797,"column":21},"end":{"line":797,"column":66}},{"start":{"line":798,"column":24},"end":{"line":798,"column":50}}],"line":796},"108":{"loc":{"start":{"line":802,"column":20},"end":{"line":802,"column":67}},"type":"if","locations":[{"start":{"line":802,"column":20},"end":{"line":802,"column":67}},{"start":{"line":802,"column":20},"end":{"line":802,"column":67}}],"line":802},"109":{"loc":{"start":{"line":803,"column":20},"end":{"line":803,"column":79}},"type":"if","locations":[{"start":{"line":803,"column":20},"end":{"line":803,"column":79}},{"start":{"line":803,"column":20},"end":{"line":803,"column":79}}],"line":803},"110":{"loc":{"start":{"line":809,"column":24},"end":{"line":816,"column":25}},"type":"if","locations":[{"start":{"line":809,"column":24},"end":{"line":816,"column":25}},{"start":{"line":809,"column":24},"end":{"line":816,"column":25}}],"line":809},"111":{"loc":{"start":{"line":811,"column":28},"end":{"line":815,"column":29}},"type":"if","locations":[{"start":{"line":811,"column":28},"end":{"line":815,"column":29}},{"start":{"line":811,"column":28},"end":{"line":815,"column":29}}],"line":811},"112":{"loc":{"start":{"line":818,"column":20},"end":{"line":818,"column":61}},"type":"if","locations":[{"start":{"line":818,"column":20},"end":{"line":818,"column":61}},{"start":{"line":818,"column":20},"end":{"line":818,"column":61}}],"line":818},"113":{"loc":{"start":{"line":825,"column":34},"end":{"line":825,"column":42}},"type":"default-arg","locations":[{"start":{"line":825,"column":40},"end":{"line":825,"column":42}}],"line":825},"114":{"loc":{"start":{"line":827,"column":8},"end":{"line":827,"column":31}},"type":"if","locations":[{"start":{"line":827,"column":8},"end":{"line":827,"column":31}},{"start":{"line":827,"column":8},"end":{"line":827,"column":31}}],"line":827},"115":{"loc":{"start":{"line":828,"column":8},"end":{"line":828,"column":137}},"type":"if","locations":[{"start":{"line":828,"column":8},"end":{"line":828,"column":137}},{"start":{"line":828,"column":8},"end":{"line":828,"column":137}}],"line":828},"116":{"loc":{"start":{"line":833,"column":12},"end":{"line":847,"column":13}},"type":"if","locations":[{"start":{"line":833,"column":12},"end":{"line":847,"column":13}},{"start":{"line":833,"column":12},"end":{"line":847,"column":13}}],"line":833},"117":{"loc":{"start":{"line":871,"column":18},"end":{"line":871,"column":74}},"type":"cond-expr","locations":[{"start":{"line":871,"column":37},"end":{"line":871,"column":69}},{"start":{"line":871,"column":72},"end":{"line":871,"column":74}}],"line":871},"118":{"loc":{"start":{"line":886,"column":8},"end":{"line":886,"column":35}},"type":"if","locations":[{"start":{"line":886,"column":8},"end":{"line":886,"column":35}},{"start":{"line":886,"column":8},"end":{"line":886,"column":35}}],"line":886}},"s":{"0":2,"1":2,"2":2,"3":2,"4":2,"5":77,"6":77,"7":77,"8":0,"9":0,"10":0,"11":0,"12":0,"13":0,"14":8509,"15":0,"16":0,"17":100,"18":100,"19":100,"20":0,"21":0,"22":0,"23":0,"24":0,"25":12085,"26":121,"27":121,"28":21,"29":31,"30":3,"31":0,"32":0,"33":21,"34":8976,"35":12876,"36":1882,"37":529,"38":8976,"39":5279,"40":0,"41":0,"42":0,"43":0,"44":121,"45":121,"46":121,"47":20504,"48":9961,"49":8126,"50":121,"51":14,"52":14,"53":14,"54":14,"55":14,"56":14,"57":14,"58":14,"59":14,"60":0,"61":0,"62":0,"63":0,"64":0,"65":0,"66":0,"67":0,"68":0,"69":0,"70":0,"71":0,"72":0,"73":0,"74":0,"75":0,"76":0,"77":0,"78":0,"79":0,"80":0,"81":0,"82":0,"83":0,"84":0,"85":0,"86":0,"87":0,"88":0,"89":0,"90":0,"91":0,"92":0,"93":0,"94":0,"95":0,"96":0,"97":0,"98":77,"99":77,"100":77,"101":0,"102":77,"103":14,"104":77,"105":77,"106":0,"107":0,"108":0,"109":0,"110":0,"111":0,"112":0,"113":0,"114":0,"115":0,"116":0,"117":0,"118":0,"119":0,"120":0,"121":0,"122":0,"123":0,"124":242,"125":0,"126":0,"127":121,"128":0,"129":121,"130":0,"131":121,"132":0,"133":121,"134":0,"135":121,"136":0,"137":121,"138":121,"139":21,"140":21,"141":21,"142":0,"143":100,"144":100,"145":100,"146":121,"147":121,"148":121,"149":121,"150":0,"151":0,"152":0,"153":0,"154":0,"155":0,"156":0,"157":0,"158":0,"159":0,"160":0,"161":0,"162":0,"163":0,"164":0,"165":0,"166":0,"167":0,"168":0,"169":0,"170":0,"171":0,"172":0,"173":0,"174":0,"175":0,"176":0,"177":0,"178":0,"179":121,"180":68,"181":53,"182":53,"183":242,"184":135,"185":107,"186":107,"187":0,"188":0,"189":0,"190":0,"191":0,"192":0,"193":0,"194":0,"195":0,"196":0,"197":0,"198":0,"199":0,"200":0,"201":0,"202":0,"203":0,"204":0,"205":0,"206":0,"207":0,"208":0,"209":0,"210":0,"211":0,"212":0,"213":0,"214":0,"215":0,"216":0,"217":0,"218":0,"219":0,"220":0,"221":0,"222":0,"223":0,"224":0,"225":0,"226":0,"227":0,"228":0,"229":0,"230":0,"231":0,"232":0,"233":0,"234":0,"235":0,"236":0,"237":0,"238":0,"239":0,"240":0,"241":0,"242":0,"243":0,"244":0,"245":0,"246":0,"247":0,"248":0,"249":0,"250":0,"251":0,"252":0,"253":0,"254":0,"255":0,"256":0,"257":14,"258":14,"259":0,"260":14,"261":0,"262":110,"263":16,"264":16,"265":0,"266":16,"267":0,"268":0,"269":0,"270":299,"271":0,"272":0,"273":0,"274":0,"275":0,"276":0,"277":0,"278":0,"279":0,"280":0,"281":0,"282":0,"283":0,"284":0,"285":0,"286":0,"287":0,"288":0,"289":0,"290":0,"291":0,"292":0,"293":0,"294":0,"295":0,"296":0,"297":0,"298":1826,"299":0,"300":1826,"301":0,"302":1826,"303":0,"304":1826,"305":1826,"306":19602,"307":4488,"308":4488,"309":4488,"310":4488,"311":4488,"312":4488,"313":529,"314":529,"315":529,"316":529,"317":262,"318":4,"319":258,"320":525,"321":124,"322":525,"323":525,"324":1431,"325":1431,"326":3138,"327":568,"328":50,"329":50,"330":1431,"331":1381,"332":1826,"333":635,"334":0,"335":635,"336":635,"337":635,"338":2133,"339":2133,"340":2133,"341":2133,"342":2133,"343":7597,"344":7597,"345":7597,"346":7597,"347":1556,"348":1556,"349":1556,"350":696,"351":1556,"352":1000,"353":1556,"354":1556,"355":7224,"356":1239,"357":58,"358":58,"359":1556,"360":1498,"361":635,"362":2133,"363":0,"364":2133,"365":0,"366":2133,"367":2133,"368":22686,"369":5279,"370":5279,"371":5279,"372":7597,"373":2133,"374":0,"375":0,"376":0,"377":0,"378":0,"379":0,"380":0,"381":0,"382":0,"383":0,"384":0,"385":0,"386":1807,"387":1807,"388":5105,"389":1807,"390":5070,"391":5070,"392":1168,"393":3902,"394":639},"f":{"0":77,"1":0,"2":0,"3":8509,"4":0,"5":0,"6":100,"7":0,"8":0,"9":12085,"10":121,"11":21,"12":8976,"13":5279,"14":0,"15":121,"16":20504,"17":9961,"18":8126,"19":121,"20":14,"21":0,"22":0,"23":0,"24":0,"25":0,"26":77,"27":77,"28":0,"29":0,"30":0,"31":0,"32":242,"33":0,"34":0,"35":121,"36":0,"37":0,"38":0,"39":0,"40":121,"41":242,"42":0,"43":0,"44":0,"45":0,"46":0,"47":0,"48":0,"49":0,"50":0,"51":0,"52":0,"53":0,"54":0,"55":0,"56":0,"57":0,"58":0,"59":0,"60":0,"61":0,"62":14,"63":0,"64":110,"65":16,"66":299,"67":0,"68":0,"69":1826,"70":635,"71":2133,"72":0,"73":1807},"b":{"0":[0],"1":[77],"2":[0,77],"3":[77,0],"4":[0],"5":[0],"6":[3,28],"7":[0,3],"8":[3,3],"9":[0,0],"10":[0,0],"11":[280],"12":[0],"13":[1882,10994],"14":[529,1353],"15":[1882,1832],"16":[0,0],"17":[0,0],"18":[0,0],"19":[0],"20":[0,77],"21":[14,63],"22":[0,0],"23":[0,0],"24":[0,0],"25":[0,0],"26":[0],"27":[0,0],"28":[0,121],"29":[0,121],"30":[0,121],"31":[0,121],"32":[0,121],"33":[21,100],"34":[21,0],"35":[0],"36":[0,0],"37":[0,0],"38":[0,0],"39":[0,0],"40":[0],"41":[0,0],"42":[0,0],"43":[0,0],"44":[68,53],"45":[53,28],"46":[135,107],"47":[107,38],"48":[0,0],"49":[0,0],"50":[0,0],"51":[0,0],"52":[0,0],"53":[0,0],"54":[0,0],"55":[0,0],"56":[0,0],"57":[0,0],"58":[0,0],"59":[0],"60":[0,0],"61":[0,0],"62":[0,0],"63":[0,0],"64":[0,0],"65":[0,0],"66":[0,0],"67":[0,0],"68":[0,0],"69":[0,0],"70":[0,0],"71":[0],"72":[0,0],"73":[0,0],"74":[0,0],"75":[0,0],"76":[0,0],"77":[0,0],"78":[0,0],"79":[0,0],"80":[0,14],"81":[16],"82":[16,0],"83":[0,16],"84":[0,0],"85":[0],"86":[0,0],"87":[0,0],"88":[0,0],"89":[0,0],"90":[0,0],"91":[0,0],"92":[0,0],"93":[1826],"94":[0,1826],"95":[0,1826],"96":[0,1826],"97":[4488,15114],"98":[262,267],"99":[4,258],"100":[124,401],"101":[568,2570],"102":[50,518],"103":[1381,50],"104":[635],"105":[0,635],"106":[1556,6041],"107":[7597,5200,4504],"108":[696,860],"109":[1000,556],"110":[1239,5985],"111":[58,1181],"112":[1498,58],"113":[2133],"114":[0,2133],"115":[0,2133],"116":[5279,17407],"117":[0,0],"118":[1168,3902]},"_coverageSchema":"43e27e138ebf9cfc5966b082cf9a028302ed4184","hash":"3044d7dfb3d0d9c32c54a3584cc4b4f9ef942cc6"}
,"/Users/andrew/Workspace/webapp/src/deprecated/modules/pda/machine/PDAUtils.js": {"path":"/Users/andrew/Workspace/webapp/src/deprecated/modules/pda/machine/PDAUtils.js","statementMap":{},"fnMap":{},"branchMap":{},"s":{},"f":{},"b":{},"_coverageSchema":"43e27e138ebf9cfc5966b082cf9a028302ed4184","hash":"4747808672a0b63d7e2b1c4568b1ee3e2b5e1627"}
[...]
,"39":{"loc":{"start":{"line":330,"column":12},"end":{"line":333,"column":13}},"type":"if","locations":[{"start":{"line":330,"column":12},"end":{"line":333,"column":13}},{"start":{"line":330,"column":12},"end":{"line":333,"column":13}}],"line":330},"40":{"loc":{"start":{"line":334,"column":12},"end":{"line":337,"column":13}},"type":"if","locations":[{"start":{"line":334,"column":12},"end":{"line":337,"column":13}},{"start":{"line":334,"column":12},"end":{"line":337,"column":13}}],"line":334},"41":{"loc":{"start":{"line":349,"column":8},"end":{"line":353,"column":9}},"type":"if","locations":[{"start":{"line":349,"column":8},"end":{"line":353,"column":9}},{"start":{"line":349,"column":8},"end":{"line":353,"column":9}}],"line":349},"42":{"loc":{"start":{"line":363,"column":12},"end":{"line":366,"column":13}},"type":"if","locations":[{"start":{"line":363,"column":12},"end":{"line":366,"column":13}},{"start":{"line":363,"column":12},"end":{"line":366,"column":13}}],"line":363},"43":{"loc":{"start":{"line":368,"column":12},"end":{"line":371,"column":13}},"type":"if","locations":[{"start":{"line":368,"column":12},"end":{"line":371,"column":13}},{"start":{"line":368,"column":12},"end":{"line":371,"column":13}}],"line":368},"44":{"loc":{"start":{"line":373,"column":12},"end":{"line":376,"column":13}},"type":"if","locations":[{"start":{"line":373,"column":12},"end":{"line":376,"column":13}},{"start":{"line":373,"column":12},"end":{"line":376,"column":13}}],"line":373}},"s":{"0":47,"1":47,"2":47,"3":47,"4":47,"5":47,"6":47,"7":214,"8":1,"9":1,"10":213,"11":37,"12":37,"13":176,"14":356,"15":0,"16":0,"17":356,"18":205,"19":93,"20":93,"21":93,"22":112,"23":151,"24":83,"25":83,"26":83,"27":68,"28":176,"29":176,"30":218,"31":0,"32":0,"33":0,"34":0,"35":0,"36":0,"37":0,"38":0,"39":0,"40":0,"41":0,"42":0,"43":4,"44":0,"45":0,"46":4,"47":4,"48":10,"49":0,"50":10,"51":5,"52":3,"53":1,"54":1,"55":2,"56":2,"57":0,"58":2,"59":2,"60":1,"61":1,"62":1,"63":1,"64":1,"65":1,"66":1,"67":1,"68":0,"69":0,"70":0,"71":0,"72":0,"73":1,"74":0,"75":0,"76":1,"77":1,"78":1,"79":5,"80":2,"81":2,"82":0,"83":3,"84":3,"85":0,"86":4,"87":7,"88":7,"89":17,"90":17,"91":17,"92":7,"93":7,"94":7,"95":5,"96":2,"97":15,"98":5,"99":5,"100":5,"101":5,"102":0,"103":15,"104":7,"105":7,"106":7,"107":24,"108":0,"109":24,"110":8,"111":24,"112":7,"113":24,"114":24,"115":9,"116":7,"117":7,"118":6,"119":6,"120":22,"121":0,"122":22,"123":7,"124":22,"125":22,"126":8,"127":22,"128":8,"129":6,"130":6,"131":6,"132":6,"133":22,"134":0,"135":22,"136":8,"137":22,"138":8,"139":22,"140":7,"141":22,"142":6,"143":6,"144":6,"145":6,"146":6,"147":0,"148":0,"149":6,"150":6,"151":6,"152":36,"153":36,"154":36,"155":30,"156":36,"157":12,"158":36,"159":18,"160":6},"f":{"0":47,"1":214,"2":356,"3":218,"4":0,"5":0,"6":4,"7":10,"8":7,"9":17,"10":7,"11":24,"12":6,"13":22,"14":6,"15":22,"16":6},"b":{"0":[1,213],"1":[37,176],"2":[0,356],"3":[205,151],"4":[93,112],"5":[83,68],"6":[0,0],"7":[0,0],"8":[0,0],"9":[0,0],"10":[0,4],"11":[0,10],"12":[5,5],"13":[3,2],"14":[5,4],"15":[1,2],"16":[2,0],"17":[1,1],"18":[2,1],"19":[0,1],"20":[0,0],"21":[0,1],"22":[2,3],"23":[2,0],"24":[3,0],"25":[7,10],"26":[5,2],"27":[5,10],"28":[5,0],"29":[0,24],"30":[8,16],"31":[7,17],"32":[9,15],"33":[0,22],"34":[7,15],"35":[8,14],"36":[8,14],"37":[0,22],"38":[8,14],"39":[8,14],"40":[7,15],"41":[0,6],"42":[30,6],"43":[12,24],"44":[18,18]},"_coverageSchema":"43e27e138ebf9cfc5966b082cf9a028302ed4184","hash":"959dec83aa33149b66c5fcebcd6ee2f8d0d401f2"}
,"/Users/andrew/Workspace/webapp/src/modules/tree/machine/BSTNode.js": {"path":"/Users/andrew/Workspace/webapp/src/modules/tree/machine/BSTNode.js","statementMap":{"0":{"start":{"line":5,"column":8},"end":{"line":5,"column":25}},"1":{"start":{"line":6,"column":8},"end":{"line":6,"column":27}},"2":{"start":{"line":7,"column":8},"end":{"line":7,"column":25}},"3":{"start":{"line":8,"column":8},"end":{"line":8,"column":25}},"4":{"start":{"line":9,"column":8},"end":{"line":9,"column":26}},"5":{"start":{"line":15,"column":8},"end":{"line":15,"column":25}},"6":{"start":{"line":20,"column":8},"end":{"line":23,"column":9}},"7":{"start":{"line":22,"column":12},"end":{"line":22,"column":24}},"8":{"start":{"line":25,"column":8},"end":{"line":25,"column":21}},"9":{"start":{"line":34,"column":22},"end":{"line":34,"column":26}},"10":{"start":{"line":35,"column":22},"end":{"line":35,"column":26}},"11":{"start":{"line":37,"column":8},"end":{"line":68,"column":9}},"12":{"start":{"line":39,"column":12},"end":{"line":39,"column":36}},"13":{"start":{"line":41,"column":12},"end":{"line":44,"column":13}},"14":{"start":{"line":43,"column":16},"end":{"line":43,"column":39}},"15":{"start":{"line":46,"column":12},"end":{"line":46,"column":27}},"16":{"start":{"line":51,"column":12},"end":{"line":55,"column":13}},"17":{"start":{"line":53,"column":16},"end":{"line":53,"column":46}},"18":{"start":{"line":54,"column":16},"end":{"line":54,"column":28}},"19":{"start":{"line":56,"column":12},"end":{"line":56,"column":37}},"20":{"start":{"line":57,"column":12},"end":{"line":65,"column":13}},"21":{"start":{"line":59,"column":16},"end":{"line":62,"column":17}},"22":{"start":{"line":61,"column":20},"end":{"line":61,"column":35}},"23":{"start":{"line":63,"column":16},"end":{"line":63,"column":41}},"24":{"start":{"line":64,"column":16},"end":{"line":64,"column":41}},"25":{"start":{"line":66,"column":12},"end":{"line":66,"column":42}},"26":{"start":{"line":67,"column":12},"end":{"line":67,"column":24}},"27":{"start":{"line":77,"column":22},"end":{"line":77,"column":26}},"28":{"start":{"line":78,"column":22},"end":{"line":78,"column":26}},"29":{"start":{"line":80,"column":8},"end":{"line":111,"column":9}},"30":{"start":{"line":82,"column":12},"end":{"line":82,"column":35}},"31":{"start":{"line":84,"column":12},"end":{"line":87,"column":13}},"32":{"start":{"line":86,"column":16},"end":{"line":86,"column":40}},"33":{"start":{"line":89,"column":12},"end":{"line":89,"column":27}},"34":{"start":{"line":94,"column":12},"end":{"line":98,"column":13}},"35":{"start":{"line":96,"column":16},"end":{"line":96,"column":46}},"36":{"start":{"line":97,"column":16},"end":{"line":97,"column":28}},"37":{"start":{"line":99,"column":12},"end":{"line":99,"column":37}},"38":{"start":{"line":100,"column":12},"end":{"line":108,"column":13}},"39":{"start":{"line":102,"column":16},"end":{"line":105,"column":17}},"40":{"start":{"line":104,"column":20},"end":{"line":104,"column":35}},"41":{"start":{"line":106,"column":16},"end":{"line":106,"column":41}},"42":{"start":{"line":107,"column":16},"end":{"line":107,"column":41}},"43":{"start":{"line":109,"column":12},"end":{"line":109,"column":42}},"44":{"start":{"line":110,"column":12},"end":{"line":110,"column":24}},"45":{"start":{"line":123,"column":8},"end":{"line":123,"column":42}},"46":{"start":{"line":137,"column":8},"end":{"line":145,"column":9}},"47":{"start":{"line":139,"column":12},"end":{"line":139,"column":56}},"48":{"start":{"line":144,"column":12},"end":{"line":144,"column":53}}},"fnMap":{"0":{"name":"(anonymous_0)","decl":{"start":{"line":3,"column":4},"end":{"line":3,"column":5}},"loc":{"start":{"line":4,"column":4},"end":{"line":10,"column":5}},"line":4},"1":{"name":"(anonymous_1)","decl":{"start":{"line":13,"column":4},"end":{"line":13,"column":5}},"loc":{"start":{"line":14,"column":4},"end":{"line":16,"column":5}},"line":14},"2":{"name":"(anonymous_2)","decl":{"start":{"line":18,"column":4},"end":{"line":18,"column":5}},"loc":{"start":{"line":19,"column":4},"end":{"line":26,"column":5}},"line":19},"3":{"name":"(anonymous_3)","decl":{"start":{"line":32,"column":4},"end":{"line":32,"column":5}},"loc":{"start":{"line":33,"column":4},"end":{"line":69,"column":5}},"line":33},"4":{"name":"(anonymous_4)","decl":{"start":{"line":75,"column":4},"end":{"line":75,"column":5}},"loc":{"start":{"line":76,"column":4},"end":{"line":112,"column":5}},"line":76},"5":{"name":"(anonymous_5)","decl":{"start":{"line":121,"column":4},"end":{"line":121,"column":5}},"loc":{"start":{"line":122,"column":4},"end":{"line":124,"column":5}},"line":122},"6":{"name":"(anonymous_6)","decl":{"start":{"line":135,"column":4},"end":{"line":135,"column":5}},"loc":{"start":{"line":136,"column":4},"end":{"line":146,"column":5}},"line":136}},"branchMap":{"0":{"loc":{"start":{"line":20,"column":8},"end":{"line":23,"column":9}},"type":"if","locations":[{"start":{"line":20,"column":8},"end":{"line":23,"column":9}},{"start":{"line":20,"column":8},"end":{"line":23,"column":9}}],"line":20},"1":{"loc":{"start":{"line":37,"column":8},"end":{"line":68,"column":9}},"type":"if","locations":[{"start":{"line":37,"column":8},"end":{"line":68,"column":9}},{"start":{"line":37,"column":8},"end":{"line":68,"column":9}}],"line":37},"2":{"loc":{"start":{"line":51,"column":12},"end":{"line":55,"column":13}},"type":"if","locations":[{"start":{"line":51,"column":12},"end":{"line":55,"column":13}},{"start":{"line":51,"column":12},"end":{"line":55,"column":13}}],"line":51},"3":{"loc":{"start":{"line":59,"column":16},"end":{"line":62,"column":17}},"type":"if","locations":[{"start":{"line":59,"column":16},"end":{"line":62,"column":17}},{"start":{"line":59,"column":16},"end":{"line":62,"column":17}}],"line":59},"4":{"loc":{"start":{"line":59,"column":20},"end":{"line":59,"column":79}},"type":"binary-expr","locations":[{"start":{"line":59,"column":20},"end":{"line":59,"column":41}},{"start":{"line":59,"column":45},"end":{"line":59,"column":79}}],"line":59},"5":{"loc":{"start":{"line":80,"column":8},"end":{"line":111,"column":9}},"type":"if","locations":[{"start":{"line":80,"column":8},"end":{"line":111,"column":9}},{"start":{"line":80,"column":8},"end":{"line":111,"column":9}}],"line":80},"6":{"loc":{"start":{"line":94,"column":12},"end":{"line":98,"column":13}},"type":"if","locations":[{"start":{"line":94,"column":12},"end":{"line":98,"column":13}},{"start":{"line":94,"column":12},"end":{"line":98,"column":13}}],"line":94},"7":{"loc":{"start":{"line":102,"column":16},"end":{"line":105,"column":17}},"type":"if","locations":[{"start":{"line":102,"column":16},"end":{"line":105,"column":17}},{"start":{"line":102,"column":16},"end":{"line":105,"column":17}}],"line":102},"8":{"loc":{"start":{"line":102,"column":20},"end":{"line":102,"column":81}},"type":"binary-expr","locations":[{"start":{"line":102,"column":20},"end":{"line":102,"column":42}},{"start":{"line":102,"column":46},"end":{"line":102,"column":81}}],"line":102},"9":{"loc":{"start":{"line":137,"column":8},"end":{"line":145,"column":9}},"type":"if","locations":[{"start":{"line":137,"column":8},"end":{"line":145,"column":9}},{"start":{"line":137,"column":8},"end":{"line":145,"column":9}}],"line":137}},"s":{"0":238,"1":238,"2":238,"3":238,"4":238,"5":78,"6":10,"7":10,"8":0,"9":13,"10":13,"11":13,"12":5,"13":5,"14":3,"15":5,"16":8,"17":0,"18":0,"19":8,"20":8,"21":13,"22":6,"23":7,"24":7,"25":2,"26":2,"27":13,"28":13,"29":13,"30":6,"31":6,"32":3,"33":6,"34":7,"35":0,"36":0,"37":7,"38":7,"39":14,"40":5,"41":9,"42":9,"43":2,"44":2,"45":2,"46":2,"47":0,"48":2},"f":{"0":238,"1":78,"2":10,"3":13,"4":13,"5":2,"6":2},"b":{"0":[10,0],"1":[5,8],"2":[0,8],"3":[6,7],"4":[13,11],"5":[6,7],"6":[0,7],"7":[5,9],"8":[14,11],"9":[0,2]},"_coverageSchema":"43e27e138ebf9cfc5966b082cf9a028302ed4184","hash":"26e7b818eb82adf3339b09353f0f0d5ca5798ba7"}
,"/Users/andrew/Workspace/webapp/src/modules/tree/machine/Tree.js": {"path":"/Users/andrew/Workspace/webapp/src/modules/tree/machine/Tree.js","statementMap":{"0":{"start":{"line":5,"column":8},"end":{"line":5,"column":25}},"1":{"start":{"line":6,"column":8},"end":{"line":6,"column":22}},"2":{"start":{"line":7,"column":8},"end":{"line":7,"column":29}},"3":{"start":{"line":8,"column":8},"end":{"line":8,"column":30}},"4":{"start":{"line":9,"column":8},"end":{"line":9,"column":26}},"5":{"start":{"line":13,"column":5},"end":{"line":13,"column":42}},"6":{"start":{"line":16,"column":5},"end":{"line":16,"column":45}},"7":{"start":{"line":19,"column":6},"end":{"line":19,"column":39}},"8":{"start":{"line":22,"column":6},"end":{"line":22,"column":26}},"9":{"start":{"line":25,"column":6},"end":{"line":25,"column":23}},"10":{"start":{"line":28,"column":6},"end":{"line":28,"column":23}},"11":{"start":{"line":31,"column":6},"end":{"line":31,"column":29}},"12":{"start":{"line":34,"column":5},"end":{"line":34,"column":43}},"13":{"start":{"line":37,"column":5},"end":{"line":37,"column":41}},"14":{"start":{"line":40,"column":5},"end":{"line":40,"column":43}}},"fnMap":{"0":{"name":"(anonymous_0)","decl":{"start":{"line":3,"column":4},"end":{"line":3,"column":5}},"loc":{"start":{"line":4,"column":4},"end":{"line":10,"column":5}},"line":4},"1":{"name":"(anonymous_1)","decl":{"start":{"line":12,"column":4},"end":{"line":12,"column":5}},"loc":{"start":{"line":13,"column":4},"end":{"line":13,"column":43}},"line":13},"2":{"name":"(anonymous_2)","decl":{"start":{"line":15,"column":4},"end":{"line":15,"column":5}},"loc":{"start":{"line":16,"column":4},"end":{"line":16,"column":46}},"line":16},"3":{"name":"(anonymous_3)","decl":{"start":{"line":18,"column":4},"end":{"line":18,"column":5}},"loc":{"start":{"line":19,"column":4},"end":{"line":19,"column":41}},"line":19},"4":{"name":"(anonymous_4)","decl":{"start":{"line":21,"column":4},"end":{"line":21,"column":5}},"loc":{"start":{"line":22,"column":4},"end":{"line":22,"column":28}},"line":22},"5":{"name":"(anonymous_5)","decl":{"start":{"line":24,"column":4},"end":{"line":24,"column":5}},"loc":{"start":{"line":25,"column":4},"end":{"line":25,"column":25}},"line":25},"6":{"name":"(anonymous_6)","decl":{"start":{"line":27,"column":4},"end":{"line":27,"column":5}},"loc":{"start":{"line":28,"column":4},"end":{"line":28,"column":24}},"line":28},"7":{"name":"(anonymous_7)","decl":{"start":{"line":30,"column":4},"end":{"line":30,"column":5}},"loc":{"start":{"line":31,"column":4},"end":{"line":31,"column":30}},"line":31},"8":{"name":"(anonymous_8)","decl":{"start":{"line":33,"column":4},"end":{"line":33,"column":5}},"loc":{"start":{"line":34,"column":4},"end":{"line":34,"column":44}},"line":34},"9":{"name":"(anonymous_9)","decl":{"start":{"line":36,"column":4},"end":{"line":36,"column":5}},"loc":{"start":{"line":37,"column":4},"end":{"line":37,"column":42}},"line":37},"10":{"name":"(anonymous_10)","decl":{"start":{"line":39,"column":4},"end":{"line":39,"column":5}},"loc":{"start":{"line":40,"column":4},"end":{"line":40,"column":44}},"line":40}},"branchMap":{},"s":{"0":47,"1":47,"2":47,"3":47,"4":47,"5":0,"6":0,"7":0,"8":0,"9":0,"10":0,"11":0,"12":0,"13":0,"14":0},"f":{"0":47,"1":0,"2":0,"3":0,"4":0,"5":0,"6":0,"7":0,"8":0,"9":0,"10":0},"b":{},"_coverageSchema":"43e27e138ebf9cfc5966b082cf9a028302ed4184","hash":"309670056a3d9e8da9a0344b0d0131fc926bf8b9"}
,"/Users/andrew/Workspace/webapp/src/util/MathHelper.js": {"path":"/Users/andrew/Workspace/webapp/src/util/MathHelper.js","statementMap":{"0":{"start":{"line":16,"column":4},"end":{"line":16,"column":104}},"1":{"start":{"line":27,"column":8},"end":{"line":27,"column":83}},"2":{"start":{"line":29,"column":4},"end":{"line":29,"column":89}},"3":{"start":{"line":42,"column":4},"end":{"line":42,"column":33}},"4":{"start":{"line":53,"column":15},"end":{"line":53,"column":16}},"5":{"start":{"line":54,"column":4},"end":{"line":57,"column":5}},"6":{"start":{"line":54,"column":16},"end":{"line":54,"column":17}},"7":{"start":{"line":54,"column":25},"end":{"line":54,"column":37}},"8":{"start":{"line":56,"column":8},"end":{"line":56,"column":61}},"9":{"start":{"line":58,"column":4},"end":{"line":58,"column":16}},"10":{"start":{"line":63,"column":13},"end":{"line":63,"column":20}},"11":{"start":{"line":64,"column":13},"end":{"line":64,"column":20}},"12":{"start":{"line":65,"column":4},"end":{"line":65,"column":40}},"13":{"start":{"line":70,"column":13},"end":{"line":70,"column":20}},"14":{"start":{"line":71,"column":13},"end":{"line":71,"column":20}},"15":{"start":{"line":72,"column":4},"end":{"line":72,"column":29}},"16":{"start":{"line":89,"column":15},"end":{"line":89,"column":22}},"17":{"start":{"line":90,"column":15},"end":{"line":90,"column":22}},"18":{"start":{"line":91,"column":18},"end":{"line":91,"column":50}},"19":{"start":{"line":92,"column":4},"end":{"line":92,"column":35}},"20":{"start":{"line":93,"column":4},"end":{"line":93,"column":35}},"21":{"start":{"line":94,"column":4},"end":{"line":94,"column":15}},"22":{"start":{"line":109,"column":4},"end":{"line":109,"column":31}},"23":{"start":{"line":110,"column":4},"end":{"line":110,"column":31}},"24":{"start":{"line":111,"column":4},"end":{"line":111,"column":15}}},"fnMap":{"0":{"name":"uuid","decl":{"start":{"line":13,"column":16},"end":{"line":13,"column":20}},"loc":{"start":{"line":14,"column":0},"end":{"line":17,"column":1}},"line":14},"1":{"name":"guid","decl":{"start":{"line":23,"column":16},"end":{"line":23,"column":20}},"loc":{"start":{"line":24,"column":0},"end":{"line":30,"column":1}},"line":24},"2":{"name":"s4","decl":{"start":{"line":25,"column":13},"end":{"line":25,"column":15}},"loc":{"start":{"line":26,"column":4},"end":{"line":28,"column":5}},"line":26},"3":{"name":"lerp","decl":{"start":{"line":40,"column":16},"end":{"line":40,"column":20}},"loc":{"start":{"line":41,"column":0},"end":{"line":43,"column":1}},"line":41},"4":{"name":"stringHash","decl":{"start":{"line":51,"column":16},"end":{"line":51,"column":26}},"loc":{"start":{"line":52,"column":0},"end":{"line":59,"column":1}},"line":52},"5":{"name":"distance","decl":{"start":{"line":61,"column":16},"end":{"line":61,"column":24}},"loc":{"start":{"line":62,"column":0},"end":{"line":66,"column":1}},"line":62},"6":{"name":"distanceSquared","decl":{"start":{"line":68,"column":16},"end":{"line":68,"column":31}},"loc":{"start":{"line":69,"column":0},"end":{"line":73,"column":1}},"line":69},"7":{"name":"getDirectionalVector","decl":{"start":{"line":87,"column":16},"end":{"line":87,"column":36}},"loc":{"start":{"line":88,"column":0},"end":{"line":95,"column":1}},"line":88},"8":{"name":"getMidPoint","decl":{"start":{"line":107,"column":16},"end":{"line":107,"column":27}},"loc":{"start":{"line":108,"column":0},"end":{"line":112,"column":1}},"line":108}},"branchMap":{"0":{"loc":{"start":{"line":13,"column":21},"end":{"line":13,"column":34}},"type":"default-arg","locations":[{"start":{"line":13,"column":25},"end":{"line":13,"column":34}}],"line":13},"1":{"loc":{"start":{"line":16,"column":11},"end":{"line":16,"column":103}},"type":"cond-expr","locations":[{"start":{"line":16,"column":13},"end":{"line":16,"column":51}},{"start":{"line":16,"column":52},"end":{"line":16,"column":103}}],"line":16},"2":{"loc":{"start":{"line":51,"column":27},"end":{"line":51,"column":35}},"type":"default-arg","locations":[{"start":{"line":51,"column":33},"end":{"line":51,"column":35}}],"line":51},"3":{"loc":{"start":{"line":87,"column":53},"end":{"line":87,"column":59}},"type":"default-arg","locations":[{"start":{"line":87,"column":58},"end":{"line":87,"column":59}}],"line":87},"4":{"loc":{"start":{"line":87,"column":61},"end":{"line":87,"column":74}},"type":"default-arg","locations":[{"start":{"line":87,"column":73},"end":{"line":87,"column":74}}],"line":87},"5":{"loc":{"start":{"line":87,"column":76},"end":{"line":87,"column":92}},"type":"default-arg","locations":[{"start":{"line":87,"column":80},"end":{"line":87,"column":92}}],"line":87},"6":{"loc":{"start":{"line":107,"column":44},"end":{"line":107,"column":60}},"type":"default-arg","locations":[{"start":{"line":107,"column":48},"end":{"line":107,"column":60}}],"line":107}},"s":{"0":0,"1":7480,"2":935,"3":0,"4":0,"5":0,"6":0,"7":0,"8":0,"9":0,"10":0,"11":0,"12":0,"13":0,"14":0,"15":0,"16":0,"17":0,"18":0,"19":0,"20":0,"21":0,"22":0,"23":0,"24":0},"f":{"0":0,"1":935,"2":7480,"3":0,"4":0,"5":0,"6":0,"7":0,"8":0},"b":{"0":[0],"1":[0,0],"2":[0],"3":[0],"4":[0],"5":[0],"6":[0]},"_coverageSchema":"43e27e138ebf9cfc5966b082cf9a028302ed4184","hash":"68147f3aa8765a2d203889d9472d90b62c03fe95"}
}
