TN:
SF:/Users/andrew/Workspace/webapp/src/components/example/helloWorld/HelloWorld.jsx
FN:14,(anonymous_0)
FN:30,(anonymous_1)
FN:33,(anonymous_2)
FN:39,(anonymous_3)
FNF:4
FNH:4
FNDA:6,(anonymous_0)
FNDA:5,(anonymous_1)
FNDA:5,(anonymous_2)
FNDA:13,(anonymous_3)
DA:16,6
DA:18,6
DA:22,6
DA:33,5
DA:35,5
DA:41,13
DA:55,1
DA:64,1
LF:8
LH:8
BRDA:35,0,0,0
BRDA:35,0,1,5
BRDA:45,1,0,13
BRDA:45,1,1,13
BRDA:47,2,0,6
BRDA:47,2,1,7
BRDA:47,3,0,13
BRDA:47,3,1,10
BRF:8
BRH:7
end_of_record
TN:
SF:/Users/andrew/Workspace/webapp/src/deprecated/modules/pda/machine/PDA.js
FN:13,(anonymous_0)
FN:21,(anonymous_1)
FN:30,(anonymous_2)
FN:32,(anonymous_3)
FN:33,(anonymous_4)
FN:35,(anonymous_5)
FN:43,(anonymous_6)
FN:50,(anonymous_7)
FN:64,(anonymous_8)
FN:65,(anonymous_9)
FN:67,(anonymous_10)
FN:73,(anonymous_11)
FN:91,(anonymous_12)
FN:106,(anonymous_13)
FN:108,(anonymous_14)
FN:121,(anonymous_15)
FN:128,(anonymous_16)
FN:129,(anonymous_17)
FN:130,(anonymous_18)
FN:132,(anonymous_19)
FN:140,(anonymous_20)
FN:165,(anonymous_21)
FN:227,(anonymous_22)
FN:241,(anonymous_23)
FN:247,(anonymous_24)
FN:248,(anonymous_25)
FN:250,(anonymous_26)
FN:255,(anonymous_27)
FN:266,(anonymous_28)
FN:290,(anonymous_29)
FN:302,(anonymous_30)
FN:314,(anonymous_31)
FN:319,(anonymous_32)
FN:321,(anonymous_33)
FN:323,(anonymous_34)
FN:325,(anonymous_35)
FN:362,(anonymous_36)
FN:403,(anonymous_37)
FN:414,(anonymous_38)
FN:421,(anonymous_39)
FN:423,(anonymous_40)
FN:432,(anonymous_41)
FN:441,(anonymous_42)
FN:470,(anonymous_43)
FN:499,(anonymous_44)
FN:508,(anonymous_45)
FN:513,(anonymous_46)
FN:539,(anonymous_47)
FN:544,(anonymous_48)
FN:549,(anonymous_49)
FN:554,(anonymous_50)
FN:559,(anonymous_51)
FN:564,(anonymous_52)
FN:571,(anonymous_53)
FN:580,(anonymous_54)
FN:585,(anonymous_55)
FN:611,(anonymous_56)
FN:616,(anonymous_57)
FN:621,(anonymous_58)
FN:626,(anonymous_59)
FN:631,(anonymous_60)
FN:636,(anonymous_61)
FN:643,(anonymous_62)
FN:653,(anonymous_63)
FN:654,(anonymous_64)
FN:656,(anonymous_65)
FN:678,(anonymous_66)
FN:679,(anonymous_67)
FN:681,(anonymous_68)
FN:716,(anonymous_69)
FN:779,(anonymous_70)
FN:825,(anonymous_71)
FN:853,(anonymous_72)
FN:876,isEqualStack
FNF:74
FNH:28
FNDA:77,(anonymous_0)
FNDA:0,(anonymous_1)
FNDA:0,(anonymous_2)
FNDA:8509,(anonymous_3)
FNDA:0,(anonymous_4)
FNDA:0,(anonymous_5)
FNDA:100,(anonymous_6)
FNDA:0,(anonymous_7)
FNDA:0,(anonymous_8)
FNDA:12085,(anonymous_9)
FNDA:121,(anonymous_10)
FNDA:21,(anonymous_11)
FNDA:8976,(anonymous_12)
FNDA:5279,(anonymous_13)
FNDA:0,(anonymous_14)
FNDA:121,(anonymous_15)
FNDA:20504,(anonymous_16)
FNDA:9961,(anonymous_17)
FNDA:8126,(anonymous_18)
FNDA:121,(anonymous_19)
FNDA:14,(anonymous_20)
FNDA:0,(anonymous_21)
FNDA:0,(anonymous_22)
FNDA:0,(anonymous_23)
FNDA:0,(anonymous_24)
FNDA:0,(anonymous_25)
FNDA:77,(anonymous_26)
FNDA:77,(anonymous_27)
FNDA:0,(anonymous_28)
FNDA:0,(anonymous_29)
FNDA:0,(anonymous_30)
FNDA:0,(anonymous_31)
FNDA:242,(anonymous_32)
FNDA:0,(anonymous_33)
FNDA:0,(anonymous_34)
FNDA:121,(anonymous_35)
FNDA:0,(anonymous_36)
FNDA:0,(anonymous_37)
FNDA:0,(anonymous_38)
FNDA:0,(anonymous_39)
FNDA:121,(anonymous_40)
FNDA:242,(anonymous_41)
FNDA:0,(anonymous_42)
FNDA:0,(anonymous_43)
FNDA:0,(anonymous_44)
FNDA:0,(anonymous_45)
FNDA:0,(anonymous_46)
FNDA:0,(anonymous_47)
FNDA:0,(anonymous_48)
FNDA:0,(anonymous_49)
FNDA:0,(anonymous_50)
FNDA:0,(anonymous_51)
FNDA:0,(anonymous_52)
FNDA:0,(anonymous_53)
FNDA:0,(anonymous_54)
FNDA:0,(anonymous_55)
FNDA:0,(anonymous_56)
FNDA:0,(anonymous_57)
FNDA:0,(anonymous_58)
FNDA:0,(anonymous_59)
FNDA:0,(anonymous_60)
FNDA:0,(anonymous_61)
FNDA:14,(anonymous_62)
FNDA:0,(anonymous_63)
FNDA:110,(anonymous_64)
FNDA:16,(anonymous_65)
FNDA:299,(anonymous_66)
FNDA:0,(anonymous_67)
FNDA:0,(anonymous_68)
FNDA:1826,(anonymous_69)
FNDA:635,(anonymous_70)
FNDA:2133,(anonymous_71)
FNDA:0,(anonymous_72)
FNDA:1807,isEqualStack
DA:4,2
DA:5,2
DA:6,2
DA:7,2
DA:9,2
DA:15,77
DA:17,77
DA:18,77
DA:23,0
DA:24,0
DA:25,0
DA:26,0
DA:27,0
DA:30,0
DA:32,8509
DA:33,0
DA:37,0
DA:45,100
DA:46,100
DA:47,100
DA:52,0
DA:53,0
DA:54,0
DA:56,0
DA:64,0
DA:65,12085
DA:69,121
DA:70,121
DA:75,21
DA:77,31
DA:79,3
DA:81,0
DA:83,0
DA:88,21
DA:93,8976
DA:95,12876
DA:97,1882
DA:99,529
DA:103,8976
DA:106,5279
DA:110,0
DA:111,0
DA:113,0
DA:115,0
DA:123,121
DA:124,121
DA:125,121
DA:128,20504
DA:129,9961
DA:130,8126
DA:134,121
DA:143,14
DA:145,14
DA:146,14
DA:148,14
DA:149,14
DA:150,14
DA:151,14
DA:152,14
DA:154,14
DA:168,0
DA:171,0
DA:174,0
DA:176,0
DA:177,0
DA:180,0
DA:182,0
DA:185,0
DA:187,0
DA:191,0
DA:193,0
DA:196,0
DA:198,0
DA:201,0
DA:203,0
DA:204,0
DA:205,0
DA:206,0
DA:209,0
DA:211,0
DA:214,0
DA:216,0
DA:220,0
DA:223,0
DA:229,0
DA:230,0
DA:231,0
DA:232,0
DA:233,0
DA:234,0
DA:235,0
DA:236,0
DA:238,0
DA:244,0
DA:245,0
DA:247,0
DA:248,0
DA:252,77
DA:257,77
DA:258,77
DA:260,77
DA:262,77
DA:263,77
DA:268,0
DA:269,0
DA:270,0
DA:273,0
DA:275,0
DA:278,0
DA:283,0
DA:287,0
DA:292,0
DA:294,0
DA:296,0
DA:299,0
DA:304,0
DA:306,0
DA:308,0
DA:311,0
DA:316,0
DA:319,242
DA:321,0
DA:323,0
DA:327,121
DA:328,121
DA:329,121
DA:330,121
DA:331,121
DA:333,121
DA:334,121
DA:336,21
DA:337,21
DA:339,21
DA:344,0
DA:349,100
DA:350,100
DA:351,100
DA:355,121
DA:356,121
DA:357,121
DA:358,121
DA:364,0
DA:365,0
DA:367,0
DA:368,0
DA:371,0
DA:373,0
DA:374,0
DA:377,0
DA:379,0
DA:380,0
DA:381,0
DA:385,0
DA:392,0
DA:394,0
DA:398,0
DA:399,0
DA:405,0
DA:406,0
DA:408,0
DA:411,0
DA:416,0
DA:417,0
DA:418,0
DA:421,0
DA:426,121
DA:428,53
DA:429,53
DA:435,242
DA:437,107
DA:438,107
DA:443,0
DA:446,0
DA:448,0
DA:450,0
DA:452,0
DA:455,0
DA:460,0
DA:466,0
DA:472,0
DA:475,0
DA:477,0
DA:479,0
DA:481,0
DA:484,0
DA:489,0
DA:495,0
DA:501,0
DA:502,0
DA:503,0
DA:505,0
DA:510,0
DA:515,0
DA:517,0
DA:519,0
DA:521,0
DA:524,0
DA:529,0
DA:531,0
DA:534,0
DA:541,0
DA:546,0
DA:551,0
DA:556,0
DA:561,0
DA:566,0
DA:573,0
DA:574,0
DA:575,0
DA:577,0
DA:582,0
DA:587,0
DA:589,0
DA:591,0
DA:593,0
DA:596,0
DA:601,0
DA:603,0
DA:606,0
DA:613,0
DA:618,0
DA:623,0
DA:628,0
DA:633,0
DA:638,0
DA:645,14
DA:646,14
DA:649,0
DA:651,14
DA:653,0
DA:654,110
DA:659,16
DA:662,16
DA:664,0
DA:667,16
DA:673,0
DA:675,0
DA:678,299
DA:679,0
DA:683,0
DA:684,0
DA:685,0
DA:687,0
DA:689,0
DA:690,0
DA:692,0
DA:694,0
DA:695,0
DA:697,0
DA:698,0
DA:699,0
DA:700,0
DA:702,0
DA:703,0
DA:704,0
DA:706,0
DA:707,0
DA:709,0
DA:713,0
DA:718,1826
DA:719,1826
DA:721,1826
DA:723,1826
DA:724,1826
DA:726,19602
DA:728,4488
DA:729,4488
DA:731,4488
DA:732,4488
DA:733,4488
DA:734,4488
DA:736,529
DA:737,529
DA:738,529
DA:740,529
DA:742,262
DA:744,4
DA:748,258
DA:752,525
DA:754,525
DA:755,525
DA:758,1431
DA:759,1431
DA:761,3138
DA:763,568
DA:765,50
DA:766,50
DA:770,1431
DA:776,1826
DA:781,635
DA:783,635
DA:784,635
DA:786,2133
DA:787,2133
DA:788,2133
DA:789,2133
DA:790,2133
DA:792,7597
DA:793,7597
DA:794,7597
DA:796,7597
DA:800,1556
DA:801,1556
DA:802,1556
DA:803,1556
DA:806,1556
DA:807,1556
DA:809,7224
DA:811,1239
DA:813,58
DA:814,58
DA:818,1556
DA:822,635
DA:827,2133
DA:828,2133
DA:830,2133
DA:831,2133
DA:833,22686
DA:835,5279
DA:836,5279
DA:837,5279
DA:839,7597
DA:850,2133
DA:855,0
DA:856,0
DA:858,0
DA:860,0
DA:861,0
DA:863,0
DA:865,0
DA:866,0
DA:868,0
DA:870,0
DA:871,0
DA:872,0
DA:878,1807
DA:879,1807
DA:881,5105
DA:883,1807
DA:885,5070
DA:886,5070
DA:887,3902
DA:889,639
LF:343
LH:151
BRDA:13,0,0,0
BRDA:13,1,0,77
BRDA:18,2,0,0
BRDA:18,2,1,77
BRDA:18,3,0,77
BRDA:18,3,1,0
BRDA:73,4,0,0
BRDA:73,5,0,0
BRDA:77,6,0,3
BRDA:77,6,1,28
BRDA:79,7,0,0
BRDA:79,7,1,3
BRDA:79,8,0,3
BRDA:79,8,1,3
BRDA:81,9,0,0
BRDA:81,9,1,0
BRDA:81,10,0,0
BRDA:81,10,1,0
BRDA:91,11,0,280
BRDA:91,12,0,0
BRDA:95,13,0,1882
BRDA:95,13,1,10994
BRDA:97,14,0,529
BRDA:97,14,1,1353
BRDA:97,15,0,1882
BRDA:97,15,1,1832
BRDA:168,16,0,0
BRDA:168,16,1,0
BRDA:180,17,0,0
BRDA:180,17,1,0
BRDA:185,18,0,0
BRDA:185,18,1,0
BRDA:250,19,0,0
BRDA:258,20,0,0
BRDA:258,20,1,77
BRDA:260,21,0,14
BRDA:260,21,1,63
BRDA:269,22,0,0
BRDA:269,22,1,0
BRDA:273,23,0,0
BRDA:273,23,1,0
BRDA:275,24,0,0
BRDA:275,24,1,0
BRDA:294,25,0,0
BRDA:294,25,1,0
BRDA:302,26,0,0
BRDA:306,27,0,0
BRDA:306,27,1,0
BRDA:327,28,0,0
BRDA:327,28,1,121
BRDA:328,29,0,0
BRDA:328,29,1,121
BRDA:329,30,0,0
BRDA:329,30,1,121
BRDA:330,31,0,0
BRDA:330,31,1,121
BRDA:331,32,0,0
BRDA:331,32,1,121
BRDA:334,33,0,21
BRDA:334,33,1,100
BRDA:337,34,0,21
BRDA:337,34,1,0
BRDA:362,35,0,0
BRDA:365,36,0,0
BRDA:365,36,1,0
BRDA:371,37,0,0
BRDA:371,37,1,0
BRDA:374,38,0,0
BRDA:374,38,1,0
BRDA:380,39,0,0
BRDA:380,39,1,0
BRDA:403,40,0,0
BRDA:406,41,0,0
BRDA:406,41,1,0
BRDA:408,42,0,0
BRDA:408,42,1,0
BRDA:417,43,0,0
BRDA:417,43,1,0
BRDA:426,44,0,68
BRDA:426,44,1,53
BRDA:428,45,0,53
BRDA:428,45,1,28
BRDA:435,46,0,135
BRDA:435,46,1,107
BRDA:437,47,0,107
BRDA:437,47,1,38
BRDA:443,48,0,0
BRDA:443,48,1,0
BRDA:446,49,0,0
BRDA:446,49,1,0
BRDA:450,50,0,0
BRDA:450,50,1,0
BRDA:452,51,0,0
BRDA:452,51,1,0
BRDA:472,52,0,0
BRDA:472,52,1,0
BRDA:475,53,0,0
BRDA:475,53,1,0
BRDA:479,54,0,0
BRDA:479,54,1,0
BRDA:481,55,0,0
BRDA:481,55,1,0
BRDA:501,56,0,0
BRDA:501,56,1,0
BRDA:502,57,0,0
BRDA:502,57,1,0
BRDA:503,58,0,0
BRDA:503,58,1,0
BRDA:513,59,0,0
BRDA:515,60,0,0
BRDA:515,60,1,0
BRDA:517,61,0,0
BRDA:517,61,1,0
BRDA:519,62,0,0
BRDA:519,62,1,0
BRDA:524,63,0,0
BRDA:524,63,1,0
BRDA:529,64,0,0
BRDA:529,64,1,0
BRDA:534,65,0,0
BRDA:534,65,1,0
BRDA:534,66,0,0
BRDA:534,66,1,0
BRDA:556,67,0,0
BRDA:556,67,1,0
BRDA:573,68,0,0
BRDA:573,68,1,0
BRDA:574,69,0,0
BRDA:574,69,1,0
BRDA:575,70,0,0
BRDA:575,70,1,0
BRDA:585,71,0,0
BRDA:587,72,0,0
BRDA:587,72,1,0
BRDA:589,73,0,0
BRDA:589,73,1,0
BRDA:591,74,0,0
BRDA:591,74,1,0
BRDA:596,75,0,0
BRDA:596,75,1,0
BRDA:601,76,0,0
BRDA:601,76,1,0
BRDA:606,77,0,0
BRDA:606,77,1,0
BRDA:606,78,0,0
BRDA:606,78,1,0
BRDA:628,79,0,0
BRDA:628,79,1,0
BRDA:646,80,0,0
BRDA:646,80,1,14
BRDA:656,81,0,16
BRDA:659,82,0,16
BRDA:659,82,1,0
BRDA:662,83,0,0
BRDA:662,83,1,16
BRDA:673,84,0,0
BRDA:673,84,1,0
BRDA:681,85,0,0
BRDA:683,86,0,0
BRDA:683,86,1,0
BRDA:684,87,0,0
BRDA:684,87,1,0
BRDA:685,88,0,0
BRDA:685,88,1,0
BRDA:687,89,0,0
BRDA:687,89,1,0
BRDA:692,90,0,0
BRDA:692,90,1,0
BRDA:706,91,0,0
BRDA:706,91,1,0
BRDA:707,92,0,0
BRDA:707,92,1,0
BRDA:716,93,0,1826
BRDA:718,94,0,0
BRDA:718,94,1,1826
BRDA:719,95,0,0
BRDA:719,95,1,1826
BRDA:721,96,0,0
BRDA:721,96,1,1826
BRDA:726,97,0,4488
BRDA:726,97,1,15114
BRDA:740,98,0,262
BRDA:740,98,1,267
BRDA:742,99,0,4
BRDA:742,99,1,258
BRDA:752,100,0,124
BRDA:752,100,1,401
BRDA:761,101,0,568
BRDA:761,101,1,2570
BRDA:763,102,0,50
BRDA:763,102,1,518
BRDA:770,103,0,1381
BRDA:770,103,1,50
BRDA:779,104,0,635
BRDA:781,105,0,0
BRDA:781,105,1,635
BRDA:796,106,0,1556
BRDA:796,106,1,6041
BRDA:796,107,0,7597
BRDA:796,107,1,5200
BRDA:796,107,2,4504
BRDA:802,108,0,696
BRDA:802,108,1,860
BRDA:803,109,0,1000
BRDA:803,109,1,556
BRDA:809,110,0,1239
BRDA:809,110,1,5985
BRDA:811,111,0,58
BRDA:811,111,1,1181
BRDA:818,112,0,1498
BRDA:818,112,1,58
BRDA:825,113,0,2133
BRDA:827,114,0,0
BRDA:827,114,1,2133
BRDA:828,115,0,0
BRDA:828,115,1,2133
BRDA:833,116,0,5279
BRDA:833,116,1,17407
BRDA:871,117,0,0
BRDA:871,117,1,0
BRDA:886,118,0,1168
BRDA:886,118,1,3902
BRF:222
BRH:80
end_of_record
TN:
SF:/Users/andrew/Workspace/webapp/src/deprecated/modules/pda/machine/PDAUtils.js
FNF:0
FNH:0
LF:0
LH:0
BRF:0
BRH:0
end_of_record
TN:
SF:/Users/andrew/Workspace/webapp/src/deprecated/modules/pda/machine/util/SolvePDA.js
FN:3,solvePDA
FN:48,solvePDAByStep
FNF:2
FNH:2
FNDA:110,solvePDA
FNDA:420,solvePDAByStep
DA:1,2
DA:5,110
DA:8,110
DA:9,110
DA:12,110
DA:14,110
DA:16,110
DA:18,702
DA:22,110
DA:25,110
DA:26,110
DA:28,420
DA:29,420
DA:31,53
DA:35,367
DA:36,367
DA:38,0
DA:42,57
DA:51,420
DA:52,420
DA:53,420
DA:54,420
DA:56,420
DA:58,338
DA:61,420
DA:63,2125
DA:64,2125
DA:65,2125
DA:67,2125
DA:70,1826
DA:71,1826
DA:73,1381
DA:78,299
DA:82,2072
DA:84,367
DA:85,367
DA:86,367
LF:37
LH:36
BRDA:5,0,0,110
BRDA:5,0,1,0
BRDA:29,1,0,53
BRDA:29,1,1,367
BRDA:36,2,0,0
BRDA:36,2,1,367
BRDA:56,3,0,338
BRDA:56,3,1,82
BRDA:65,4,0,1826
BRDA:65,4,1,299
BRDA:67,5,0,1826
BRDA:67,5,1,299
BRDA:78,6,0,53
BRDA:78,6,1,246
BRF:14
BRH:12
end_of_record
TN:
SF:/Users/andrew/Workspace/webapp/src/deprecated/modules/re/loaders/REParser.js
FN:16,(anonymous_0)
FN:34,(anonymous_1)
FN:44,(anonymous_2)
FN:105,(anonymous_3)
FN:122,(anonymous_4)
FN:140,(anonymous_5)
FN:149,(anonymous_6)
FN:194,(anonymous_7)
FN:223,(anonymous_8)
FN:268,(anonymous_9)
FN:298,(anonymous_10)
FN:312,(anonymous_11)
FNF:12
FNH:8
FNDA:1,(anonymous_0)
FNDA:19,(anonymous_1)
FNDA:19,(anonymous_2)
FNDA:34,(anonymous_3)
FNDA:10,(anonymous_4)
FNDA:11,(anonymous_5)
FNDA:23,(anonymous_6)
FNDA:42,(anonymous_7)
FNDA:0,(anonymous_8)
FNDA:0,(anonymous_9)
FNDA:0,(anonymous_10)
FNDA:0,(anonymous_11)
DA:18,1
DA:19,1
DA:22,1
DA:24,1
DA:36,19
DA:37,19
DA:38,19
DA:39,19
DA:40,19
DA:41,19
DA:46,19
DA:47,19
DA:48,19
DA:49,19
DA:51,0
DA:52,0
DA:54,19
DA:56,19
DA:57,19
DA:58,19
DA:59,19
DA:61,19
DA:63,96
DA:64,96
DA:65,96
DA:68,10
DA:69,10
DA:70,10
DA:72,10
DA:73,10
DA:74,10
DA:76,11
DA:77,11
DA:79,0
DA:80,0
DA:82,12
DA:83,12
DA:85,11
DA:86,11
DA:89,0
DA:93,42
DA:95,42
DA:97,42
DA:107,34
DA:108,34
DA:109,34
DA:110,34
DA:112,17
DA:114,34
DA:116,34
DA:118,17
DA:124,10
DA:126,9
DA:127,9
DA:128,9
DA:132,1
DA:133,1
DA:134,1
DA:135,1
DA:137,10
DA:142,11
DA:143,11
DA:144,11
DA:145,11
DA:146,11
DA:151,23
DA:153,8
DA:154,8
DA:155,8
DA:156,8
DA:163,15
DA:164,15
DA:165,15
DA:166,15
DA:169,8
DA:170,8
DA:172,7
DA:173,7
DA:175,15
DA:177,4
DA:178,4
DA:179,4
DA:180,4
DA:181,4
DA:185,11
DA:186,11
DA:187,11
DA:188,11
DA:191,23
DA:196,42
DA:198,10
DA:199,10
DA:200,10
DA:204,32
DA:205,32
DA:206,32
DA:207,32
DA:209,42
DA:225,0
DA:227,0
DA:229,0
DA:231,0
DA:232,0
DA:235,0
DA:237,0
DA:241,0
DA:242,0
DA:247,0
DA:270,0
DA:271,0
DA:272,0
DA:274,0
DA:276,0
DA:277,0
DA:278,0
DA:281,0
DA:283,0
DA:284,0
DA:285,0
DA:290,0
DA:300,0
DA:301,0
DA:303,0
DA:305,0
DA:314,0
DA:315,0
DA:317,0
DA:319,0
DA:324,1
LF:129
LH:94
BRDA:49,0,0,0
BRDA:49,0,1,19
BRDA:54,1,0,19
BRDA:54,1,1,0
BRDA:65,2,0,10
BRDA:65,2,1,10
BRDA:65,2,2,11
BRDA:65,2,3,0
BRDA:65,2,4,12
BRDA:65,2,5,11
BRDA:65,2,6,0
BRDA:65,2,7,42
BRDA:95,3,0,42
BRDA:95,3,1,0
BRDA:95,4,0,42
BRDA:95,4,1,42
BRDA:95,4,2,42
BRDA:110,5,0,17
BRDA:110,5,1,17
BRDA:116,6,0,17
BRDA:116,6,1,17
BRDA:124,7,0,9
BRDA:124,7,1,1
BRDA:151,8,0,8
BRDA:151,8,1,15
BRDA:166,9,0,8
BRDA:166,9,1,7
BRDA:169,10,0,1
BRDA:169,10,1,7
BRDA:172,11,0,3
BRDA:172,11,1,4
BRDA:175,12,0,4
BRDA:175,12,1,11
BRDA:196,13,0,10
BRDA:196,13,1,32
BRDA:225,14,0,0
BRDA:225,14,1,0
BRDA:229,15,0,0
BRDA:229,15,1,0
BRDA:229,16,0,0
BRDA:229,16,1,0
BRDA:235,17,0,0
BRDA:235,17,1,0
BRDA:274,18,0,0
BRDA:274,18,1,0
BRDA:274,19,0,0
BRDA:274,19,1,0
BRDA:281,20,0,0
BRDA:281,20,1,0
BRDA:281,21,0,0
BRDA:281,21,1,0
BRF:51
BRH:30
end_of_record
TN:
SF:/Users/andrew/Workspace/webapp/src/deprecated/modules/re/machine/RE.js
FN:13,(anonymous_0)
FN:27,(anonymous_1)
FN:51,(anonymous_2)
FN:58,(anonymous_3)
FN:77,(anonymous_4)
FN:81,(anonymous_5)
FN:86,(anonymous_6)
FN:90,(anonymous_7)
FN:94,(anonymous_8)
FN:98,(anonymous_9)
FN:103,(anonymous_10)
FN:119,(anonymous_11)
FN:163,(anonymous_12)
FN:185,(anonymous_13)
FN:191,(anonymous_14)
FN:196,(anonymous_15)
FNF:16
FNH:8
FNDA:19,(anonymous_0)
FNDA:0,(anonymous_1)
FNDA:0,(anonymous_2)
FNDA:0,(anonymous_3)
FNDA:0,(anonymous_4)
FNDA:0,(anonymous_5)
FNDA:42,(anonymous_6)
FNDA:0,(anonymous_7)
FNDA:0,(anonymous_8)
FNDA:19,(anonymous_9)
FNDA:19,(anonymous_10)
FNDA:19,(anonymous_11)
FNDA:19,(anonymous_12)
FNDA:57,(anonymous_13)
FNDA:114,(anonymous_14)
FNDA:0,(anonymous_15)
DA:3,4
DA:4,4
DA:5,4
DA:6,4
DA:7,4
DA:8,4
DA:9,4
DA:15,19
DA:16,19
DA:17,19
DA:30,0
DA:33,0
DA:35,0
DA:38,0
DA:40,0
DA:44,0
DA:47,0
DA:53,0
DA:54,0
DA:55,0
DA:61,0
DA:63,0
DA:65,0
DA:67,0
DA:72,0
DA:75,0
DA:79,0
DA:83,0
DA:88,42
DA:92,0
DA:96,0
DA:100,19
DA:105,19
DA:106,19
DA:107,19
DA:109,96
DA:110,10
DA:111,86
DA:112,10
DA:113,96
DA:114,0
DA:116,19
DA:121,19
DA:122,19
DA:124,19
DA:125,0
DA:126,19
DA:134,0
DA:136,19
DA:138,77
DA:139,77
DA:140,77
DA:145,23
DA:146,0
DA:152,44
DA:153,0
DA:155,44
DA:156,0
DA:157,44
DA:160,19
DA:165,19
DA:166,19
DA:167,19
DA:169,84
DA:170,84
DA:171,84
DA:173,65
DA:174,65
DA:177,12
DA:181,19
DA:187,57
DA:188,57
DA:193,114
DA:198,0
LF:74
LH:47
BRDA:13,0,0,0
BRDA:30,1,0,0
BRDA:30,1,1,0
BRDA:65,2,0,0
BRDA:65,2,1,0
BRDA:109,3,0,10
BRDA:109,3,1,86
BRDA:111,4,0,10
BRDA:111,4,1,76
BRDA:113,5,0,0
BRDA:113,5,1,96
BRDA:122,6,0,0
BRDA:122,6,1,19
BRDA:122,7,0,19
BRDA:122,7,1,19
BRDA:124,8,0,0
BRDA:124,8,1,19
BRDA:126,9,0,0
BRDA:126,9,1,0
BRDA:126,9,2,0
BRDA:126,9,3,0
BRDA:126,9,4,0
BRDA:140,10,0,11
BRDA:140,10,1,23
BRDA:140,10,2,33
BRDA:140,10,3,44
BRDA:140,10,4,44
BRDA:145,11,0,0
BRDA:145,11,1,23
BRDA:152,12,0,0
BRDA:152,12,1,44
BRDA:152,13,0,44
BRDA:152,13,1,44
BRDA:152,13,2,44
BRDA:155,14,0,0
BRDA:155,14,1,44
BRDA:155,15,0,44
BRDA:155,15,1,33
BRDA:155,15,2,11
BRDA:171,16,0,65
BRDA:171,16,1,19
BRDA:174,17,0,12
BRDA:174,17,1,53
BRDA:174,18,0,65
BRDA:174,18,1,55
BRDA:174,18,2,44
BRDA:174,18,3,44
BRDA:174,18,4,34
BRDA:174,18,5,23
BRDA:174,18,6,12
BRDA:174,18,7,12
BRF:51
BRH:35
end_of_record
TN:
SF:/Users/andrew/Workspace/webapp/src/deprecated/modules/re/machine/REUtils.js
FNF:0
FNH:0
LF:0
LH:0
BRF:0
BRH:0
end_of_record
TN:
SF:/Users/andrew/Workspace/webapp/src/deprecated/modules/re/machine/util/ConvertRE.js
FN:18,convertToNFA
FN:26,ASTToNFA
FN:60,emptySet
FN:70,sigma
FN:95,character
FN:111,concat
FN:177,kleene
FN:220,plus
FN:225,or
FNF:9
FNH:6
FNDA:19,convertToNFA
FNDA:86,ASTToNFA
FNDA:0,emptySet
FNDA:0,sigma
FNDA:42,character
FNDA:12,concat
FNDA:11,kleene
FNDA:0,plus
FNDA:11,or
DA:21,19
DA:22,19
DA:23,19
DA:30,86
DA:32,42
DA:35,0
DA:37,0
DA:39,42
DA:42,44
DA:45,11
DA:47,0
DA:49,12
DA:51,11
DA:53,10
DA:55,0
DA:62,0
DA:63,0
DA:64,0
DA:65,0
DA:72,0
DA:73,0
DA:75,0
DA:77,0
DA:80,0
DA:82,0
DA:85,0
DA:87,0
DA:88,0
DA:90,0
DA:98,42
DA:100,0
DA:102,42
DA:103,42
DA:104,42
DA:105,42
DA:106,42
DA:107,42
DA:108,42
DA:113,12
DA:114,12
DA:116,12
DA:117,12
DA:119,12
DA:121,34
DA:122,34
DA:123,34
DA:127,12
DA:128,12
DA:129,12
DA:130,12
DA:132,28
DA:133,28
DA:134,28
DA:136,28
DA:138,12
DA:142,12
DA:143,12
DA:145,25
DA:146,25
DA:147,25
DA:148,25
DA:150,25
DA:154,12
DA:156,12
DA:157,12
DA:160,12
DA:161,12
DA:163,20
DA:164,20
DA:165,20
DA:166,20
DA:168,20
DA:172,12
DA:173,12
DA:174,12
DA:179,11
DA:180,11
DA:182,11
DA:184,11
DA:185,11
DA:186,11
DA:187,11
DA:189,58
DA:190,58
DA:192,58
DA:193,58
DA:195,11
DA:197,11
DA:199,11
DA:200,11
DA:202,56
DA:203,56
DA:204,56
DA:205,56
DA:207,56
DA:211,11
DA:212,11
DA:213,11
DA:215,11
DA:216,11
DA:217,11
DA:222,0
DA:227,11
DA:228,11
DA:230,11
DA:232,11
DA:233,11
DA:234,11
DA:235,11
DA:237,30
DA:238,30
DA:239,30
DA:241,30
DA:243,11
DA:247,11
DA:248,11
DA:249,11
DA:250,11
DA:252,42
DA:253,42
DA:254,42
DA:256,42
DA:258,11
DA:262,11
DA:265,11
DA:266,11
DA:267,11
DA:269,20
DA:270,20
DA:271,20
DA:272,20
DA:274,20
DA:277,11
DA:279,11
DA:283,11
DA:284,11
DA:285,11
DA:287,38
DA:288,38
DA:289,38
DA:290,38
DA:292,38
DA:295,11
DA:297,11
DA:300,11
DA:301,11
DA:302,11
LF:147
LH:127
BRDA:30,0,0,42
BRDA:30,0,1,44
BRDA:32,1,0,0
BRDA:32,1,1,0
BRDA:32,1,2,42
BRDA:42,2,0,11
BRDA:42,2,1,0
BRDA:42,2,2,12
BRDA:42,2,3,11
BRDA:42,2,4,10
BRDA:42,2,5,0
BRDA:75,3,0,0
BRDA:75,3,1,0
BRDA:98,4,0,0
BRDA:98,4,1,42
BRDA:123,5,0,12
BRDA:123,5,1,22
BRDA:134,6,0,12
BRDA:134,6,1,16
BRDA:136,7,0,12
BRDA:136,7,1,16
BRDA:147,8,0,0
BRDA:147,8,1,25
BRDA:147,9,0,25
BRDA:147,9,1,25
BRDA:165,10,0,0
BRDA:165,10,1,20
BRDA:165,11,0,20
BRDA:165,11,1,20
BRDA:173,12,0,12
BRDA:173,12,1,0
BRDA:192,13,0,11
BRDA:192,13,1,47
BRDA:204,14,0,0
BRDA:204,14,1,56
BRDA:204,15,0,56
BRDA:204,15,1,56
BRDA:239,16,0,11
BRDA:239,16,1,19
BRDA:241,17,0,11
BRDA:241,17,1,19
BRDA:254,18,0,11
BRDA:254,18,1,31
BRDA:256,19,0,11
BRDA:256,19,1,31
BRDA:271,20,0,0
BRDA:271,20,1,20
BRDA:271,21,0,20
BRDA:271,21,1,20
BRDA:277,22,0,11
BRDA:277,22,1,0
BRDA:289,23,0,0
BRDA:289,23,1,38
BRDA:289,24,0,38
BRDA:289,24,1,38
BRDA:295,25,0,11
BRDA:295,25,1,0
BRF:57
BRH:42
end_of_record
TN:
SF:/Users/andrew/Workspace/webapp/src/experimental/modules/cfg/machine/CFG.js
FN:19,(anonymous_0)
FN:32,(anonymous_1)
FN:38,(anonymous_2)
FN:42,(anonymous_3)
FN:47,(anonymous_4)
FN:51,(anonymous_5)
FN:61,(anonymous_6)
FN:74,(anonymous_7)
FN:79,(anonymous_8)
FN:91,(anonymous_9)
FN:103,(anonymous_10)
FN:117,(anonymous_11)
FN:157,(anonymous_12)
FN:172,(anonymous_13)
FN:195,(anonymous_14)
FN:209,(anonymous_15)
FN:218,(anonymous_16)
FN:224,(anonymous_17)
FN:236,(anonymous_18)
FN:252,(anonymous_19)
FN:290,(anonymous_20)
FN:305,(anonymous_21)
FN:315,(anonymous_22)
FN:325,(anonymous_23)
FN:348,(anonymous_24)
FN:374,(anonymous_25)
FN:396,(anonymous_26)
FN:399,(anonymous_27)
FN:411,(anonymous_28)
FN:429,(anonymous_29)
FN:447,(anonymous_30)
FN:465,(anonymous_31)
FN:473,(anonymous_32)
FN:482,(anonymous_33)
FN:492,(anonymous_34)
FN:503,(anonymous_35)
FN:513,(anonymous_36)
FN:521,(anonymous_37)
FN:531,(anonymous_38)
FN:541,(anonymous_39)
FN:552,(anonymous_40)
FN:562,(anonymous_41)
FN:570,(anonymous_42)
FN:580,(anonymous_43)
FN:590,(anonymous_44)
FN:599,(anonymous_45)
FNF:46
FNH:35
FNDA:1405,(anonymous_0)
FNDA:66,(anonymous_1)
FNDA:0,(anonymous_2)
FNDA:1371,(anonymous_3)
FNDA:0,(anonymous_4)
FNDA:1312,(anonymous_5)
FNDA:8,(anonymous_6)
FNDA:1231,(anonymous_7)
FNDA:0,(anonymous_8)
FNDA:236,(anonymous_9)
FNDA:124,(anonymous_10)
FNDA:80,(anonymous_11)
FNDA:38,(anonymous_12)
FNDA:12,(anonymous_13)
FNDA:0,(anonymous_14)
FNDA:84,(anonymous_15)
FNDA:1050,(anonymous_16)
FNDA:1027,(anonymous_17)
FNDA:1027,(anonymous_18)
FNDA:4,(anonymous_19)
FNDA:7,(anonymous_20)
FNDA:4,(anonymous_21)
FNDA:0,(anonymous_22)
FNDA:8,(anonymous_23)
FNDA:4,(anonymous_24)
FNDA:34,(anonymous_25)
FNDA:23,(anonymous_26)
FNDA:221,(anonymous_27)
FNDA:21,(anonymous_28)
FNDA:10,(anonymous_29)
FNDA:5,(anonymous_30)
FNDA:92,(anonymous_31)
FNDA:0,(anonymous_32)
FNDA:34,(anonymous_33)
FNDA:0,(anonymous_34)
FNDA:639,(anonymous_35)
FNDA:190,(anonymous_36)
FNDA:0,(anonymous_37)
FNDA:15,(anonymous_38)
FNDA:0,(anonymous_39)
FNDA:13,(anonymous_40)
FNDA:44,(anonymous_41)
FNDA:0,(anonymous_42)
FNDA:2,(anonymous_43)
FNDA:77,(anonymous_44)
FNDA:0,(anonymous_45)
DA:5,3
DA:22,1405
DA:23,1405
DA:34,66
DA:35,66
DA:40,0
DA:44,1371
DA:49,0
DA:53,1312
DA:63,8
DA:64,8
DA:65,8
DA:67,15
DA:69,8
DA:76,1231
DA:81,0
DA:93,236
DA:105,124
DA:119,80
DA:120,80
DA:121,80
DA:124,46
DA:126,16
DA:127,16
DA:131,30
DA:133,26
DA:137,30
DA:139,80
DA:159,38
DA:160,38
DA:161,38
DA:162,38
DA:163,38
DA:175,12
DA:176,12
DA:177,12
DA:178,12
DA:180,66
DA:181,66
DA:182,66
DA:184,12
DA:185,12
DA:186,12
DA:188,1
DA:197,0
DA:198,0
DA:199,0
DA:200,0
DA:201,0
DA:212,84
DA:214,0
DA:218,84
DA:220,1050
DA:222,84
DA:223,84
DA:224,84
DA:226,1027
DA:228,1027
DA:230,2
DA:232,1027
DA:236,84
DA:238,1027
DA:240,84
DA:255,4
DA:257,4
DA:259,8
DA:261,0
DA:265,4
DA:267,0
DA:271,4
DA:272,4
DA:274,8
DA:276,5
DA:279,4
DA:281,0
DA:284,4
DA:286,0
DA:290,7
DA:291,4
DA:293,0
DA:297,4
DA:307,4
DA:317,0
DA:328,8
DA:331,8
DA:332,8
DA:334,39
DA:336,26
DA:339,8
DA:350,4
DA:351,4
DA:353,8
DA:355,4
DA:357,4
DA:359,4
DA:377,34
DA:378,34
DA:381,34
DA:383,61
DA:385,15
DA:388,34
DA:399,23
DA:401,221
DA:413,21
DA:415,124
DA:417,14
DA:420,7
DA:431,10
DA:433,100
DA:435,8
DA:438,2
DA:450,5
DA:452,10
DA:454,4
DA:457,1
DA:467,92
DA:475,0
DA:484,34
DA:494,0
DA:505,639
DA:515,190
DA:523,0
DA:533,15
DA:543,0
DA:554,13
DA:564,44
DA:572,0
DA:582,2
DA:592,77
DA:601,0
DA:602,0
DA:604,0
DA:606,0
DA:607,0
DA:609,0
DA:611,0
DA:612,0
DA:614,0
DA:616,0
DA:617,0
DA:618,0
DA:619,0
LF:142
LH:109
BRDA:19,0,0,66
BRDA:19,1,0,67
BRDA:93,2,0,236
BRDA:93,2,1,102
BRDA:124,3,0,16
BRDA:124,3,1,30
BRDA:131,4,0,26
BRDA:131,4,1,4
BRDA:157,5,0,12
BRDA:157,6,0,12
BRDA:157,7,0,12
BRDA:157,8,0,12
BRDA:212,9,0,0
BRDA:212,9,1,84
BRDA:228,10,0,2
BRDA:228,10,1,1025
BRDA:259,11,0,0
BRDA:259,11,1,8
BRDA:265,12,0,0
BRDA:265,12,1,4
BRDA:274,13,0,5
BRDA:274,13,1,3
BRDA:279,14,0,0
BRDA:279,14,1,4
BRDA:284,15,0,0
BRDA:284,15,1,4
BRDA:291,16,0,0
BRDA:291,16,1,4
BRDA:328,17,0,8
BRDA:328,17,1,8
BRDA:334,18,0,26
BRDA:334,18,1,13
BRDA:334,19,0,39
BRDA:334,19,1,32
BRDA:336,20,0,26
BRDA:336,20,1,26
BRDA:336,20,2,13
BRDA:339,21,0,8
BRDA:339,21,1,8
BRDA:348,22,0,0
BRDA:355,23,0,4
BRDA:355,23,1,0
BRDA:383,24,0,15
BRDA:383,24,1,46
BRDA:383,25,0,61
BRDA:383,25,1,61
BRDA:383,25,2,61
BRDA:415,26,0,14
BRDA:415,26,1,110
BRDA:433,27,0,8
BRDA:433,27,1,92
BRDA:452,28,0,4
BRDA:452,28,1,6
BRF:53
BRH:45
end_of_record
TN:
SF:/Users/andrew/Workspace/webapp/src/experimental/modules/cfg/machine/util/ConvertCFG.js
FN:13,convertToPDA
FN:84,prepareTransitionSymbol
FNF:2
FNH:2
FNDA:4,convertToPDA
FNDA:32,prepareTransitionSymbol
DA:16,4
DA:19,4
DA:21,4
DA:22,4
DA:23,4
DA:24,4
DA:25,4
DA:26,4
DA:29,4
DA:32,4
DA:36,4
DA:38,15
DA:39,15
DA:42,15
DA:44,6
DA:45,6
DA:46,6
DA:50,9
DA:51,9
DA:52,9
DA:54,9
DA:56,9
DA:58,8
DA:59,8
DA:60,8
DA:61,8
DA:64,9
DA:65,9
DA:70,4
DA:72,8
DA:76,4
DA:78,4
DA:79,4
DA:81,4
DA:86,32
DA:88,6
DA:92,26
LF:37
LH:37
BRDA:16,0,0,0
BRDA:16,0,1,4
BRDA:42,1,0,6
BRDA:42,1,1,9
BRDA:86,2,0,6
BRDA:86,2,1,26
BRF:6
BRH:5
end_of_record
TN:
SF:/Users/andrew/Workspace/webapp/src/experimental/modules/cfg/machine/util/ConvertCFGtoChomsky.js
FN:22,convertCFGtoChomsky
FN:60,newStartVariable
FN:92,eliminateEpsilonRules
FN:97,(anonymous_3)
FN:156,eliminateEpsilonVariable
FN:206,removePureEpsilonRule
FN:227,(anonymous_6)
FN:266,eliminateUnitRules
FN:272,(anonymous_8)
FN:276,(anonymous_9)
FN:294,(anonymous_10)
FN:336,convertRulesIntoProperForm
FN:344,(anonymous_12)
FN:382,breakLongRule
FN:401,(anonymous_14)
FN:464,parseRHS
FNF:16
FNH:11
FNDA:0,convertCFGtoChomsky
FNDA:2,newStartVariable
FNDA:7,eliminateEpsilonRules
FNDA:31,(anonymous_3)
FNDA:81,eliminateEpsilonVariable
FNDA:14,removePureEpsilonRule
FNDA:5,(anonymous_6)
FNDA:2,eliminateUnitRules
FNDA:25,(anonymous_8)
FNDA:25,(anonymous_9)
FNDA:115,(anonymous_10)
FNDA:0,convertRulesIntoProperForm
FNDA:0,(anonymous_12)
FNDA:0,breakLongRule
FNDA:0,(anonymous_14)
FNDA:2,parseRHS
DA:33,0
DA:34,0
DA:36,0
DA:37,0
DA:38,0
DA:39,0
DA:40,0
DA:63,2
DA:64,2
DA:66,2
DA:67,2
DA:68,2
DA:95,7
DA:96,7
DA:97,7
DA:99,31
DA:100,31
DA:104,7
DA:105,7
DA:108,14
DA:110,14
DA:112,14
DA:113,14
DA:115,4
DA:116,4
DA:117,4
DA:120,10
DA:122,76
DA:124,76
DA:126,76
DA:128,10
DA:131,10
DA:134,7
DA:135,7
DA:159,81
DA:161,4
DA:163,1
DA:165,3
DA:168,77
DA:169,77
DA:170,77
DA:174,20
DA:178,60
DA:181,60
DA:182,60
DA:184,144
DA:188,90
DA:192,60
DA:195,77
DA:209,14
DA:210,14
DA:212,33
DA:215,10
DA:216,10
DA:220,14
DA:222,10
DA:227,4
DA:229,5
DA:230,5
DA:232,5
DA:234,1
DA:236,5
DA:241,4
DA:242,4
DA:269,2
DA:270,2
DA:272,2
DA:274,25
DA:276,2
DA:278,25
DA:280,25
DA:282,25
DA:285,2
DA:286,2
DA:288,8
DA:290,8
DA:294,8
DA:296,115
DA:300,8
DA:302,32
DA:303,32
DA:305,32
DA:309,8
DA:310,8
DA:312,8
DA:314,2
DA:339,0
DA:340,0
DA:344,0
DA:346,0
DA:347,0
DA:348,0
DA:352,0
DA:358,0
DA:360,0
DA:361,0
DA:362,0
DA:364,0
DA:367,0
DA:384,0
DA:385,0
DA:386,0
DA:387,0
DA:388,0
DA:390,0
DA:392,0
DA:394,0
DA:398,0
DA:401,0
DA:403,0
DA:404,0
DA:406,0
DA:408,0
DA:409,0
DA:410,0
DA:411,0
DA:415,0
DA:417,0
DA:418,0
DA:421,0
DA:422,0
DA:423,0
DA:425,0
DA:426,0
DA:428,0
DA:430,0
DA:432,0
DA:433,0
DA:435,0
DA:439,0
DA:442,0
DA:443,0
DA:446,0
DA:447,0
DA:466,2
DA:467,2
DA:468,2
DA:469,2
DA:470,2
DA:472,12
DA:473,12
DA:474,12
DA:475,12
DA:477,2
DA:478,2
DA:481,2
LF:146
LH:91
BRDA:110,0,0,14
BRDA:110,0,1,0
BRDA:113,1,0,4
BRDA:113,1,1,10
BRDA:156,2,0,3
BRDA:159,3,0,4
BRDA:159,3,1,77
BRDA:161,4,0,1
BRDA:161,4,1,3
BRDA:170,5,0,20
BRDA:170,5,1,57
BRDA:184,6,0,90
BRDA:184,6,1,54
BRDA:212,7,0,10
BRDA:212,7,1,23
BRDA:212,8,0,33
BRDA:212,8,1,10
BRDA:220,9,0,10
BRDA:220,9,1,4
BRDA:232,10,0,1
BRDA:232,10,1,4
BRDA:278,11,0,25
BRDA:278,11,1,0
BRDA:290,12,0,8
BRDA:290,12,1,0
BRDA:303,13,0,32
BRDA:303,13,1,0
BRDA:382,14,0,0
BRDA:390,15,0,0
BRDA:390,15,1,0
BRDA:406,16,0,0
BRDA:406,16,1,0
BRDA:423,17,0,0
BRDA:423,17,1,0
BRDA:430,18,0,0
BRDA:430,18,1,0
BRDA:475,19,0,2
BRDA:475,19,1,10
BRF:38
BRH:25
end_of_record
TN:
SF:/Users/andrew/Workspace/webapp/src/experimental/modules/cfg/machine/util/SolveChomsky.js
FN:14,solveChomsky
FN:114,checkEmptyString
FN:138,getVarMap
FN:166,getTerminalIndicies
FN:201,getUnitProductions
FN:234,getDoubleVariableProductionTriTuple
FNF:6
FNH:6
FNDA:43,solveChomsky
FNDA:10,checkEmptyString
FNDA:43,getVarMap
FNDA:43,getTerminalIndicies
FNDA:33,getUnitProductions
FNDA:33,getDoubleVariableProductionTriTuple
DA:16,43
DA:17,43
DA:18,43
DA:19,43
DA:20,43
DA:23,43
DA:25,10
DA:30,33
DA:32,134
DA:33,134
DA:35,888
DA:36,888
DA:38,6852
DA:40,888
DA:42,134
DA:49,33
DA:50,33
DA:52,53
DA:53,53
DA:55,53
DA:57,146
DA:58,146
DA:59,146
DA:61,73
DA:63,194
DA:69,33
DA:73,33
DA:75,101
DA:77,377
DA:79,1261
DA:82,14939
DA:83,14939
DA:86,507
DA:95,33
DA:97,15
DA:101,18
DA:116,10
DA:117,10
DA:119,10
DA:121,102
DA:123,8
DA:126,2
DA:140,43
DA:141,43
DA:142,43
DA:144,43
DA:146,43
DA:147,43
DA:149,265
DA:151,222
DA:155,43
DA:168,43
DA:170,43
DA:172,139
DA:173,139
DA:175,81
DA:176,81
DA:177,81
DA:181,58
DA:185,43
DA:203,33
DA:204,33
DA:205,33
DA:207,33
DA:209,391
DA:210,391
DA:213,391
DA:215,92
DA:219,33
DA:236,33
DA:237,33
DA:239,33
DA:241,391
DA:243,391
DA:245,270
DA:246,270
DA:247,270
DA:248,270
DA:252,33
LF:79
LH:79
BRDA:23,0,0,10
BRDA:23,0,1,33
BRDA:23,1,0,43
BRDA:23,1,1,38
BRDA:59,2,0,73
BRDA:59,2,1,73
BRDA:83,3,0,507
BRDA:83,3,1,14432
BRDA:83,4,0,14939
BRDA:83,4,1,2929
BRDA:95,5,0,15
BRDA:95,5,1,18
BRDA:121,6,0,8
BRDA:121,6,1,94
BRDA:121,7,0,102
BRDA:121,7,1,52
BRDA:149,8,0,222
BRDA:149,8,1,43
BRDA:149,9,0,265
BRDA:149,9,1,222
BRDA:173,10,0,81
BRDA:173,10,1,58
BRDA:213,11,0,92
BRDA:213,11,1,299
BRDA:213,12,0,391
BRDA:213,12,1,121
BRDA:243,13,0,270
BRDA:243,13,1,121
BRDA:243,14,0,391
BRDA:243,14,1,270
BRDA:243,14,2,270
BRF:31
BRH:31
end_of_record
TN:
SF:/Users/andrew/Workspace/webapp/src/experimental/services/expression/model/AST.js
FNF:0
FNH:0
LF:0
LH:0
BRF:0
BRH:0
end_of_record
TN:
SF:/Users/andrew/Workspace/webapp/src/experimental/services/expression/model/elements/AbstractNode.js
FN:7,(anonymous_0)
FN:14,(anonymous_1)
FN:15,(anonymous_2)
FN:17,(anonymous_3)
FN:23,(anonymous_4)
FN:29,(anonymous_5)
FN:35,(anonymous_6)
FN:36,(anonymous_7)
FN:37,(anonymous_8)
FNF:9
FNH:4
FNDA:86,(anonymous_0)
FNDA:0,(anonymous_1)
FNDA:0,(anonymous_2)
FNDA:0,(anonymous_3)
FNDA:161,(anonymous_4)
FNDA:0,(anonymous_5)
FNDA:143,(anonymous_6)
FNDA:87,(anonymous_7)
FNDA:0,(anonymous_8)
DA:9,86
DA:10,86
DA:11,86
DA:14,0
DA:15,0
DA:19,0
DA:20,0
DA:25,161
DA:26,161
DA:31,0
DA:32,0
DA:35,143
DA:36,87
DA:37,0
LF:14
LH:7
BRF:0
BRH:0
end_of_record
TN:
SF:/Users/andrew/Workspace/webapp/src/experimental/services/expression/model/elements/BinaryOpNode.js
FN:5,(anonymous_0)
FNF:1
FNH:1
FNDA:23,(anonymous_0)
DA:7,23
LF:1
LH:1
BRF:0
BRH:0
end_of_record
TN:
SF:/Users/andrew/Workspace/webapp/src/experimental/services/expression/model/elements/OpNode.js
FN:8,(anonymous_0)
FN:16,(anonymous_1)
FN:29,(anonymous_2)
FN:43,(anonymous_3)
FN:46,(anonymous_4)
FNF:5
FNH:3
FNDA:44,(anonymous_0)
FNDA:67,(anonymous_1)
FNDA:17,(anonymous_2)
FNDA:0,(anonymous_3)
FNDA:0,(anonymous_4)
DA:10,44
DA:12,44
DA:13,44
DA:18,67
DA:20,67
DA:21,67
DA:25,0
DA:31,17
DA:33,17
DA:34,17
DA:38,0
DA:43,0
DA:46,0
LF:13
LH:9
BRDA:8,0,0,0
BRDA:18,1,0,67
BRDA:18,1,1,0
BRDA:31,2,0,17
BRDA:31,2,1,0
BRF:5
BRH:2
end_of_record
TN:
SF:/Users/andrew/Workspace/webapp/src/experimental/services/expression/model/elements/ScopeNode.js
FN:5,(anonymous_0)
FNF:1
FNH:1
FNDA:10,(anonymous_0)
DA:7,10
LF:1
LH:1
BRF:0
BRH:0
end_of_record
TN:
SF:/Users/andrew/Workspace/webapp/src/experimental/services/expression/model/elements/TerminalNode.js
FN:5,(anonymous_0)
FNF:1
FNH:1
FNDA:42,(anonymous_0)
DA:7,42
LF:1
LH:1
BRF:0
BRH:0
end_of_record
TN:
SF:/Users/andrew/Workspace/webapp/src/experimental/services/expression/model/elements/UnaryOpNode.js
FN:5,(anonymous_0)
FNF:1
FNH:1
FNDA:21,(anonymous_0)
DA:7,21
LF:1
LH:1
BRF:0
BRH:0
end_of_record
TN:
SF:/Users/andrew/Workspace/webapp/src/modules/fa/machine/FSA.js
FN:11,(anonymous_0)
FN:19,(anonymous_1)
FN:28,(anonymous_2)
FN:30,(anonymous_3)
FN:31,(anonymous_4)
FN:33,(anonymous_5)
FN:41,(anonymous_6)
FN:48,(anonymous_7)
FN:57,(anonymous_8)
FN:58,(anonymous_9)
FN:60,(anonymous_10)
FN:61,(anonymous_11)
FN:62,(anonymous_12)
FN:64,(anonymous_13)
FN:72,(anonymous_14)
FN:95,(anonymous_15)
FN:150,(anonymous_16)
FN:162,(anonymous_17)
FN:163,(anonymous_18)
FN:165,(anonymous_19)
FN:226,(anonymous_20)
FN:227,(anonymous_21)
FN:229,(anonymous_22)
FN:234,(anonymous_23)
FN:245,(anonymous_24)
FN:269,(anonymous_25)
FN:281,(anonymous_26)
FN:293,(anonymous_27)
FN:298,(anonymous_28)
FN:300,(anonymous_29)
FN:302,(anonymous_30)
FN:304,(anonymous_31)
FN:334,(anonymous_32)
FN:375,(anonymous_33)
FN:386,(anonymous_34)
FN:393,(anonymous_35)
FN:395,(anonymous_36)
FN:404,(anonymous_37)
FN:433,(anonymous_38)
FN:464,(anonymous_39)
FN:505,(anonymous_40)
FN:531,(anonymous_41)
FN:536,(anonymous_42)
FN:541,(anonymous_43)
FN:546,(anonymous_44)
FN:551,(anonymous_45)
FN:556,(anonymous_46)
FN:561,(anonymous_47)
FN:566,(anonymous_48)
FN:576,(anonymous_49)
FN:577,(anonymous_50)
FN:579,(anonymous_51)
FN:601,(anonymous_52)
FN:602,(anonymous_53)
FN:604,(anonymous_54)
FN:630,(anonymous_55)
FN:658,(anonymous_56)
FN:681,(anonymous_57)
FN:703,(anonymous_58)
FNF:59
FNH:43
FNDA:858,(anonymous_0)
FNDA:102,(anonymous_1)
FNDA:1757,(anonymous_2)
FNDA:14935,(anonymous_3)
FNDA:0,(anonymous_4)
FNDA:0,(anonymous_5)
FNDA:1180,(anonymous_6)
FNDA:218,(anonymous_7)
FNDA:377,(anonymous_8)
FNDA:5325,(anonymous_9)
FNDA:119,(anonymous_10)
FNDA:3081,(anonymous_11)
FNDA:2981,(anonymous_12)
FNDA:0,(anonymous_13)
FNDA:192,(anonymous_14)
FNDA:15,(anonymous_15)
FNDA:37,(anonymous_16)
FNDA:9,(anonymous_17)
FNDA:87,(anonymous_18)
FNDA:24,(anonymous_19)
FNDA:23,(anonymous_20)
FNDA:0,(anonymous_21)
FNDA:653,(anonymous_22)
FNDA:756,(anonymous_23)
FNDA:0,(anonymous_24)
FNDA:129,(anonymous_25)
FNDA:4,(anonymous_26)
FNDA:2,(anonymous_27)
FNDA:2164,(anonymous_28)
FNDA:389,(anonymous_29)
FNDA:2,(anonymous_30)
FNDA:1082,(anonymous_31)
FNDA:0,(anonymous_32)
FNDA:9,(anonymous_33)
FNDA:0,(anonymous_34)
FNDA:133,(anonymous_35)
FNDA:1081,(anonymous_36)
FNDA:0,(anonymous_37)
FNDA:0,(anonymous_38)
FNDA:0,(anonymous_39)
FNDA:0,(anonymous_40)
FNDA:0,(anonymous_41)
FNDA:0,(anonymous_42)
FNDA:0,(anonymous_43)
FNDA:30,(anonymous_44)
FNDA:0,(anonymous_45)
FNDA:254,(anonymous_46)
FNDA:14,(anonymous_47)
FNDA:116,(anonymous_48)
FNDA:102,(anonymous_49)
FNDA:177,(anonymous_50)
FNDA:307,(anonymous_51)
FNDA:586,(anonymous_52)
FNDA:106,(anonymous_53)
FNDA:260,(anonymous_54)
FNDA:2118,(anonymous_55)
FNDA:1450,(anonymous_56)
FNDA:1881,(anonymous_57)
FNDA:0,(anonymous_58)
DA:4,20
DA:5,20
DA:7,20
DA:13,858
DA:15,858
DA:16,858
DA:21,102
DA:22,102
DA:23,102
DA:24,102
DA:25,102
DA:28,1757
DA:30,14935
DA:31,0
DA:35,0
DA:43,1180
DA:44,1180
DA:45,1180
DA:50,218
DA:51,218
DA:52,218
DA:53,218
DA:54,218
DA:57,377
DA:58,5325
DA:60,119
DA:61,3081
DA:62,2981
DA:66,0
DA:75,192
DA:77,192
DA:79,192
DA:80,192
DA:81,192
DA:82,192
DA:84,192
DA:85,192
DA:98,15
DA:101,14
DA:104,14
DA:106,102
DA:107,102
DA:110,102
DA:112,10
DA:115,102
DA:117,49
DA:121,14
DA:123,17
DA:126,14
DA:128,218
DA:129,218
DA:130,218
DA:131,218
DA:134,14
DA:136,0
DA:140,14
DA:143,14
DA:146,0
DA:152,37
DA:153,37
DA:154,37
DA:155,37
DA:156,37
DA:157,37
DA:159,37
DA:162,9
DA:163,87
DA:168,24
DA:170,24
DA:172,14
DA:173,14
DA:175,25
DA:178,14
DA:181,42
DA:182,42
DA:184,87
DA:188,87
DA:190,87
DA:195,0
DA:196,0
DA:201,42
DA:203,87
DA:206,0
DA:207,0
DA:211,87
DA:216,14
DA:217,14
DA:222,10
DA:223,10
DA:226,23
DA:227,0
DA:231,653
DA:236,756
DA:237,756
DA:239,756
DA:241,756
DA:242,756
DA:247,0
DA:248,0
DA:249,0
DA:252,0
DA:254,0
DA:257,0
DA:262,0
DA:266,0
DA:271,129
DA:273,669
DA:275,129
DA:278,0
DA:283,4
DA:285,6
DA:287,4
DA:290,4
DA:295,2
DA:298,2164
DA:300,389
DA:302,2
DA:306,1082
DA:307,1082
DA:308,1082
DA:310,1082
DA:311,1082
DA:313,120
DA:314,120
DA:316,119
DA:321,1
DA:326,962
DA:330,1081
DA:331,1081
DA:336,0
DA:337,0
DA:339,0
DA:340,0
DA:343,0
DA:345,0
DA:346,0
DA:349,0
DA:351,0
DA:352,0
DA:353,0
DA:357,0
DA:364,0
DA:366,0
DA:370,0
DA:371,0
DA:377,9
DA:378,9
DA:380,5
DA:383,5
DA:388,0
DA:389,0
DA:390,0
DA:393,133
DA:398,1081
DA:400,791
DA:401,791
DA:406,0
DA:409,0
DA:411,0
DA:413,0
DA:415,0
DA:418,0
DA:423,0
DA:429,0
DA:435,0
DA:436,0
DA:437,0
DA:439,0
DA:441,0
DA:442,0
DA:445,0
DA:447,0
DA:452,0
DA:453,0
DA:454,0
DA:457,0
DA:459,0
DA:460,0
DA:466,0
DA:467,0
DA:469,0
DA:470,0
DA:473,0
DA:475,0
DA:478,0
DA:480,0
DA:486,0
DA:488,0
DA:492,0
DA:494,0
DA:496,0
DA:500,0
DA:507,0
DA:509,0
DA:511,0
DA:513,0
DA:516,0
DA:521,0
DA:523,0
DA:526,0
DA:533,0
DA:538,0
DA:543,0
DA:548,30
DA:553,0
DA:558,254
DA:563,14
DA:568,116
DA:569,116
DA:572,0
DA:574,116
DA:576,102
DA:577,177
DA:582,307
DA:585,258
DA:587,0
DA:590,258
DA:596,49
DA:598,49
DA:601,586
DA:602,106
DA:606,260
DA:607,260
DA:608,260
DA:610,260
DA:612,260
DA:613,260
DA:615,1172
DA:617,328
DA:618,328
DA:620,260
DA:623,260
DA:627,0
DA:632,2118
DA:633,2118
DA:635,2118
DA:637,2118
DA:638,2118
DA:640,10046
DA:642,2628
DA:643,2628
DA:645,1409
DA:646,1409
DA:647,1409
DA:649,1761
DA:655,2118
DA:660,1450
DA:662,1449
DA:663,1449
DA:665,1815
DA:666,1815
DA:668,3178
DA:670,366
DA:671,366
DA:673,366
DA:678,1449
DA:683,1881
DA:684,1877
DA:686,1877
DA:687,1877
DA:689,8957
DA:691,2538
DA:692,2538
DA:693,2538
DA:695,3279
DA:700,1877
DA:705,0
DA:706,0
DA:708,0
DA:710,0
DA:711,0
DA:713,0
DA:715,0
DA:716,0
DA:718,0
DA:720,0
DA:721,0
DA:722,0
DA:723,0
DA:724,0
LF:280
LH:177
BRDA:11,0,0,102
BRDA:11,1,0,858
BRDA:16,2,0,0
BRDA:16,2,1,858
BRDA:16,3,0,858
BRDA:16,3,1,0
BRDA:41,4,0,218
BRDA:72,5,0,3
BRDA:98,6,0,1
BRDA:98,6,1,14
BRDA:110,7,0,10
BRDA:110,7,1,92
BRDA:115,8,0,49
BRDA:115,8,1,53
BRDA:170,9,0,14
BRDA:170,9,1,10
BRDA:188,10,0,87
BRDA:188,10,1,0
BRDA:203,11,0,0
BRDA:203,11,1,87
BRDA:229,12,0,0
BRDA:237,13,0,0
BRDA:237,13,1,756
BRDA:239,14,0,171
BRDA:239,14,1,585
BRDA:248,15,0,0
BRDA:248,15,1,0
BRDA:252,16,0,0
BRDA:252,16,1,0
BRDA:254,17,0,0
BRDA:254,17,1,0
BRDA:273,18,0,129
BRDA:273,18,1,540
BRDA:281,19,0,4
BRDA:285,20,0,4
BRDA:285,20,1,2
BRDA:306,21,0,0
BRDA:306,21,1,1082
BRDA:307,22,0,0
BRDA:307,22,1,1082
BRDA:308,23,0,0
BRDA:308,23,1,1082
BRDA:311,24,0,120
BRDA:311,24,1,962
BRDA:314,25,0,119
BRDA:314,25,1,1
BRDA:334,26,0,0
BRDA:337,27,0,0
BRDA:337,27,1,0
BRDA:343,28,0,0
BRDA:343,28,1,0
BRDA:346,29,0,0
BRDA:346,29,1,0
BRDA:352,30,0,0
BRDA:352,30,1,0
BRDA:375,31,0,0
BRDA:378,32,0,4
BRDA:378,32,1,5
BRDA:380,33,0,0
BRDA:380,33,1,5
BRDA:389,34,0,0
BRDA:389,34,1,0
BRDA:398,35,0,290
BRDA:398,35,1,791
BRDA:400,36,0,791
BRDA:400,36,1,299
BRDA:406,37,0,0
BRDA:406,37,1,0
BRDA:409,38,0,0
BRDA:409,38,1,0
BRDA:413,39,0,0
BRDA:413,39,1,0
BRDA:415,40,0,0
BRDA:415,40,1,0
BRDA:435,41,0,0
BRDA:435,41,1,0
BRDA:436,42,0,0
BRDA:436,42,1,0
BRDA:437,43,0,0
BRDA:437,43,1,0
BRDA:445,44,0,0
BRDA:445,44,1,0
BRDA:457,45,0,0
BRDA:457,45,1,0
BRDA:473,46,0,0
BRDA:473,46,1,0
BRDA:478,47,0,0
BRDA:478,47,1,0
BRDA:492,48,0,0
BRDA:492,48,1,0
BRDA:494,49,0,0
BRDA:494,49,1,0
BRDA:505,50,0,0
BRDA:507,51,0,0
BRDA:507,51,1,0
BRDA:509,52,0,0
BRDA:509,52,1,0
BRDA:511,53,0,0
BRDA:511,53,1,0
BRDA:516,54,0,0
BRDA:516,54,1,0
BRDA:521,55,0,0
BRDA:521,55,1,0
BRDA:526,56,0,0
BRDA:526,56,1,0
BRDA:526,57,0,0
BRDA:526,57,1,0
BRDA:548,58,0,30
BRDA:548,58,1,30
BRDA:569,59,0,0
BRDA:569,59,1,116
BRDA:579,60,0,204
BRDA:582,61,0,258
BRDA:582,61,1,49
BRDA:585,62,0,0
BRDA:585,62,1,258
BRDA:596,63,0,0
BRDA:596,63,1,49
BRDA:604,64,0,230
BRDA:604,65,0,230
BRDA:606,66,0,0
BRDA:606,66,1,260
BRDA:607,67,0,0
BRDA:607,67,1,260
BRDA:608,68,0,0
BRDA:608,68,1,260
BRDA:610,69,0,0
BRDA:610,69,1,260
BRDA:615,70,0,328
BRDA:615,70,1,844
BRDA:618,71,0,260
BRDA:618,71,1,68
BRDA:623,72,0,260
BRDA:623,72,1,0
BRDA:623,73,0,260
BRDA:623,73,1,260
BRDA:630,74,0,1412
BRDA:632,75,0,0
BRDA:632,75,1,2118
BRDA:633,76,0,0
BRDA:633,76,1,2118
BRDA:635,77,0,0
BRDA:635,77,1,2118
BRDA:640,78,0,2628
BRDA:640,78,1,7418
BRDA:643,79,0,1409
BRDA:643,79,1,1219
BRDA:649,80,0,1759
BRDA:649,80,1,2
BRDA:658,81,0,1450
BRDA:660,82,0,1
BRDA:660,82,1,1449
BRDA:668,83,0,366
BRDA:668,83,1,2812
BRDA:671,84,0,366
BRDA:671,84,1,0
BRDA:681,85,0,1881
BRDA:683,86,0,4
BRDA:683,86,1,1877
BRDA:684,87,0,0
BRDA:684,87,1,1877
BRDA:689,88,0,2538
BRDA:689,88,1,6419
BRDA:721,89,0,0
BRDA:721,89,1,0
BRDA:723,90,0,0
BRDA:723,90,1,0
BRF:167
BRH:81
end_of_record
TN:
SF:/Users/andrew/Workspace/webapp/src/modules/fa/machine/FSAUtils.js
FNF:0
FNH:0
LF:0
LH:0
BRF:0
BRH:0
end_of_record
TN:
SF:/Users/andrew/Workspace/webapp/src/modules/fa/machine/util/ConvertFSA.js
FN:3,convertToNFA
FN:15,convertToDFA
FN:94,expandNFAStatesToDFA
FN:125,getNFAStateKeyFromNFAStates
FN:142,getDFATransitionKeyFromDFAStateAndSymbol
FN:147,getDFAStateFromNFAStates
FN:188,getPowerSetOfStates
FNF:7
FNH:6
FNDA:0,convertToNFA
FNDA:9,convertToDFA
FNDA:94,expandNFAStatesToDFA
FNDA:250,getNFAStateKeyFromNFAStates
FNDA:414,getDFATransitionKeyFromDFAStateAndSymbol
FNDA:250,getDFAStateFromNFAStates
FNDA:9,getPowerSetOfStates
DA:5,0
DA:7,0
DA:8,0
DA:11,0
DA:12,0
DA:17,9
DA:19,0
DA:20,0
DA:23,9
DA:25,9
DA:27,9
DA:42,9
DA:43,9
DA:44,9
DA:47,9
DA:48,9
DA:51,103
DA:53,94
DA:58,9
DA:60,103
DA:63,276
DA:64,276
DA:66,138
DA:72,9
DA:74,9
DA:76,103
DA:80,9
DA:82,9
DA:84,50
DA:87,9
DA:89,276
DA:91,9
DA:96,94
DA:97,94
DA:99,94
DA:101,94
DA:104,260
DA:106,706
DA:110,260
DA:112,138
DA:116,138
DA:117,138
DA:121,260
DA:127,250
DA:128,250
DA:130,1217
DA:132,462
DA:136,755
DA:139,250
DA:144,414
DA:149,250
DA:150,250
DA:153,250
DA:155,103
DA:157,103
DA:158,103
DA:160,245
DA:162,151
DA:164,245
DA:167,245
DA:169,244
DA:172,103
DA:175,103
DA:176,103
DA:179,103
DA:181,50
DA:185,250
DA:190,9
DA:192,9
DA:194,21
DA:196,94
DA:199,9
LF:72
LH:65
BRDA:3,0,0,0
BRDA:5,1,0,0
BRDA:5,1,1,0
BRDA:15,2,0,4
BRDA:17,3,0,0
BRDA:17,3,1,9
BRDA:51,4,0,94
BRDA:51,4,1,9
BRDA:64,5,0,138
BRDA:64,5,1,138
BRDA:110,6,0,138
BRDA:110,6,1,122
BRDA:130,7,0,462
BRDA:130,7,1,755
BRDA:153,8,0,103
BRDA:153,8,1,147
BRDA:160,9,0,151
BRDA:160,9,1,94
BRDA:167,10,0,244
BRDA:167,10,1,1
BRDA:179,11,0,50
BRDA:179,11,1,53
BRF:22
BRH:18
end_of_record
TN:
SF:/Users/andrew/Workspace/webapp/src/modules/fa/machine/util/EqualFSA.js
FN:13,isEquivalentFSA
FN:20,isEquivalentFSAWithWitness
FN:34,isEquivalentDFA
FN:84,intersectionOfComplement
FN:95,isLanguageNotEmpty
FN:130,haveTheSameUsedAlphabet
FNF:6
FNH:5
FNDA:0,isEquivalentFSA
FNDA:6,isEquivalentFSAWithWitness
FNDA:7,isEquivalentDFA
FNDA:13,intersectionOfComplement
FNDA:12,isLanguageNotEmpty
FNDA:13,haveTheSameUsedAlphabet
DA:15,0
DA:16,0
DA:17,0
DA:22,6
DA:23,6
DA:24,6
DA:37,7
DA:38,7
DA:41,1
DA:46,6
DA:47,6
DA:50,0
DA:55,6
DA:56,6
DA:59,0
DA:64,6
DA:65,6
DA:68,0
DA:75,6
DA:87,13
DA:88,13
DA:89,1
DA:91,12
DA:92,12
DA:100,12
DA:101,12
DA:102,12
DA:103,12
DA:105,12
DA:107,24
DA:108,24
DA:109,24
DA:111,24
DA:113,0
DA:115,24
DA:117,14
DA:118,14
DA:120,12
DA:121,12
DA:122,12
DA:126,12
DA:132,13
DA:133,13
DA:134,13
DA:136,15
DA:138,15
DA:141,13
DA:143,15
DA:145,15
DA:148,13
DA:149,0
DA:150,13
DA:152,15
DA:153,1
DA:155,12
LF:55
LH:47
BRDA:15,0,0,0
BRDA:15,0,1,0
BRDA:16,1,0,0
BRDA:16,1,1,0
BRDA:22,2,0,5
BRDA:22,2,1,1
BRDA:23,3,0,3
BRDA:23,3,1,3
BRDA:38,4,0,1
BRDA:38,4,1,6
BRDA:47,5,0,0
BRDA:47,5,1,6
BRDA:56,6,0,0
BRDA:56,6,1,6
BRDA:65,7,0,0
BRDA:65,7,1,6
BRDA:88,8,0,1
BRDA:88,8,1,12
BRDA:111,9,0,0
BRDA:111,9,1,24
BRDA:118,10,0,12
BRDA:118,10,1,2
BRDA:118,11,0,14
BRDA:118,11,1,14
BRDA:136,12,0,15
BRDA:136,12,1,0
BRDA:143,13,0,15
BRDA:143,13,1,0
BRDA:148,14,0,0
BRDA:148,14,1,13
BRDA:152,15,0,1
BRDA:152,15,1,14
BRF:32
BRH:21
end_of_record
TN:
SF:/Users/andrew/Workspace/webapp/src/modules/fa/machine/util/IntersectFSA.js
FN:5,intersectFSA
FN:10,intersectDFA
FN:139,checkSameAlphabet
FNF:3
FNH:2
FNDA:0,intersectFSA
FNDA:15,intersectDFA
FNDA:15,checkSameAlphabet
DA:7,0
DA:12,15
DA:13,1
DA:15,14
DA:16,14
DA:17,14
DA:19,14
DA:21,5
DA:22,5
DA:24,9
DA:26,0
DA:28,9
DA:30,0
DA:33,9
DA:34,9
DA:35,9
DA:38,9
DA:39,9
DA:40,9
DA:42,0
DA:44,9
DA:47,9
DA:48,9
DA:49,9
DA:51,21
DA:52,21
DA:53,21
DA:54,21
DA:56,21
DA:57,21
DA:62,15
DA:63,15
DA:65,0
DA:68,15
DA:69,15
DA:71,15
DA:72,15
DA:74,0
DA:77,15
DA:78,15
DA:81,15
DA:82,15
DA:84,12
DA:85,12
DA:88,12
DA:90,0
DA:95,15
DA:103,9
DA:106,9
DA:107,9
DA:109,21
DA:110,21
DA:112,0
DA:114,21
DA:118,9
DA:119,9
DA:120,9
DA:123,9
DA:125,15
DA:126,15
DA:127,15
DA:129,15
DA:130,15
DA:131,15
DA:133,15
DA:136,9
DA:141,15
DA:142,16
DA:144,15
DA:146,16
DA:148,1
DA:152,15
DA:156,14
LF:73
LH:65
BRDA:5,0,0,0
BRDA:10,1,0,15
BRDA:12,2,0,1
BRDA:12,2,1,14
BRDA:19,3,0,5
BRDA:19,3,1,9
BRDA:19,4,0,14
BRDA:19,4,1,5
BRDA:24,5,0,0
BRDA:24,5,1,9
BRDA:28,6,0,0
BRDA:28,6,1,9
BRDA:40,7,0,0
BRDA:40,7,1,9
BRDA:40,8,0,9
BRDA:40,8,1,2
BRDA:63,9,0,0
BRDA:63,9,1,15
BRDA:72,10,0,0
BRDA:72,10,1,15
BRDA:82,11,0,12
BRDA:82,11,1,3
BRDA:88,12,0,0
BRDA:88,12,1,12
BRDA:88,13,0,12
BRDA:88,13,1,6
BRDA:110,14,0,0
BRDA:110,14,1,21
BRDA:119,15,0,0
BRDA:119,15,1,9
BRDA:131,16,0,0
BRDA:131,16,1,15
BRDA:131,17,0,15
BRDA:131,17,1,15
BRDA:146,18,0,1
BRDA:146,18,1,15
BRF:36
BRH:26
end_of_record
TN:
SF:/Users/andrew/Workspace/webapp/src/modules/fa/machine/util/InvertDFA.js
FN:3,invertDFA
FNF:1
FNH:1
FNDA:15,invertDFA
DA:5,15
DA:7,15
DA:8,15
DA:10,102
DA:12,49
DA:16,53
DA:20,15
LF:7
LH:7
BRDA:3,0,0,14
BRDA:10,1,0,49
BRDA:10,1,1,53
BRF:3
BRH:3
end_of_record
TN:
SF:/Users/andrew/Workspace/webapp/src/modules/fa/machine/util/SolveFSA.js
FN:3,solveFSA
FN:67,solveFSAByStep
FNF:2
FNH:2
FNDA:62,solveFSA
FNDA:201,solveFSAByStep
DA:1,19
DA:5,62
DA:7,62
DA:10,32
DA:11,32
DA:14,32
DA:16,228
DA:17,228
DA:19,228
DA:21,32
DA:26,30
DA:27,30
DA:30,30
DA:32,30
DA:34,30
DA:36,43
DA:40,30
DA:43,30
DA:44,30
DA:46,197
DA:47,197
DA:49,23
DA:53,174
DA:54,174
DA:56,0
DA:60,7
DA:70,201
DA:71,201
DA:72,201
DA:74,201
DA:76,171
DA:79,201
DA:81,1463
DA:82,1463
DA:84,1463
DA:87,1412
DA:88,1412
DA:90,1551
DA:95,51
DA:99,1439
DA:101,177
DA:102,177
DA:103,177
LF:43
LH:42
BRDA:5,0,0,62
BRDA:5,0,1,0
BRDA:7,1,0,32
BRDA:7,1,1,30
BRDA:17,2,0,0
BRDA:17,2,1,228
BRDA:47,3,0,23
BRDA:47,3,1,174
BRDA:54,4,0,0
BRDA:54,4,1,174
BRDA:74,5,0,171
BRDA:74,5,1,30
BRDA:82,6,0,1412
BRDA:82,6,1,51
BRDA:84,7,0,1412
BRDA:84,7,1,51
BRDA:95,8,0,24
BRDA:95,8,1,27
BRF:18
BRH:15
end_of_record
TN:
SF:/Users/andrew/Workspace/webapp/src/modules/tree/machine/BST.js
FN:6,(anonymous_0)
FN:16,(anonymous_1)
FN:31,recursiveInsert
FN:65,(anonymous_3)
FN:70,(anonymous_4)
FN:79,recursiveFind
FN:98,(anonymous_6)
FN:108,recursiveDelete
FN:215,(anonymous_8)
FN:221,recursiveIsValidBST
FN:256,(anonymous_10)
FN:261,recursiveInOrder
FN:285,(anonymous_12)
FN:290,recursivePreOrder
FN:314,(anonymous_14)
FN:320,recursivePostOrder
FN:344,(anonymous_16)
FNF:17
FNH:15
FNDA:47,(anonymous_0)
FNDA:214,(anonymous_1)
FNDA:356,recursiveInsert
FNDA:218,(anonymous_3)
FNDA:0,(anonymous_4)
FNDA:0,recursiveFind
FNDA:4,(anonymous_6)
FNDA:10,recursiveDelete
FNDA:7,(anonymous_8)
FNDA:17,recursiveIsValidBST
FNDA:7,(anonymous_10)
FNDA:24,recursiveInOrder
FNDA:6,(anonymous_12)
FNDA:22,recursivePreOrder
FNDA:6,(anonymous_14)
FNDA:22,recursivePostOrder
FNDA:6,(anonymous_16)
DA:8,47
DA:9,47
DA:10,47
DA:11,47
DA:12,47
DA:13,47
DA:14,47
DA:18,214
DA:21,1
DA:22,1
DA:25,213
DA:27,37
DA:28,37
DA:30,176
DA:33,356
DA:36,0
DA:37,0
DA:40,356
DA:42,205
DA:44,93
DA:45,93
DA:46,93
DA:48,112
DA:52,151
DA:54,83
DA:55,83
DA:56,83
DA:58,68
DA:61,176
DA:62,176
DA:67,218
DA:72,0
DA:75,0
DA:76,0
DA:78,0
DA:81,0
DA:83,0
DA:85,0
DA:87,0
DA:89,0
DA:91,0
DA:93,0
DA:95,0
DA:100,4
DA:103,0
DA:104,0
DA:106,4
DA:107,4
DA:110,10
DA:112,0
DA:115,10
DA:118,5
DA:120,3
DA:122,1
DA:123,1
DA:126,2
DA:128,2
DA:132,0
DA:134,2
DA:138,2
DA:140,1
DA:141,1
DA:142,1
DA:144,1
DA:146,1
DA:152,1
DA:153,1
DA:159,1
DA:161,0
DA:163,0
DA:164,0
DA:168,0
DA:169,0
DA:174,1
DA:176,0
DA:177,0
DA:181,1
DA:182,1
DA:185,1
DA:188,5
DA:190,2
DA:192,2
DA:196,0
DA:201,3
DA:203,3
DA:207,0
DA:212,4
DA:217,7
DA:219,7
DA:223,17
DA:224,17
DA:225,17
DA:227,7
DA:228,7
DA:229,7
DA:231,5
DA:235,2
DA:238,15
DA:240,5
DA:241,5
DA:242,5
DA:244,5
DA:248,0
DA:251,15
DA:253,7
DA:258,7
DA:259,7
DA:263,24
DA:265,0
DA:267,24
DA:269,8
DA:271,24
DA:273,7
DA:275,24
DA:276,24
DA:278,9
DA:281,7
DA:282,7
DA:287,6
DA:288,6
DA:292,22
DA:294,0
DA:296,22
DA:298,7
DA:300,22
DA:301,22
DA:303,8
DA:305,22
DA:307,8
DA:310,6
DA:311,6
DA:316,6
DA:317,6
DA:322,22
DA:324,0
DA:326,22
DA:328,8
DA:330,22
DA:332,8
DA:334,22
DA:336,7
DA:338,22
DA:340,6
DA:341,6
DA:346,6
DA:347,6
DA:349,6
DA:351,0
DA:352,0
DA:355,6
DA:356,6
DA:358,6
DA:360,36
DA:361,36
DA:363,36
DA:365,30
DA:368,36
DA:370,12
DA:373,36
DA:375,18
DA:379,6
LF:161
LH:128
BRDA:18,0,0,1
BRDA:18,0,1,213
BRDA:25,1,0,37
BRDA:25,1,1,176
BRDA:33,2,0,0
BRDA:33,2,1,356
BRDA:40,3,0,205
BRDA:40,3,1,151
BRDA:42,4,0,93
BRDA:42,4,1,112
BRDA:52,5,0,83
BRDA:52,5,1,68
BRDA:72,6,0,0
BRDA:72,6,1,0
BRDA:81,7,0,0
BRDA:81,7,1,0
BRDA:85,8,0,0
BRDA:85,8,1,0
BRDA:89,9,0,0
BRDA:89,9,1,0
BRDA:100,10,0,0
BRDA:100,10,1,4
BRDA:110,11,0,0
BRDA:110,11,1,10
BRDA:115,12,0,5
BRDA:115,12,1,5
BRDA:118,13,0,3
BRDA:118,13,1,2
BRDA:118,14,0,5
BRDA:118,14,1,4
BRDA:120,15,0,1
BRDA:120,15,1,2
BRDA:126,16,0,2
BRDA:126,16,1,0
BRDA:138,17,0,1
BRDA:138,17,1,1
BRDA:138,18,0,2
BRDA:138,18,1,1
BRDA:159,19,0,0
BRDA:159,19,1,1
BRDA:161,20,0,0
BRDA:161,20,1,0
BRDA:174,21,0,0
BRDA:174,21,1,1
BRDA:188,22,0,2
BRDA:188,22,1,3
BRDA:190,23,0,2
BRDA:190,23,1,0
BRDA:201,24,0,3
BRDA:201,24,1,0
BRDA:225,25,0,7
BRDA:225,25,1,10
BRDA:229,26,0,5
BRDA:229,26,1,2
BRDA:238,27,0,5
BRDA:238,27,1,10
BRDA:242,28,0,5
BRDA:242,28,1,0
BRDA:263,29,0,0
BRDA:263,29,1,24
BRDA:267,30,0,8
BRDA:267,30,1,16
BRDA:271,31,0,7
BRDA:271,31,1,17
BRDA:276,32,0,9
BRDA:276,32,1,15
BRDA:292,33,0,0
BRDA:292,33,1,22
BRDA:296,34,0,7
BRDA:296,34,1,15
BRDA:301,35,0,8
BRDA:301,35,1,14
BRDA:305,36,0,8
BRDA:305,36,1,14
BRDA:322,37,0,0
BRDA:322,37,1,22
BRDA:326,38,0,8
BRDA:326,38,1,14
BRDA:330,39,0,8
BRDA:330,39,1,14
BRDA:334,40,0,7
BRDA:334,40,1,15
BRDA:349,41,0,0
BRDA:349,41,1,6
BRDA:363,42,0,30
BRDA:363,42,1,6
BRDA:368,43,0,12
BRDA:368,43,1,24
BRDA:373,44,0,18
BRDA:373,44,1,18
BRF:90
BRH:67
end_of_record
TN:
SF:/Users/andrew/Workspace/webapp/src/modules/tree/machine/BSTNode.js
FN:3,(anonymous_0)
FN:13,(anonymous_1)
FN:18,(anonymous_2)
FN:32,(anonymous_3)
FN:75,(anonymous_4)
FN:121,(anonymous_5)
FN:135,(anonymous_6)
FNF:7
FNH:7
FNDA:238,(anonymous_0)
FNDA:78,(anonymous_1)
FNDA:10,(anonymous_2)
FNDA:13,(anonymous_3)
FNDA:13,(anonymous_4)
FNDA:2,(anonymous_5)
FNDA:2,(anonymous_6)
DA:5,238
DA:6,238
DA:7,238
DA:8,238
DA:9,238
DA:15,78
DA:20,10
DA:22,10
DA:25,0
DA:34,13
DA:35,13
DA:37,13
DA:39,5
DA:41,5
DA:43,3
DA:46,5
DA:51,8
DA:53,0
DA:54,0
DA:56,8
DA:57,8
DA:59,13
DA:61,6
DA:63,7
DA:64,7
DA:66,2
DA:67,2
DA:77,13
DA:78,13
DA:80,13
DA:82,6
DA:84,6
DA:86,3
DA:89,6
DA:94,7
DA:96,0
DA:97,0
DA:99,7
DA:100,7
DA:102,14
DA:104,5
DA:106,9
DA:107,9
DA:109,2
DA:110,2
DA:123,2
DA:137,2
DA:139,0
DA:144,2
LF:49
LH:43
BRDA:20,0,0,10
BRDA:20,0,1,0
BRDA:37,1,0,5
BRDA:37,1,1,8
BRDA:51,2,0,0
BRDA:51,2,1,8
BRDA:59,3,0,6
BRDA:59,3,1,7
BRDA:59,4,0,13
BRDA:59,4,1,11
BRDA:80,5,0,6
BRDA:80,5,1,7
BRDA:94,6,0,0
BRDA:94,6,1,7
BRDA:102,7,0,5
BRDA:102,7,1,9
BRDA:102,8,0,14
BRDA:102,8,1,11
BRDA:137,9,0,0
BRDA:137,9,1,2
BRF:20
BRH:16
end_of_record
TN:
SF:/Users/andrew/Workspace/webapp/src/modules/tree/machine/Tree.js
FN:3,(anonymous_0)
FN:12,(anonymous_1)
FN:15,(anonymous_2)
FN:18,(anonymous_3)
FN:21,(anonymous_4)
FN:24,(anonymous_5)
FN:27,(anonymous_6)
FN:30,(anonymous_7)
FN:33,(anonymous_8)
FN:36,(anonymous_9)
FN:39,(anonymous_10)
FNF:11
FNH:1
FNDA:47,(anonymous_0)
FNDA:0,(anonymous_1)
FNDA:0,(anonymous_2)
FNDA:0,(anonymous_3)
FNDA:0,(anonymous_4)
FNDA:0,(anonymous_5)
FNDA:0,(anonymous_6)
FNDA:0,(anonymous_7)
FNDA:0,(anonymous_8)
FNDA:0,(anonymous_9)
FNDA:0,(anonymous_10)
DA:5,47
DA:6,47
DA:7,47
DA:8,47
DA:9,47
DA:13,0
DA:16,0
DA:19,0
DA:22,0
DA:25,0
DA:28,0
DA:31,0
DA:34,0
DA:37,0
DA:40,0
LF:15
LH:5
BRF:0
BRH:0
end_of_record
TN:
SF:/Users/andrew/Workspace/webapp/src/util/MathHelper.js
FN:13,uuid
FN:23,guid
FN:25,s4
FN:40,lerp
FN:51,stringHash
FN:61,distance
FN:68,distanceSquared
FN:87,getDirectionalVector
FN:107,getMidPoint
FNF:9
FNH:2
FNDA:0,uuid
FNDA:935,guid
FNDA:7480,s4
FNDA:0,lerp
FNDA:0,stringHash
FNDA:0,distance
FNDA:0,distanceSquared
FNDA:0,getDirectionalVector
FNDA:0,getMidPoint
DA:16,0
DA:27,7480
DA:29,935
DA:42,0
DA:53,0
DA:54,0
DA:56,0
DA:58,0
DA:63,0
DA:64,0
DA:65,0
DA:70,0
DA:71,0
DA:72,0
DA:89,0
DA:90,0
DA:91,0
DA:92,0
DA:93,0
DA:94,0
DA:109,0
DA:110,0
DA:111,0
LF:23
LH:2
BRDA:13,0,0,0
BRDA:16,1,0,0
BRDA:16,1,1,0
BRDA:51,2,0,0
BRDA:87,3,0,0
BRDA:87,4,0,0
BRDA:87,5,0,0
BRDA:107,6,0,0
BRF:8
BRH:0
end_of_record
